#
# There is insufficient memory for the Java Runtime Environment to continue.
# Native memory allocation (malloc) failed to allocate 1248208 bytes for Chunk::new
# Possible reasons:
#   The system is out of physical RAM or swap space
#   The process is running with CompressedOops enabled, and the Java Heap may be blocking the growth of the native heap
# Possible solutions:
#   Reduce memory load on the system
#   Increase physical memory or swap space
#   Check if swap backing store is full
#   Decrease Java heap size (-Xmx/-Xms)
#   Decrease number of Java threads
#   Decrease Java thread stack sizes (-Xss)
#   Set larger code cache with -XX:ReservedCodeCacheSize=
#   JVM is running with Unscaled Compressed Oops mode in which the Java heap is
#     placed in the first 4GB address space. The Java Heap base address is the
#     maximum limit for the native heap growth. Please use -XX:HeapBaseMinAddress
#     to set the Java Heap base and to place the Java Heap above 4GB virtual address.
# This output file may be truncated or incomplete.
#
#  Out of Memory Error (arena.cpp:189), pid=18540, tid=7100
#
# JRE version: OpenJDK Runtime Environment (17.0.7) (build 17.0.7+0-b2043.56-10550314)
# Java VM: OpenJDK 64-Bit Server VM (17.0.7+0-b2043.56-10550314, mixed mode, tiered, compressed oops, compressed class ptrs, g1 gc, windows-amd64)
# No core dump will be written. Minidumps are not enabled by default on client versions of Windows
#

---------------  S U M M A R Y ------------

Command Line: --add-opens=java.base/java.util=ALL-UNNAMED --add-opens=java.base/java.lang=ALL-UNNAMED --add-opens=java.base/java.lang.invoke=ALL-UNNAMED --add-opens=java.prefs/java.util.prefs=ALL-UNNAMED --add-opens=java.base/java.nio.charset=ALL-UNNAMED --add-opens=java.base/java.net=ALL-UNNAMED --add-opens=java.base/java.util.concurrent.atomic=ALL-UNNAMED -Xmx2048m -Dfile.encoding=UTF-8 -Duser.country=US -Duser.language=en -Duser.variant -javaagent:D:\Program Files\Android\Android Studio\.jdks\wrapper\dists\gradle-8.2-bin\bbg7u40eoinfdyxsxr3z4i7ta\gradle-8.2\lib\agents\gradle-instrumentation-agent-8.2.jar org.gradle.launcher.daemon.bootstrap.GradleDaemon 8.2

Host: AMD Ryzen 5 4600H with Radeon Graphics         , 12 cores, 7G,  Windows 10 , 64 bit Build 19041 (10.0.19041.3636)
Time: Fri Apr  5 23:54:18 2024 SE Asia Standard Time elapsed time: 4.676533 seconds (0d 0h 0m 4s)

---------------  T H R E A D  ---------------

Current thread (0x0000015584e57010):  JavaThread "C2 CompilerThread1" daemon [_thread_in_native, id=7100, stack(0x0000003002900000,0x0000003002a00000)]


Current CompileTask:
C2:   4676 3248 %     4       jdk.internal.loader.URLClassPath::getResource @ 39 (74 bytes)

Stack: [0x0000003002900000,0x0000003002a00000]
Native frames: (J=compiled Java code, j=interpreted, Vv=VM code, C=native code)
V  [jvm.dll+0x683bfa]
V  [jvm.dll+0x8430a4]
V  [jvm.dll+0x8449be]
V  [jvm.dll+0x845023]
V  [jvm.dll+0x24ad2f]
V  [jvm.dll+0xac25c]
V  [jvm.dll+0xac82c]
V  [jvm.dll+0x36a187]
V  [jvm.dll+0x1bdf52]
V  [jvm.dll+0x21d3a9]
V  [jvm.dll+0x21c671]
V  [jvm.dll+0x1a605d]
V  [jvm.dll+0x22c148]
V  [jvm.dll+0x22a209]
V  [jvm.dll+0x7f858c]
V  [jvm.dll+0x7f2aea]
V  [jvm.dll+0x682a35]
C  [ucrtbase.dll+0x21bb2]
C  [KERNEL32.DLL+0x17344]
C  [ntdll.dll+0x526b1]


---------------  P R O C E S S  ---------------

Threads class SMR info:
_java_thread_list=0x00000155864c2bb0, length=46, elements={
0x00000155e4992fc0, 0x00000155fedb3620, 0x00000155fec430b0, 0x00000155fec5a6a0,
0x00000155fec5c170, 0x00000155fec5ea40, 0x00000155fec5faa0, 0x00000155fedcd000,
0x00000155fedce0a0, 0x00000155fedd4a60, 0x00000155fef27d00, 0x00000155ff066a50,
0x0000015584e57010, 0x0000015584b8e030, 0x000001558456c380, 0x0000015584e56070,
0x00000155849a0100, 0x0000015585e4c2c0, 0x0000015584f26480, 0x000001558545a270,
0x000001558545b5b0, 0x000001558545a740, 0x000001558545ac10, 0x0000015585459da0,
0x000001558545b0e0, 0x000001558539d490, 0x000001558539c150, 0x00000155853a39a0,
0x000001558539de30, 0x000001558539e300, 0x000001558539e7d0, 0x00000155853a2b30,
0x000001558539caf0, 0x00000155853a04b0, 0x000001558539eca0, 0x00000155853a1320,
0x00000155853a34d0, 0x00000155853a2190, 0x00000155853a2660, 0x000001558539f170,
0x000001558539c620, 0x000001558539cfc0, 0x000001558539d960, 0x000001558539f640,
0x00000155853a17f0, 0x000001558539fb10
}

Java Threads: ( => current thread )
  0x00000155e4992fc0 JavaThread "main" [_thread_blocked, id=20164, stack(0x0000003001200000,0x0000003001300000)]
  0x00000155fedb3620 JavaThread "Reference Handler" daemon [_thread_blocked, id=26708, stack(0x0000003001900000,0x0000003001a00000)]
  0x00000155fec430b0 JavaThread "Finalizer" daemon [_thread_blocked, id=6888, stack(0x0000003001a00000,0x0000003001b00000)]
  0x00000155fec5a6a0 JavaThread "Signal Dispatcher" daemon [_thread_blocked, id=4692, stack(0x0000003001b00000,0x0000003001c00000)]
  0x00000155fec5c170 JavaThread "Attach Listener" daemon [_thread_blocked, id=19944, stack(0x0000003001c00000,0x0000003001d00000)]
  0x00000155fec5ea40 JavaThread "Service Thread" daemon [_thread_blocked, id=14280, stack(0x0000003001d00000,0x0000003001e00000)]
  0x00000155fec5faa0 JavaThread "Monitor Deflation Thread" daemon [_thread_blocked, id=17080, stack(0x0000003001e00000,0x0000003001f00000)]
  0x00000155fedcd000 JavaThread "C2 CompilerThread0" daemon [_thread_in_native, id=23876, stack(0x0000003001f00000,0x0000003002000000)]
  0x00000155fedce0a0 JavaThread "C1 CompilerThread0" daemon [_thread_blocked, id=12328, stack(0x0000003002000000,0x0000003002100000)]
  0x00000155fedd4a60 JavaThread "Sweeper thread" daemon [_thread_blocked, id=15860, stack(0x0000003002100000,0x0000003002200000)]
  0x00000155fef27d00 JavaThread "Common-Cleaner" daemon [_thread_blocked, id=12744, stack(0x0000003002200000,0x0000003002300000)]
  0x00000155ff066a50 JavaThread "Notification Thread" daemon [_thread_blocked, id=26608, stack(0x0000003002300000,0x0000003002400000)]
=>0x0000015584e57010 JavaThread "C2 CompilerThread1" daemon [_thread_in_native, id=7100, stack(0x0000003002900000,0x0000003002a00000)]
  0x0000015584b8e030 JavaThread "Daemon health stats" [_thread_blocked, id=27452, stack(0x0000003002a00000,0x0000003002b00000)]
  0x000001558456c380 JavaThread "Incoming local TCP Connector on port 50641" [_thread_in_native, id=21656, stack(0x0000003002b00000,0x0000003002c00000)]
  0x0000015584e56070 JavaThread "Daemon periodic checks" [_thread_blocked, id=12068, stack(0x0000003002c00000,0x0000003002d00000)]
  0x00000155849a0100 JavaThread "Daemon" [_thread_blocked, id=25136, stack(0x0000003002d00000,0x0000003002e00000)]
  0x0000015585e4c2c0 JavaThread "Handler for socket connection from /127.0.0.1:50641 to /127.0.0.1:50642" [_thread_in_native, id=23648, stack(0x0000003002e00000,0x0000003002f00000)]
  0x0000015584f26480 JavaThread "Cancel handler" [_thread_blocked, id=1836, stack(0x0000003002f00000,0x0000003003000000)]
  0x000001558545a270 JavaThread "Daemon worker" [_thread_in_vm, id=2900, stack(0x0000003003000000,0x0000003003100000)]
  0x000001558545b5b0 JavaThread "Asynchronous log dispatcher for DefaultDaemonConnection: socket connection from /127.0.0.1:50641 to /127.0.0.1:50642" [_thread_blocked, id=11464, stack(0x0000003003100000,0x0000003003200000)]
  0x000001558545a740 JavaThread "Stdin handler" [_thread_blocked, id=16896, stack(0x0000003003200000,0x0000003003300000)]
  0x000001558545ac10 JavaThread "Daemon client event forwarder" [_thread_blocked, id=19092, stack(0x0000003003300000,0x0000003003400000)]
  0x0000015585459da0 JavaThread "Cache worker for journal cache (D:\Program Files\Android\Android Studio\.jdks\caches\journal-1)" [_thread_blocked, id=5584, stack(0x0000003003b00000,0x0000003003c00000)]
  0x000001558545b0e0 JavaThread "File lock request listener" [_thread_in_native, id=4168, stack(0x0000003003c00000,0x0000003003d00000)]
  0x000001558539d490 JavaThread "Cache worker for file hash cache (D:\Program Files\Android\Android Studio\.jdks\caches\8.2\fileHashes)" [_thread_blocked, id=10292, stack(0x0000003003d00000,0x0000003003e00000)]
  0x000001558539c150 JavaThread "File watcher server" daemon [_thread_in_native, id=724, stack(0x0000003003e00000,0x0000003003f00000)]
  0x00000155853a39a0 JavaThread "File watcher consumer" daemon [_thread_blocked, id=25520, stack(0x0000003003f00000,0x0000003004000000)]
  0x000001558539de30 JavaThread "jar transforms" [_thread_blocked, id=13256, stack(0x0000003004000000,0x0000003004100000)]
  0x000001558539e300 JavaThread "jar transforms Thread 2" [_thread_blocked, id=22664, stack(0x0000003004100000,0x0000003004200000)]
  0x000001558539e7d0 JavaThread "jar transforms Thread 3" [_thread_blocked, id=13364, stack(0x0000003004200000,0x0000003004300000)]
  0x00000155853a2b30 JavaThread "jar transforms Thread 4" [_thread_blocked, id=22536, stack(0x0000003004300000,0x0000003004400000)]
  0x000001558539caf0 JavaThread "jar transforms Thread 5" [_thread_blocked, id=18420, stack(0x0000003004400000,0x0000003004500000)]
  0x00000155853a04b0 JavaThread "jar transforms Thread 6" [_thread_blocked, id=21464, stack(0x0000003004500000,0x0000003004600000)]
  0x000001558539eca0 JavaThread "jar transforms Thread 7" [_thread_blocked, id=1512, stack(0x0000003004600000,0x0000003004700000)]
  0x00000155853a1320 JavaThread "jar transforms Thread 8" [_thread_blocked, id=8932, stack(0x0000003004700000,0x0000003004800000)]
  0x00000155853a34d0 JavaThread "jar transforms Thread 9" [_thread_blocked, id=3656, stack(0x0000003004800000,0x0000003004900000)]
  0x00000155853a2190 JavaThread "jar transforms Thread 10" [_thread_blocked, id=15728, stack(0x0000003004900000,0x0000003004a00000)]
  0x00000155853a2660 JavaThread "jar transforms Thread 11" [_thread_blocked, id=20908, stack(0x0000003004a00000,0x0000003004b00000)]
  0x000001558539f170 JavaThread "jar transforms Thread 12" [_thread_blocked, id=14616, stack(0x0000003004b00000,0x0000003004c00000)]
  0x000001558539c620 JavaThread "Cache worker for checksums cache (D:\AndroidStudioProjects\OldBook\.gradle\8.2\checksums)" [_thread_blocked, id=23836, stack(0x0000003004c00000,0x0000003004d00000)]
  0x000001558539cfc0 JavaThread "Cache worker for cache directory md-rule (D:\Program Files\Android\Android Studio\.jdks\caches\8.2\md-rule)" [_thread_blocked, id=12884, stack(0x0000003004d00000,0x0000003004e00000)]
  0x000001558539d960 JavaThread "Cache worker for file content cache (D:\Program Files\Android\Android Studio\.jdks\caches\8.2\fileContent)" [_thread_blocked, id=8, stack(0x0000003004e00000,0x0000003004f00000)]
  0x000001558539f640 JavaThread "Cache worker for file hash cache (D:\AndroidStudioProjects\OldBook\.gradle\8.2\fileHashes)" [_thread_blocked, id=16276, stack(0x0000003004f00000,0x0000003005000000)]
  0x00000155853a17f0 JavaThread "Cache worker for cache directory md-supplier (D:\Program Files\Android\Android Studio\.jdks\caches\8.2\md-supplier)" [_thread_blocked, id=12916, stack(0x0000003005000000,0x0000003005100000)]
  0x000001558539fb10 JavaThread "Cache worker for execution history cache (D:\Program Files\Android\Android Studio\.jdks\caches\8.2\executionHistory)" [_thread_blocked, id=13208, stack(0x0000003005100000,0x0000003005200000)]

Other Threads:
  0x00000155febe37d0 VMThread "VM Thread" [stack: 0x0000003001800000,0x0000003001900000] [id=22064]
  0x00000155ff0650e0 WatcherThread [stack: 0x0000003002400000,0x0000003002500000] [id=27400]
  0x00000155e49ef520 GCTaskThread "GC Thread#0" [stack: 0x0000003001300000,0x0000003001400000] [id=23804]
  0x0000015584102760 GCTaskThread "GC Thread#1" [stack: 0x0000003002500000,0x0000003002600000] [id=19224]
  0x0000015584149270 GCTaskThread "GC Thread#2" [stack: 0x0000003002600000,0x0000003002700000] [id=15120]
  0x0000015584149520 GCTaskThread "GC Thread#3" [stack: 0x0000003002700000,0x0000003002800000] [id=24476]
  0x000001558410bf70 GCTaskThread "GC Thread#4" [stack: 0x0000003002800000,0x0000003002900000] [id=8824]
  0x000001558410d4f0 GCTaskThread "GC Thread#5" [stack: 0x0000003003400000,0x0000003003500000] [id=19384]
  0x000001558410c780 GCTaskThread "GC Thread#6" [stack: 0x0000003003500000,0x0000003003600000] [id=8716]
  0x000001558410ca30 GCTaskThread "GC Thread#7" [stack: 0x0000003003600000,0x0000003003700000] [id=11440]
  0x000001558410ba10 GCTaskThread "GC Thread#8" [stack: 0x0000003003700000,0x0000003003800000] [id=2260]
  0x000001558410cce0 GCTaskThread "GC Thread#9" [stack: 0x0000003003800000,0x0000003003900000] [id=16244]
  0x00000155e4a02380 ConcurrentGCThread "G1 Main Marker" [stack: 0x0000003001400000,0x0000003001500000] [id=18668]
  0x00000155e4a03440 ConcurrentGCThread "G1 Conc#0" [stack: 0x0000003001500000,0x0000003001600000] [id=18448]
  0x000001558410bcc0 ConcurrentGCThread "G1 Conc#1" [stack: 0x0000003003900000,0x0000003003a00000] [id=10432]
  0x000001558410cf90 ConcurrentGCThread "G1 Conc#2" [stack: 0x0000003003a00000,0x0000003003b00000] [id=21920]
  0x00000155e4a5db70 ConcurrentGCThread "G1 Refine#0" [stack: 0x0000003001600000,0x0000003001700000] [id=16704]
  0x00000155e4a5e4a0 ConcurrentGCThread "G1 Service" [stack: 0x0000003001700000,0x0000003001800000] [id=23484]

Threads with active compile tasks:
C2 CompilerThread0     4696 3282       4       java.util.Spliterators$IteratorSpliterator::tryAdvance (77 bytes)
C2 CompilerThread1     4696 3248 %     4       jdk.internal.loader.URLClassPath::getResource @ 39 (74 bytes)

VM state: not at safepoint (normal execution)

VM Mutex/Monitor currently owned by a thread: None

Heap address: 0x0000000080000000, size: 2048 MB, Compressed Oops mode: 32-bit

CDS archive(s) not mapped
Compressed class space mapped at: 0x0000000100000000-0x0000000140000000, reserved size: 1073741824
Narrow klass base: 0x0000000000000000, Narrow klass shift: 3, Narrow klass range: 0x140000000

GC Precious Log:
 CPUs: 12 total, 12 available
 Memory: 7598M
 Large Page Support: Disabled
 NUMA Support: Disabled
 Compressed Oops: Enabled (32-bit)
 Heap Region Size: 1M
 Heap Min Capacity: 8M
 Heap Initial Capacity: 120M
 Heap Max Capacity: 2G
 Pre-touch: Disabled
 Parallel Workers: 10
 Concurrent Workers: 3
 Concurrent Refinement Workers: 10
 Periodic GC: Disabled

Heap:
 garbage-first heap   total 161792K, used 97960K [0x0000000080000000, 0x0000000100000000)
  region size 1024K, 50 young (51200K), 1 survivors (1024K)
 Metaspace       used 40172K, committed 40576K, reserved 1114112K
  class space    used 5453K, committed 5632K, reserved 1048576K

Heap Regions: E=young(eden), S=young(survivor), O=old, HS=humongous(starts), HC=humongous(continues), CS=collection set, F=free, OA=open archive, CA=closed archive, TAMS=top-at-mark-start (previous, next)
|   0|0x0000000080000000, 0x0000000080100000, 0x0000000080100000|100%|HS|  |TAMS 0x0000000080100000, 0x0000000080000000| Complete 
|   1|0x0000000080100000, 0x0000000080200000, 0x0000000080200000|100%|HC|  |TAMS 0x0000000080200000, 0x0000000080100000| Complete 
|   2|0x0000000080200000, 0x0000000080300000, 0x0000000080300000|100%|HC|  |TAMS 0x0000000080300000, 0x0000000080200000| Complete 
|   3|0x0000000080300000, 0x0000000080400000, 0x0000000080400000|100%|HC|  |TAMS 0x0000000080400000, 0x0000000080300000| Complete 
|   4|0x0000000080400000, 0x0000000080500000, 0x0000000080500000|100%| O|  |TAMS 0x0000000080500000, 0x0000000080400000| Untracked 
|   5|0x0000000080500000, 0x0000000080600000, 0x0000000080600000|100%| O|  |TAMS 0x0000000080600000, 0x0000000080500000| Untracked 
|   6|0x0000000080600000, 0x0000000080700000, 0x0000000080700000|100%| O|  |TAMS 0x0000000080700000, 0x0000000080600000| Untracked 
|   7|0x0000000080700000, 0x0000000080800000, 0x0000000080800000|100%| O|  |TAMS 0x0000000080800000, 0x0000000080700000| Untracked 
|   8|0x0000000080800000, 0x0000000080900000, 0x0000000080900000|100%| O|  |TAMS 0x0000000080900000, 0x0000000080800000| Untracked 
|   9|0x0000000080900000, 0x0000000080a00000, 0x0000000080a00000|100%| O|  |TAMS 0x0000000080a00000, 0x0000000080900000| Untracked 
|  10|0x0000000080a00000, 0x0000000080b00000, 0x0000000080b00000|100%| O|  |TAMS 0x0000000080b00000, 0x0000000080a00000| Untracked 
|  11|0x0000000080b00000, 0x0000000080c00000, 0x0000000080c00000|100%| O|  |TAMS 0x0000000080c00000, 0x0000000080b00000| Untracked 
|  12|0x0000000080c00000, 0x0000000080d00000, 0x0000000080d00000|100%| O|  |TAMS 0x0000000080d00000, 0x0000000080c00000| Untracked 
|  13|0x0000000080d00000, 0x0000000080e00000, 0x0000000080e00000|100%| O|  |TAMS 0x0000000080e00000, 0x0000000080d00000| Untracked 
|  14|0x0000000080e00000, 0x0000000080f00000, 0x0000000080f00000|100%| O|  |TAMS 0x0000000080f00000, 0x0000000080e00000| Untracked 
|  15|0x0000000080f00000, 0x0000000081000000, 0x0000000081000000|100%| O|  |TAMS 0x0000000081000000, 0x0000000080f00000| Untracked 
|  16|0x0000000081000000, 0x0000000081100000, 0x0000000081100000|100%| O|  |TAMS 0x0000000081100000, 0x0000000081000000| Untracked 
|  17|0x0000000081100000, 0x0000000081200000, 0x0000000081200000|100%| O|  |TAMS 0x0000000081200000, 0x0000000081100000| Untracked 
|  18|0x0000000081200000, 0x0000000081300000, 0x0000000081300000|100%| O|  |TAMS 0x0000000081300000, 0x0000000081200000| Untracked 
|  19|0x0000000081300000, 0x0000000081400000, 0x0000000081400000|100%| O|  |TAMS 0x0000000081400000, 0x0000000081300000| Untracked 
|  20|0x0000000081400000, 0x0000000081400000, 0x0000000081500000|  0%| F|  |TAMS 0x0000000081400000, 0x0000000081400000| Untracked 
|  21|0x0000000081500000, 0x0000000081600000, 0x0000000081600000|100%|HS|  |TAMS 0x0000000081600000, 0x0000000081500000| Complete 
|  22|0x0000000081600000, 0x0000000081700000, 0x0000000081700000|100%|HC|  |TAMS 0x0000000081700000, 0x0000000081600000| Complete 
|  23|0x0000000081700000, 0x0000000081800000, 0x0000000081800000|100%|HS|  |TAMS 0x0000000081800000, 0x0000000081700000| Complete 
|  24|0x0000000081800000, 0x0000000081900000, 0x0000000081900000|100%|HC|  |TAMS 0x0000000081900000, 0x0000000081800000| Complete 
|  25|0x0000000081900000, 0x0000000081a00000, 0x0000000081a00000|100%|HC|  |TAMS 0x0000000081a00000, 0x0000000081900000| Complete 
|  26|0x0000000081a00000, 0x0000000081b00000, 0x0000000081b00000|100%|HS|  |TAMS 0x0000000081b00000, 0x0000000081a00000| Complete 
|  27|0x0000000081b00000, 0x0000000081c00000, 0x0000000081c00000|100%|HC|  |TAMS 0x0000000081c00000, 0x0000000081b00000| Complete 
|  28|0x0000000081c00000, 0x0000000081d00000, 0x0000000081d00000|100%| O|  |TAMS 0x0000000081d00000, 0x0000000081c00000| Untracked 
|  29|0x0000000081d00000, 0x0000000081e00000, 0x0000000081e00000|100%| O|  |TAMS 0x0000000081e00000, 0x0000000081d00000| Untracked 
|  30|0x0000000081e00000, 0x0000000081f00000, 0x0000000081f00000|100%| O|  |TAMS 0x0000000081e91600, 0x0000000081e00000| Untracked 
|  31|0x0000000081f00000, 0x0000000082000000, 0x0000000082000000|100%|HS|  |TAMS 0x0000000082000000, 0x0000000081f00000| Complete 
|  32|0x0000000082000000, 0x0000000082100000, 0x0000000082100000|100%|HC|  |TAMS 0x0000000082100000, 0x0000000082000000| Complete 
|  33|0x0000000082100000, 0x0000000082200000, 0x0000000082200000|100%|HC|  |TAMS 0x0000000082200000, 0x0000000082100000| Complete 
|  34|0x0000000082200000, 0x0000000082300000, 0x0000000082300000|100%|HC|  |TAMS 0x0000000082300000, 0x0000000082200000| Complete 
|  35|0x0000000082300000, 0x0000000082400000, 0x0000000082400000|100%|HC|  |TAMS 0x0000000082400000, 0x0000000082300000| Complete 
|  36|0x0000000082400000, 0x0000000082500000, 0x0000000082500000|100%|HC|  |TAMS 0x0000000082500000, 0x0000000082400000| Complete 
|  37|0x0000000082500000, 0x0000000082600000, 0x0000000082600000|100%|HC|  |TAMS 0x0000000082600000, 0x0000000082500000| Complete 
|  38|0x0000000082600000, 0x0000000082700000, 0x0000000082700000|100%|HC|  |TAMS 0x0000000082700000, 0x0000000082600000| Complete 
|  39|0x0000000082700000, 0x0000000082800000, 0x0000000082800000|100%|HC|  |TAMS 0x0000000082800000, 0x0000000082700000| Complete 
|  40|0x0000000082800000, 0x0000000082900000, 0x0000000082900000|100%|HC|  |TAMS 0x0000000082900000, 0x0000000082800000| Complete 
|  41|0x0000000082900000, 0x0000000082a00000, 0x0000000082a00000|100%|HC|  |TAMS 0x0000000082a00000, 0x0000000082900000| Complete 
|  42|0x0000000082a00000, 0x0000000082b00000, 0x0000000082b00000|100%|HC|  |TAMS 0x0000000082b00000, 0x0000000082a00000| Complete 
|  43|0x0000000082b00000, 0x0000000082c00000, 0x0000000082c00000|100%|HS|  |TAMS 0x0000000082b00000, 0x0000000082b00000| Complete 
|  44|0x0000000082c00000, 0x0000000082d00000, 0x0000000082d00000|100%|HC|  |TAMS 0x0000000082c00000, 0x0000000082c00000| Complete 
|  45|0x0000000082d00000, 0x0000000082e00000, 0x0000000082e00000|100%| O|  |TAMS 0x0000000082d00000, 0x0000000082d00000| Untracked 
|  46|0x0000000082e00000, 0x0000000082f00000, 0x0000000082f00000|100%| O|  |TAMS 0x0000000082e00000, 0x0000000082e00000| Untracked 
|  47|0x0000000082f00000, 0x0000000083000000, 0x0000000083000000|100%| O|  |TAMS 0x0000000082f00000, 0x0000000082f00000| Untracked 
|  48|0x0000000083000000, 0x0000000083079200, 0x0000000083100000| 47%| O|  |TAMS 0x0000000083000000, 0x0000000083000000| Untracked 
|  49|0x0000000083100000, 0x0000000083100000, 0x0000000083200000|  0%| F|  |TAMS 0x0000000083100000, 0x0000000083100000| Untracked 
|  50|0x0000000083200000, 0x0000000083200000, 0x0000000083300000|  0%| F|  |TAMS 0x0000000083200000, 0x0000000083200000| Untracked 
|  51|0x0000000083300000, 0x0000000083300000, 0x0000000083400000|  0%| F|  |TAMS 0x0000000083300000, 0x0000000083300000| Untracked 
|  52|0x0000000083400000, 0x0000000083400000, 0x0000000083500000|  0%| F|  |TAMS 0x0000000083400000, 0x0000000083400000| Untracked 
|  53|0x0000000083500000, 0x0000000083500000, 0x0000000083600000|  0%| F|  |TAMS 0x0000000083500000, 0x0000000083500000| Untracked 
|  54|0x0000000083600000, 0x0000000083600000, 0x0000000083700000|  0%| F|  |TAMS 0x0000000083600000, 0x0000000083600000| Untracked 
|  55|0x0000000083700000, 0x0000000083700000, 0x0000000083800000|  0%| F|  |TAMS 0x0000000083700000, 0x0000000083700000| Untracked 
|  56|0x0000000083800000, 0x0000000083800000, 0x0000000083900000|  0%| F|  |TAMS 0x0000000083800000, 0x0000000083800000| Untracked 
|  57|0x0000000083900000, 0x0000000083900000, 0x0000000083a00000|  0%| F|  |TAMS 0x0000000083900000, 0x0000000083900000| Untracked 
|  58|0x0000000083a00000, 0x0000000083a00000, 0x0000000083b00000|  0%| F|  |TAMS 0x0000000083a00000, 0x0000000083a00000| Untracked 
|  59|0x0000000083b00000, 0x0000000083b00000, 0x0000000083c00000|  0%| F|  |TAMS 0x0000000083b00000, 0x0000000083b00000| Untracked 
|  60|0x0000000083c00000, 0x0000000083c00000, 0x0000000083d00000|  0%| F|  |TAMS 0x0000000083c00000, 0x0000000083c00000| Untracked 
|  61|0x0000000083d00000, 0x0000000083d00000, 0x0000000083e00000|  0%| F|  |TAMS 0x0000000083d00000, 0x0000000083d00000| Untracked 
|  62|0x0000000083e00000, 0x0000000083e00000, 0x0000000083f00000|  0%| F|  |TAMS 0x0000000083e00000, 0x0000000083e00000| Untracked 
|  63|0x0000000083f00000, 0x0000000083f00000, 0x0000000084000000|  0%| F|  |TAMS 0x0000000083f00000, 0x0000000083f00000| Untracked 
|  64|0x0000000084000000, 0x0000000084000000, 0x0000000084100000|  0%| F|  |TAMS 0x0000000084000000, 0x0000000084000000| Untracked 
|  65|0x0000000084100000, 0x0000000084100000, 0x0000000084200000|  0%| F|  |TAMS 0x0000000084100000, 0x0000000084100000| Untracked 
|  66|0x0000000084200000, 0x0000000084200000, 0x0000000084300000|  0%| F|  |TAMS 0x0000000084200000, 0x0000000084200000| Untracked 
|  67|0x0000000084300000, 0x0000000084300000, 0x0000000084400000|  0%| F|  |TAMS 0x0000000084300000, 0x0000000084300000| Untracked 
|  68|0x0000000084400000, 0x0000000084400000, 0x0000000084500000|  0%| F|  |TAMS 0x0000000084400000, 0x0000000084400000| Untracked 
|  69|0x0000000084500000, 0x0000000084500000, 0x0000000084600000|  0%| F|  |TAMS 0x0000000084500000, 0x0000000084500000| Untracked 
|  70|0x0000000084600000, 0x0000000084600000, 0x0000000084700000|  0%| F|  |TAMS 0x0000000084600000, 0x0000000084600000| Untracked 
|  71|0x0000000084700000, 0x0000000084700000, 0x0000000084800000|  0%| F|  |TAMS 0x0000000084700000, 0x0000000084700000| Untracked 
|  72|0x0000000084800000, 0x0000000084800000, 0x0000000084900000|  0%| F|  |TAMS 0x0000000084800000, 0x0000000084800000| Untracked 
|  73|0x0000000084900000, 0x0000000084900000, 0x0000000084a00000|  0%| F|  |TAMS 0x0000000084900000, 0x0000000084900000| Untracked 
|  74|0x0000000084a00000, 0x0000000084a00000, 0x0000000084b00000|  0%| F|  |TAMS 0x0000000084a00000, 0x0000000084a00000| Untracked 
|  75|0x0000000084b00000, 0x0000000084b00000, 0x0000000084c00000|  0%| F|  |TAMS 0x0000000084b00000, 0x0000000084b00000| Untracked 
|  76|0x0000000084c00000, 0x0000000084c00000, 0x0000000084d00000|  0%| F|  |TAMS 0x0000000084c00000, 0x0000000084c00000| Untracked 
|  77|0x0000000084d00000, 0x0000000084d00000, 0x0000000084e00000|  0%| F|  |TAMS 0x0000000084d00000, 0x0000000084d00000| Untracked 
|  78|0x0000000084e00000, 0x0000000084e00000, 0x0000000084f00000|  0%| F|  |TAMS 0x0000000084e00000, 0x0000000084e00000| Untracked 
|  79|0x0000000084f00000, 0x0000000084f00000, 0x0000000085000000|  0%| F|  |TAMS 0x0000000084f00000, 0x0000000084f00000| Untracked 
|  80|0x0000000085000000, 0x0000000085000000, 0x0000000085100000|  0%| F|  |TAMS 0x0000000085000000, 0x0000000085000000| Untracked 
|  81|0x0000000085100000, 0x0000000085100000, 0x0000000085200000|  0%| F|  |TAMS 0x0000000085100000, 0x0000000085100000| Untracked 
|  82|0x0000000085200000, 0x0000000085200000, 0x0000000085300000|  0%| F|  |TAMS 0x0000000085200000, 0x0000000085200000| Untracked 
|  83|0x0000000085300000, 0x0000000085300000, 0x0000000085400000|  0%| F|  |TAMS 0x0000000085300000, 0x0000000085300000| Untracked 
|  84|0x0000000085400000, 0x0000000085400000, 0x0000000085500000|  0%| F|  |TAMS 0x0000000085400000, 0x0000000085400000| Untracked 
|  85|0x0000000085500000, 0x0000000085500000, 0x0000000085600000|  0%| F|  |TAMS 0x0000000085500000, 0x0000000085500000| Untracked 
|  86|0x0000000085600000, 0x0000000085600000, 0x0000000085700000|  0%| F|  |TAMS 0x0000000085600000, 0x0000000085600000| Untracked 
|  87|0x0000000085700000, 0x0000000085700000, 0x0000000085800000|  0%| F|  |TAMS 0x0000000085700000, 0x0000000085700000| Untracked 
|  88|0x0000000085800000, 0x0000000085800000, 0x0000000085900000|  0%| F|  |TAMS 0x0000000085800000, 0x0000000085800000| Untracked 
|  89|0x0000000085900000, 0x0000000085900000, 0x0000000085a00000|  0%| F|  |TAMS 0x0000000085900000, 0x0000000085900000| Untracked 
|  90|0x0000000085a00000, 0x0000000085a00000, 0x0000000085b00000|  0%| F|  |TAMS 0x0000000085a00000, 0x0000000085a00000| Untracked 
|  91|0x0000000085b00000, 0x0000000085b00000, 0x0000000085c00000|  0%| F|  |TAMS 0x0000000085b00000, 0x0000000085b00000| Untracked 
|  92|0x0000000085c00000, 0x0000000085c00000, 0x0000000085d00000|  0%| F|  |TAMS 0x0000000085c00000, 0x0000000085c00000| Untracked 
|  93|0x0000000085d00000, 0x0000000085d00000, 0x0000000085e00000|  0%| F|  |TAMS 0x0000000085d00000, 0x0000000085d00000| Untracked 
|  94|0x0000000085e00000, 0x0000000085e00000, 0x0000000085f00000|  0%| F|  |TAMS 0x0000000085e00000, 0x0000000085e00000| Untracked 
|  95|0x0000000085f00000, 0x0000000085f00000, 0x0000000086000000|  0%| F|  |TAMS 0x0000000085f00000, 0x0000000085f00000| Untracked 
|  96|0x0000000086000000, 0x0000000086000000, 0x0000000086100000|  0%| F|  |TAMS 0x0000000086000000, 0x0000000086000000| Untracked 
|  97|0x0000000086100000, 0x0000000086100000, 0x0000000086200000|  0%| F|  |TAMS 0x0000000086100000, 0x0000000086100000| Untracked 
|  98|0x0000000086200000, 0x0000000086200000, 0x0000000086300000|  0%| F|  |TAMS 0x0000000086200000, 0x0000000086200000| Untracked 
|  99|0x0000000086300000, 0x0000000086300000, 0x0000000086400000|  0%| F|  |TAMS 0x0000000086300000, 0x0000000086300000| Untracked 
| 100|0x0000000086400000, 0x0000000086400000, 0x0000000086500000|  0%| F|  |TAMS 0x0000000086400000, 0x0000000086400000| Untracked 
| 101|0x0000000086500000, 0x0000000086500000, 0x0000000086600000|  0%| F|  |TAMS 0x0000000086500000, 0x0000000086500000| Untracked 
| 102|0x0000000086600000, 0x0000000086600000, 0x0000000086700000|  0%| F|  |TAMS 0x0000000086600000, 0x0000000086600000| Untracked 
| 103|0x0000000086700000, 0x0000000086700000, 0x0000000086800000|  0%| F|  |TAMS 0x0000000086700000, 0x0000000086700000| Untracked 
| 104|0x0000000086800000, 0x0000000086800000, 0x0000000086900000|  0%| F|  |TAMS 0x0000000086800000, 0x0000000086800000| Untracked 
| 105|0x0000000086900000, 0x0000000086900000, 0x0000000086a00000|  0%| F|  |TAMS 0x0000000086900000, 0x0000000086900000| Untracked 
| 106|0x0000000086a00000, 0x0000000086a00000, 0x0000000086b00000|  0%| F|  |TAMS 0x0000000086a00000, 0x0000000086a00000| Untracked 
| 107|0x0000000086b00000, 0x0000000086b00000, 0x0000000086c00000|  0%| F|  |TAMS 0x0000000086b00000, 0x0000000086b00000| Untracked 
| 108|0x0000000086c00000, 0x0000000086d00000, 0x0000000086d00000|100%| E|  |TAMS 0x0000000086c00000, 0x0000000086c00000| Complete 
| 109|0x0000000086d00000, 0x0000000086e00000, 0x0000000086e00000|100%| E|CS|TAMS 0x0000000086d00000, 0x0000000086d00000| Complete 
| 110|0x0000000086e00000, 0x0000000086f00000, 0x0000000086f00000|100%| E|CS|TAMS 0x0000000086e00000, 0x0000000086e00000| Complete 
| 111|0x0000000086f00000, 0x0000000087000000, 0x0000000087000000|100%| E|CS|TAMS 0x0000000086f00000, 0x0000000086f00000| Complete 
| 112|0x0000000087000000, 0x0000000087100000, 0x0000000087100000|100%| E|CS|TAMS 0x0000000087000000, 0x0000000087000000| Complete 
| 113|0x0000000087100000, 0x0000000087200000, 0x0000000087200000|100%| E|CS|TAMS 0x0000000087100000, 0x0000000087100000| Complete 
| 114|0x0000000087200000, 0x0000000087300000, 0x0000000087300000|100%| E|CS|TAMS 0x0000000087200000, 0x0000000087200000| Complete 
| 115|0x0000000087300000, 0x0000000087400000, 0x0000000087400000|100%| E|CS|TAMS 0x0000000087300000, 0x0000000087300000| Complete 
| 116|0x0000000087400000, 0x0000000087500000, 0x0000000087500000|100%| E|CS|TAMS 0x0000000087400000, 0x0000000087400000| Complete 
| 117|0x0000000087500000, 0x0000000087600000, 0x0000000087600000|100%| E|CS|TAMS 0x0000000087500000, 0x0000000087500000| Complete 
| 118|0x0000000087600000, 0x0000000087700000, 0x0000000087700000|100%| E|CS|TAMS 0x0000000087600000, 0x0000000087600000| Complete 
| 119|0x0000000087700000, 0x0000000087800000, 0x0000000087800000|100%| E|CS|TAMS 0x0000000087700000, 0x0000000087700000| Complete 
| 120|0x0000000087800000, 0x0000000087900000, 0x0000000087900000|100%| E|CS|TAMS 0x0000000087800000, 0x0000000087800000| Complete 
| 121|0x0000000087900000, 0x0000000087a00000, 0x0000000087a00000|100%| E|CS|TAMS 0x0000000087900000, 0x0000000087900000| Complete 
| 122|0x0000000087a00000, 0x0000000087b00000, 0x0000000087b00000|100%| E|CS|TAMS 0x0000000087a00000, 0x0000000087a00000| Complete 
| 123|0x0000000087b00000, 0x0000000087c00000, 0x0000000087c00000|100%| E|CS|TAMS 0x0000000087b00000, 0x0000000087b00000| Complete 
| 124|0x0000000087c00000, 0x0000000087d00000, 0x0000000087d00000|100%| E|CS|TAMS 0x0000000087c00000, 0x0000000087c00000| Complete 
| 125|0x0000000087d00000, 0x0000000087e00000, 0x0000000087e00000|100%| E|CS|TAMS 0x0000000087d00000, 0x0000000087d00000| Complete 
| 126|0x0000000087e00000, 0x0000000087f00000, 0x0000000087f00000|100%| E|CS|TAMS 0x0000000087e00000, 0x0000000087e00000| Complete 
| 127|0x0000000087f00000, 0x0000000088000000, 0x0000000088000000|100%| E|CS|TAMS 0x0000000087f00000, 0x0000000087f00000| Complete 
| 128|0x0000000088000000, 0x0000000088100000, 0x0000000088100000|100%| E|CS|TAMS 0x0000000088000000, 0x0000000088000000| Complete 
| 129|0x0000000088100000, 0x0000000088200000, 0x0000000088200000|100%| E|CS|TAMS 0x0000000088100000, 0x0000000088100000| Complete 
| 130|0x0000000088200000, 0x0000000088300000, 0x0000000088300000|100%| E|CS|TAMS 0x0000000088200000, 0x0000000088200000| Complete 
| 131|0x0000000088300000, 0x0000000088400000, 0x0000000088400000|100%| E|CS|TAMS 0x0000000088300000, 0x0000000088300000| Complete 
| 132|0x0000000088400000, 0x0000000088500000, 0x0000000088500000|100%| E|CS|TAMS 0x0000000088400000, 0x0000000088400000| Complete 
| 133|0x0000000088500000, 0x0000000088600000, 0x0000000088600000|100%| E|CS|TAMS 0x0000000088500000, 0x0000000088500000| Complete 
| 134|0x0000000088600000, 0x0000000088700000, 0x0000000088700000|100%| E|CS|TAMS 0x0000000088600000, 0x0000000088600000| Complete 
| 135|0x0000000088700000, 0x0000000088800000, 0x0000000088800000|100%| E|CS|TAMS 0x0000000088700000, 0x0000000088700000| Complete 
| 136|0x0000000088800000, 0x0000000088900000, 0x0000000088900000|100%| E|CS|TAMS 0x0000000088800000, 0x0000000088800000| Complete 
| 137|0x0000000088900000, 0x0000000088a00000, 0x0000000088a00000|100%| E|CS|TAMS 0x0000000088900000, 0x0000000088900000| Complete 
| 138|0x0000000088a00000, 0x0000000088b00000, 0x0000000088b00000|100%| E|CS|TAMS 0x0000000088a00000, 0x0000000088a00000| Complete 
| 139|0x0000000088b00000, 0x0000000088c00000, 0x0000000088c00000|100%| E|CS|TAMS 0x0000000088b00000, 0x0000000088b00000| Complete 
| 140|0x0000000088c00000, 0x0000000088d00000, 0x0000000088d00000|100%| E|CS|TAMS 0x0000000088c00000, 0x0000000088c00000| Complete 
| 141|0x0000000088d00000, 0x0000000088e00000, 0x0000000088e00000|100%| E|CS|TAMS 0x0000000088d00000, 0x0000000088d00000| Complete 
| 142|0x0000000088e00000, 0x0000000088f00000, 0x0000000088f00000|100%| E|CS|TAMS 0x0000000088e00000, 0x0000000088e00000| Complete 
| 143|0x0000000088f00000, 0x0000000089000000, 0x0000000089000000|100%| E|CS|TAMS 0x0000000088f00000, 0x0000000088f00000| Complete 
| 144|0x0000000089000000, 0x0000000089100000, 0x0000000089100000|100%| E|CS|TAMS 0x0000000089000000, 0x0000000089000000| Complete 
| 145|0x0000000089100000, 0x0000000089200000, 0x0000000089200000|100%| E|CS|TAMS 0x0000000089100000, 0x0000000089100000| Complete 
| 146|0x0000000089200000, 0x0000000089300000, 0x0000000089300000|100%| E|CS|TAMS 0x0000000089200000, 0x0000000089200000| Complete 
| 147|0x0000000089300000, 0x0000000089400000, 0x0000000089400000|100%| E|CS|TAMS 0x0000000089300000, 0x0000000089300000| Complete 
| 148|0x0000000089400000, 0x0000000089500000, 0x0000000089500000|100%| E|CS|TAMS 0x0000000089400000, 0x0000000089400000| Complete 
| 149|0x0000000089500000, 0x0000000089600000, 0x0000000089600000|100%| E|CS|TAMS 0x0000000089500000, 0x0000000089500000| Complete 
| 150|0x0000000089600000, 0x0000000089700000, 0x0000000089700000|100%| E|CS|TAMS 0x0000000089600000, 0x0000000089600000| Complete 
| 151|0x0000000089700000, 0x0000000089800000, 0x0000000089800000|100%| E|CS|TAMS 0x0000000089700000, 0x0000000089700000| Complete 
| 152|0x0000000089800000, 0x0000000089831138, 0x0000000089900000| 19%| S|CS|TAMS 0x0000000089800000, 0x0000000089800000| Complete 
| 153|0x0000000089900000, 0x0000000089a00000, 0x0000000089a00000|100%| E|CS|TAMS 0x0000000089900000, 0x0000000089900000| Complete 
| 154|0x0000000089a00000, 0x0000000089b00000, 0x0000000089b00000|100%| E|CS|TAMS 0x0000000089a00000, 0x0000000089a00000| Complete 
| 155|0x0000000089b00000, 0x0000000089c00000, 0x0000000089c00000|100%| E|CS|TAMS 0x0000000089b00000, 0x0000000089b00000| Complete 
| 156|0x0000000089c00000, 0x0000000089d00000, 0x0000000089d00000|100%| E|CS|TAMS 0x0000000089c00000, 0x0000000089c00000| Complete 
| 157|0x0000000089d00000, 0x0000000089e00000, 0x0000000089e00000|100%| E|CS|TAMS 0x0000000089d00000, 0x0000000089d00000| Complete 

Card table byte_map: [0x00000155f77c0000,0x00000155f7bc0000] _byte_map_base: 0x00000155f73c0000

Marking Bits (Prev, Next): (CMBitMap*) 0x00000155e49efa40, (CMBitMap*) 0x00000155e49efa80
 Prev Bits: [0x00000155f7fc0000, 0x00000155f9fc0000)
 Next Bits: [0x00000155f9fc0000, 0x00000155fbfc0000)

Polling page: 0x00000155e2910000

Metaspace:

Usage:
  Non-class:     33.98 MB used.
      Class:      5.34 MB used.
       Both:     39.32 MB used.

Virtual space:
  Non-class space:       64.00 MB reserved,      34.19 MB ( 53%) committed,  1 nodes.
      Class space:        1.00 GB reserved,       5.50 MB ( <1%) committed,  1 nodes.
             Both:        1.06 GB reserved,      39.69 MB (  4%) committed. 

Chunk freelists:
   Non-Class:  13.00 MB
       Class:  10.53 MB
        Both:  23.53 MB

MaxMetaspaceSize: unlimited
CompressedClassSpaceSize: 1.00 GB
Initial GC threshold: 21.00 MB
Current GC threshold: 49.31 MB
CDS: off
MetaspaceReclaimPolicy: balanced
 - commit_granule_bytes: 65536.
 - commit_granule_words: 8192.
 - virtual_space_node_default_size: 8388608.
 - enlarge_chunks_in_place: 1.
 - new_chunks_are_fully_committed: 0.
 - uncommit_free_chunks: 1.
 - use_allocation_guard: 0.
 - handle_deallocations: 1.


Internal statistics:

num_allocs_failed_limit: 3.
num_arena_births: 396.
num_arena_deaths: 0.
num_vsnodes_births: 2.
num_vsnodes_deaths: 0.
num_space_committed: 635.
num_space_uncommitted: 0.
num_chunks_returned_to_freelist: 3.
num_chunks_taken_from_freelist: 1601.
num_chunk_merges: 3.
num_chunk_splits: 1023.
num_chunks_enlarged: 677.
num_inconsistent_stats: 0.

CodeHeap 'non-profiled nmethods': size=120000Kb used=2016Kb max_used=2016Kb free=117983Kb
 bounds [0x00000155ef940000, 0x00000155efbb0000, 0x00000155f6e70000]
CodeHeap 'profiled nmethods': size=120000Kb used=6857Kb max_used=6857Kb free=113142Kb
 bounds [0x00000155e7e70000, 0x00000155e8530000, 0x00000155ef3a0000]
CodeHeap 'non-nmethods': size=5760Kb used=1245Kb max_used=1302Kb free=4514Kb
 bounds [0x00000155ef3a0000, 0x00000155ef610000, 0x00000155ef940000]
 total_blobs=3927 nmethods=3371 adapters=468
 compilation: enabled
              stopped_count=0, restarted_count=0
 full_count=0

Compilation events (20 events):
Event: 4.642 Thread 0x00000155fedce0a0 3376       3       java.util.Spliterators::spliterator (25 bytes)
Event: 4.642 Thread 0x00000155fedce0a0 nmethod 3376 0x00000155e851a290 code [0x00000155e851a460, 0x00000155e851a898]
Event: 4.642 Thread 0x00000155fedce0a0 3377       3       java.util.ComparableTimSort::binarySort (223 bytes)
Event: 4.642 Thread 0x00000155fedce0a0 nmethod 3377 0x00000155e851aa90 code [0x00000155e851acc0, 0x00000155e851b878]
Event: 4.643 Thread 0x00000155fedce0a0 3378       3       org.codehaus.groovy.reflection.CachedMethod::isStatic (8 bytes)
Event: 4.643 Thread 0x00000155fedce0a0 nmethod 3378 0x00000155e851bb90 code [0x00000155e851bd40, 0x00000155e851bf38]
Event: 4.643 Thread 0x00000155fedce0a0 3379       3       org.codehaus.groovy.runtime.metaclass.MethodHelper::isStatic (19 bytes)
Event: 4.643 Thread 0x00000155fedce0a0 nmethod 3379 0x00000155e851c010 code [0x00000155e851c1a0, 0x00000155e851c318]
Event: 4.643 Thread 0x00000155fedce0a0 3380       3       java.util.Properties$LineReader::readLine (584 bytes)
Event: 4.644 Thread 0x00000155fedce0a0 nmethod 3380 0x00000155e851c410 code [0x00000155e851c7e0, 0x00000155e851f2f8]
Event: 4.644 Thread 0x00000155fedce0a0 3381       3       java.util.regex.Pattern$BitClass::is (22 bytes)
Event: 4.645 Thread 0x00000155fedce0a0 nmethod 3381 0x00000155e8520010 code [0x00000155e85201a0, 0x00000155e8520378]
Event: 4.649 Thread 0x00000155fedce0a0 3382       3       jdk.internal.module.SystemModuleFinders$SystemImage::reader (4 bytes)
Event: 4.649 Thread 0x00000155fedce0a0 nmethod 3382 0x00000155e8520490 code [0x00000155e8520620, 0x00000155e8520718]
Event: 4.649 Thread 0x00000155fedce0a0 3383       3       jdk.internal.jimage.ImageReader::requireOpen (18 bytes)
Event: 4.649 Thread 0x00000155fedce0a0 nmethod 3383 0x00000155e8520790 code [0x00000155e8520940, 0x00000155e8520b68]
Event: 4.650 Thread 0x00000155fedce0a0 3384       3       java.lang.PublicMethods::toArray (76 bytes)
Event: 4.650 Thread 0x00000155fedce0a0 nmethod 3384 0x00000155e8520c90 code [0x00000155e8520ea0, 0x00000155e8521738]
Event: 4.650 Thread 0x00000155fedce0a0 3385       3       java.util.Spliterators$ArraySpliterator::forEachRemaining (68 bytes)
Event: 4.650 Thread 0x00000155fedce0a0 nmethod 3385 0x00000155e8521990 code [0x00000155e8521b60, 0x00000155e8521fd8]

GC Heap History (20 events):
Event: 0.797 GC heap before
{Heap before GC invocations=0 (full 0):
 garbage-first heap   total 122880K, used 26624K [0x0000000080000000, 0x0000000100000000)
  region size 1024K, 23 young (23552K), 0 survivors (0K)
 Metaspace       used 10399K, committed 10560K, reserved 1114112K
  class space    used 1074K, committed 1152K, reserved 1048576K
}
Event: 0.803 GC heap after
{Heap after GC invocations=1 (full 0):
 garbage-first heap   total 122880K, used 10320K [0x0000000080000000, 0x0000000100000000)
  region size 1024K, 3 young (3072K), 3 survivors (3072K)
 Metaspace       used 10399K, committed 10560K, reserved 1114112K
  class space    used 1074K, committed 1152K, reserved 1048576K
}
Event: 1.069 GC heap before
{Heap before GC invocations=1 (full 0):
 garbage-first heap   total 122880K, used 38992K [0x0000000080000000, 0x0000000100000000)
  region size 1024K, 31 young (31744K), 3 survivors (3072K)
 Metaspace       used 11460K, committed 11648K, reserved 1114112K
  class space    used 1193K, committed 1280K, reserved 1048576K
}
Event: 1.074 GC heap after
{Heap after GC invocations=2 (full 0):
 garbage-first heap   total 122880K, used 11195K [0x0000000080000000, 0x0000000100000000)
  region size 1024K, 1 young (1024K), 1 survivors (1024K)
 Metaspace       used 11460K, committed 11648K, reserved 1114112K
  class space    used 1193K, committed 1280K, reserved 1048576K
}
Event: 2.366 GC heap before
{Heap before GC invocations=2 (full 0):
 garbage-first heap   total 122880K, used 60347K [0x0000000080000000, 0x0000000100000000)
  region size 1024K, 49 young (50176K), 1 survivors (1024K)
 Metaspace       used 21330K, committed 21504K, reserved 1114112K
  class space    used 2561K, committed 2624K, reserved 1048576K
}
Event: 2.371 GC heap after
{Heap after GC invocations=3 (full 0):
 garbage-first heap   total 122880K, used 18897K [0x0000000080000000, 0x0000000100000000)
  region size 1024K, 9 young (9216K), 9 survivors (9216K)
 Metaspace       used 21330K, committed 21504K, reserved 1114112K
  class space    used 2561K, committed 2624K, reserved 1048576K
}
Event: 3.076 GC heap before
{Heap before GC invocations=4 (full 0):
 garbage-first heap   total 71680K, used 51665K [0x0000000080000000, 0x0000000100000000)
  region size 1024K, 42 young (43008K), 9 survivors (9216K)
 Metaspace       used 26159K, committed 26496K, reserved 1114112K
  class space    used 3415K, committed 3584K, reserved 1048576K
}
Event: 3.081 GC heap after
{Heap after GC invocations=5 (full 0):
 garbage-first heap   total 71680K, used 20533K [0x0000000080000000, 0x0000000100000000)
  region size 1024K, 3 young (3072K), 3 survivors (3072K)
 Metaspace       used 26159K, committed 26496K, reserved 1114112K
  class space    used 3415K, committed 3584K, reserved 1048576K
}
Event: 3.099 GC heap before
{Heap before GC invocations=5 (full 0):
 garbage-first heap   total 71680K, used 21557K [0x0000000080000000, 0x0000000100000000)
  region size 1024K, 4 young (4096K), 3 survivors (3072K)
 Metaspace       used 26270K, committed 26624K, reserved 1114112K
  class space    used 3439K, committed 3584K, reserved 1048576K
}
Event: 3.101 GC heap after
{Heap after GC invocations=6 (full 0):
 garbage-first heap   total 71680K, used 20822K [0x0000000080000000, 0x0000000100000000)
  region size 1024K, 1 young (1024K), 1 survivors (1024K)
 Metaspace       used 26270K, committed 26624K, reserved 1114112K
  class space    used 3439K, committed 3584K, reserved 1048576K
}
Event: 3.577 GC heap before
{Heap before GC invocations=6 (full 0):
 garbage-first heap   total 71680K, used 56662K [0x0000000080000000, 0x0000000100000000)
  region size 1024K, 30 young (30720K), 1 survivors (1024K)
 Metaspace       used 29923K, committed 30272K, reserved 1114112K
  class space    used 4062K, committed 4224K, reserved 1048576K
}
Event: 3.580 GC heap after
{Heap after GC invocations=7 (full 0):
 garbage-first heap   total 71680K, used 31368K [0x0000000080000000, 0x0000000100000000)
  region size 1024K, 4 young (4096K), 4 survivors (4096K)
 Metaspace       used 29923K, committed 30272K, reserved 1114112K
  class space    used 4062K, committed 4224K, reserved 1048576K
}
Event: 3.584 GC heap before
{Heap before GC invocations=7 (full 0):
 garbage-first heap   total 71680K, used 31368K [0x0000000080000000, 0x0000000100000000)
  region size 1024K, 5 young (5120K), 4 survivors (4096K)
 Metaspace       used 29924K, committed 30272K, reserved 1114112K
  class space    used 4062K, committed 4224K, reserved 1048576K
}
Event: 3.586 GC heap after
{Heap after GC invocations=8 (full 0):
 garbage-first heap   total 71680K, used 32003K [0x0000000080000000, 0x0000000100000000)
  region size 1024K, 1 young (1024K), 1 survivors (1024K)
 Metaspace       used 29924K, committed 30272K, reserved 1114112K
  class space    used 4062K, committed 4224K, reserved 1048576K
}
Event: 3.602 GC heap before
{Heap before GC invocations=8 (full 0):
 garbage-first heap   total 71680K, used 44291K [0x0000000080000000, 0x0000000100000000)
  region size 1024K, 2 young (2048K), 1 survivors (1024K)
 Metaspace       used 29924K, committed 30272K, reserved 1114112K
  class space    used 4062K, committed 4224K, reserved 1048576K
}
Event: 3.603 GC heap after
{Heap after GC invocations=9 (full 0):
 garbage-first heap   total 71680K, used 44206K [0x0000000080000000, 0x0000000100000000)
  region size 1024K, 1 young (1024K), 1 survivors (1024K)
 Metaspace       used 29924K, committed 30272K, reserved 1114112K
  class space    used 4062K, committed 4224K, reserved 1048576K
}
Event: 3.778 GC heap before
{Heap before GC invocations=10 (full 0):
 garbage-first heap   total 80896K, used 55470K [0x0000000080000000, 0x0000000100000000)
  region size 1024K, 11 young (11264K), 1 survivors (1024K)
 Metaspace       used 31052K, committed 31424K, reserved 1114112K
  class space    used 4229K, committed 4416K, reserved 1048576K
}
Event: 3.779 GC heap after
{Heap after GC invocations=11 (full 0):
 garbage-first heap   total 161792K, used 48835K [0x0000000080000000, 0x0000000100000000)
  region size 1024K, 2 young (2048K), 2 survivors (2048K)
 Metaspace       used 31052K, committed 31424K, reserved 1114112K
  class space    used 4229K, committed 4416K, reserved 1048576K
}
Event: 3.843 GC heap before
{Heap before GC invocations=11 (full 0):
 garbage-first heap   total 161792K, used 53955K [0x0000000080000000, 0x0000000100000000)
  region size 1024K, 7 young (7168K), 2 survivors (2048K)
 Metaspace       used 31562K, committed 31936K, reserved 1114112K
  class space    used 4316K, committed 4480K, reserved 1048576K
}
Event: 3.844 GC heap after
{Heap after GC invocations=12 (full 0):
 garbage-first heap   total 161792K, used 48808K [0x0000000080000000, 0x0000000100000000)
  region size 1024K, 1 young (1024K), 1 survivors (1024K)
 Metaspace       used 31562K, committed 31936K, reserved 1114112K
  class space    used 4316K, committed 4480K, reserved 1048576K
}

Dll operation events (3 events):
Event: 0.009 Loaded shared library D:\Program Files\Android\Android Studio\jbr\bin\java.dll
Event: 0.113 Loaded shared library D:\Program Files\Android\Android Studio\jbr\bin\zip.dll
Event: 0.426 Loaded shared library D:\Program Files\Android\Android Studio\jbr\bin\verify.dll

Deoptimization events (20 events):
Event: 4.490 Thread 0x000001558545a270 DEOPT PACKING pc=0x00000155efaa86e4 sp=0x00000030030f7480
Event: 4.490 Thread 0x000001558545a270 DEOPT UNPACKING pc=0x00000155ef3f69a3 sp=0x00000030030f7438 mode 2
Event: 4.490 Thread 0x000001558545a270 Uncommon trap: trap_request=0xffffffc6 fr.pc=0x00000155efaa86e4 relative=0x00000000000008c4
Event: 4.490 Thread 0x000001558545a270 Uncommon trap: reason=bimorphic_or_optimized_type_check action=maybe_recompile pc=0x00000155efaa86e4 method=java.io.BufferedInputStream.read([BII)I @ 101 c2
Event: 4.490 Thread 0x000001558545a270 DEOPT PACKING pc=0x00000155efaa86e4 sp=0x00000030030f7480
Event: 4.490 Thread 0x000001558545a270 DEOPT UNPACKING pc=0x00000155ef3f69a3 sp=0x00000030030f7438 mode 2
Event: 4.490 Thread 0x000001558545a270 Uncommon trap: trap_request=0xffffffc6 fr.pc=0x00000155efaa86e4 relative=0x00000000000008c4
Event: 4.490 Thread 0x000001558545a270 Uncommon trap: reason=bimorphic_or_optimized_type_check action=maybe_recompile pc=0x00000155efaa86e4 method=java.io.BufferedInputStream.read([BII)I @ 101 c2
Event: 4.490 Thread 0x000001558545a270 DEOPT PACKING pc=0x00000155efaa86e4 sp=0x00000030030f7480
Event: 4.490 Thread 0x000001558545a270 DEOPT UNPACKING pc=0x00000155ef3f69a3 sp=0x00000030030f7438 mode 2
Event: 4.491 Thread 0x000001558545a270 Uncommon trap: trap_request=0xffffffc6 fr.pc=0x00000155efaa86e4 relative=0x00000000000008c4
Event: 4.491 Thread 0x000001558545a270 Uncommon trap: reason=bimorphic_or_optimized_type_check action=maybe_recompile pc=0x00000155efaa86e4 method=java.io.BufferedInputStream.read([BII)I @ 101 c2
Event: 4.491 Thread 0x000001558545a270 DEOPT PACKING pc=0x00000155efaa86e4 sp=0x00000030030f7480
Event: 4.491 Thread 0x000001558545a270 DEOPT UNPACKING pc=0x00000155ef3f69a3 sp=0x00000030030f7438 mode 2
Event: 4.509 Thread 0x000001558545a270 Uncommon trap: trap_request=0xffffff45 fr.pc=0x00000155efb05104 relative=0x00000000000005a4
Event: 4.509 Thread 0x000001558545a270 Uncommon trap: reason=unstable_if action=reinterpret pc=0x00000155efb05104 method=jdk.internal.org.objectweb.asm.MethodWriter.visitVarInsn(II)V @ 108 c2
Event: 4.509 Thread 0x000001558545a270 DEOPT PACKING pc=0x00000155efb05104 sp=0x00000030030f05b0
Event: 4.509 Thread 0x000001558545a270 DEOPT UNPACKING pc=0x00000155ef3f69a3 sp=0x00000030030f0578 mode 2
Event: 4.652 Thread 0x000001558545a270 DEOPT PACKING pc=0x00000155e7f33bc3 sp=0x00000030030f6b20
Event: 4.652 Thread 0x000001558545a270 DEOPT UNPACKING pc=0x00000155ef3f7143 sp=0x00000030030f6040 mode 0

Classes unloaded (0 events):
No events

Classes redefined (0 events):
No events

Internal exceptions (20 events):
Event: 4.039 Thread 0x000001558545a270 Implicit null exception at 0x00000155ef998b8f to 0x00000155ef9990d8
Event: 4.080 Thread 0x000001558545a270 Exception <a 'java/lang/NoSuchMethodError'{0x0000000089159288}: 'java.lang.Object java.lang.invoke.DirectMethodHandle$Holder.invokeSpecial(java.lang.Object, java.lang.Object, java.lang.Object, java.lang.Object, java.lang.Object, java.lang.Object, java.lang.Object, java.lang.Object, java.lang.Object, java.lang.Object, java.lang.Object, java.lang.Object, java.lang.Object)'> (0x0000000089159288) 
thrown [s\src\hotspot\share\interpreter\linkResolver.cpp, line 771]
Event: 4.080 Thread 0x000001558545a270 Exception <a 'java/lang/NoSuchMethodError'{0x000000008916abf0}: 'java.lang.Object java.lang.invoke.DirectMethodHandle$Holder.newInvokeSpecial(java.lang.Object, java.lang.Object, java.lang.Object, java.lang.Object, java.lang.Object, java.lang.Object, java.lang.Object, java.lang.Object, java.lang.Object, java.lang.Object, java.lang.Object)'> (0x000000008916abf0) 
thrown [s\src\hotspot\share\interpreter\linkResolver.cpp, line 771]
Event: 4.081 Thread 0x000001558545a270 Exception <a 'java/lang/NoSuchMethodError'{0x0000000089170728}: 'java.lang.Object java.lang.invoke.DirectMethodHandle$Holder.invokeSpecial(java.lang.Object, java.lang.Object, java.lang.Object, java.lang.Object, java.lang.Object, java.lang.Object, java.lang.Object, java.lang.Object, java.lang.Object, java.lang.Object, java.lang.Object, java.lang.Object)'> (0x0000000089170728) 
thrown [s\src\hotspot\share\interpreter\linkResolver.cpp, line 771]
Event: 4.081 Thread 0x000001558545a270 Exception <a 'java/lang/NoSuchMethodError'{0x0000000089175dc0}: 'java.lang.Object java.lang.invoke.Invokers$Holder.linkToTargetMethod(java.lang.Object, java.lang.Object, java.lang.Object, java.lang.Object, java.lang.Object, java.lang.Object, java.lang.Object, java.lang.Object, java.lang.Object, java.lang.Object, java.lang.Object)'> (0x0000000089175dc0) 
thrown [s\src\hotspot\share\interpreter\linkResolver.cpp, line 771]
Event: 4.087 Thread 0x000001558545a270 Exception <a 'java/lang/NoSuchMethodError'{0x00000000891c9570}: 'java.lang.Object java.lang.invoke.DirectMethodHandle$Holder.invokeSpecial(java.lang.Object, java.lang.Object, java.lang.Object, java.lang.Object, java.lang.Object, java.lang.Object, java.lang.Object, java.lang.Object, java.lang.Object, java.lang.Object, java.lang.Object, java.lang.Object, java.lang.Object, java.lang.Object)'> (0x00000000891c9570) 
thrown [s\src\hotspot\share\interpreter\linkResolver.cpp, line 771]
Event: 4.088 Thread 0x000001558545a270 Exception <a 'java/lang/NoSuchMethodError'{0x00000000891dbbc8}: 'java.lang.Object java.lang.invoke.DirectMethodHandle$Holder.newInvokeSpecial(java.lang.Object, java.lang.Object, java.lang.Object, java.lang.Object, java.lang.Object, java.lang.Object, java.lang.Object, java.lang.Object, java.lang.Object, java.lang.Object, java.lang.Object, java.lang.Object)'> (0x00000000891dbbc8) 
thrown [s\src\hotspot\share\interpreter\linkResolver.cpp, line 771]
Event: 4.088 Thread 0x000001558545a270 Exception <a 'java/lang/NoSuchMethodError'{0x00000000891e1560}: 'java.lang.Object java.lang.invoke.Invokers$Holder.linkToTargetMethod(java.lang.Object, java.lang.Object, java.lang.Object, java.lang.Object, java.lang.Object, java.lang.Object, java.lang.Object, java.lang.Object, java.lang.Object, java.lang.Object, java.lang.Object, java.lang.Object)'> (0x00000000891e1560) 
thrown [s\src\hotspot\share\interpreter\linkResolver.cpp, line 771]
Event: 4.091 Thread 0x000001558545a270 Exception <a 'java/lang/NoSuchMethodError'{0x000000008901ce30}: 'java.lang.Object java.lang.invoke.DirectMethodHandle$Holder.newInvokeSpecial(java.lang.Object, java.lang.Object, java.lang.Object, java.lang.Object, java.lang.Object, java.lang.Object, java.lang.Object, java.lang.Object, java.lang.Object, java.lang.Object)'> (0x000000008901ce30) 
thrown [s\src\hotspot\share\interpreter\linkResolver.cpp, line 771]
Event: 4.091 Thread 0x000001558545a270 Exception <a 'java/lang/NoSuchMethodError'{0x0000000089021d18}: 'java.lang.Object java.lang.invoke.Invokers$Holder.linkToTargetMethod(java.lang.Object, java.lang.Object, java.lang.Object, java.lang.Object, java.lang.Object, java.lang.Object, java.lang.Object, java.lang.Object, java.lang.Object, java.lang.Object)'> (0x0000000089021d18) 
thrown [s\src\hotspot\share\interpreter\linkResolver.cpp, line 771]
Event: 4.105 Thread 0x000001558545a270 Exception <a 'java/lang/NoSuchMethodError'{0x000000008907d7a0}: 'java.lang.Object java.lang.invoke.DirectMethodHandle$Holder.invokeStaticInit(java.lang.Object, java.lang.Object, java.lang.Object, java.lang.Object)'> (0x000000008907d7a0) 
thrown [s\src\hotspot\share\interpreter\linkResolver.cpp, line 771]
Event: 4.279 Thread 0x000001558545a270 Exception <a 'java/lang/NoSuchMethodError'{0x00000000885b70a8}: 'java.lang.Object java.lang.invoke.DirectMethodHandle$Holder.newInvokeSpecial(java.lang.Object, java.lang.Object, java.lang.Object, java.lang.Object, java.lang.Object, java.lang.Object, java.lang.Object, java.lang.Object)'> (0x00000000885b70a8) 
thrown [s\src\hotspot\share\interpreter\linkResolver.cpp, line 771]
Event: 4.280 Thread 0x000001558545a270 Exception <a 'java/lang/NoSuchMethodError'{0x00000000885bcb20}: 'java.lang.Object java.lang.invoke.Invokers$Holder.linkToTargetMethod(java.lang.Object, java.lang.Object, java.lang.Object, java.lang.Object, java.lang.Object, java.lang.Object, java.lang.Object, java.lang.Object)'> (0x00000000885bcb20) 
thrown [s\src\hotspot\share\interpreter\linkResolver.cpp, line 771]
Event: 4.285 Thread 0x000001558545a270 Exception <a 'java/lang/IncompatibleClassChangeError'{0x000000008842d3e0}: Found class java.lang.Object, but interface was expected> (0x000000008842d3e0) 
thrown [s\src\hotspot\share\interpreter\linkResolver.cpp, line 838]
Event: 4.451 Thread 0x000001558545a270 Exception <a 'java/lang/NoSuchMethodError'{0x0000000087a27f30}: 'java.lang.Object java.lang.invoke.DirectMethodHandle$Holder.invokeSpecial(java.lang.Object, java.lang.Object, java.lang.Object, int, java.lang.Object, java.lang.Object)'> (0x0000000087a27f30) 
thrown [s\src\hotspot\share\interpreter\linkResolver.cpp, line 771]
Event: 4.509 Thread 0x000001558545a270 Implicit null exception at 0x00000155efb04c1a to 0x00000155efb050f8
Event: 4.535 Thread 0x000001558545a270 Exception <a 'java/lang/NoSuchMethodError'{0x0000000087460690}: 'void java.lang.invoke.DirectMethodHandle$Holder.invokeStaticInit(java.lang.Object, java.lang.Object, java.lang.Object)'> (0x0000000087460690) 
thrown [s\src\hotspot\share\interpreter\linkResolver.cpp, line 771]
Event: 4.536 Thread 0x000001558545a270 Exception <a 'java/lang/NoSuchMethodError'{0x0000000087467dd8}: 'void java.lang.invoke.DirectMethodHandle$Holder.invokeStaticInit(java.lang.Object, java.lang.Object, java.lang.Object, java.lang.Object)'> (0x0000000087467dd8) 
thrown [s\src\hotspot\share\interpreter\linkResolver.cpp, line 771]
Event: 4.537 Thread 0x000001558545a270 Exception <a 'java/lang/NoSuchMethodError'{0x000000008748a210}: 'void java.lang.invoke.DirectMethodHandle$Holder.invokeStaticInit(java.lang.Object, java.lang.Object, java.lang.Object, java.lang.Object, java.lang.Object)'> (0x000000008748a210) 
thrown [s\src\hotspot\share\interpreter\linkResolver.cpp, line 771]
Event: 4.544 Thread 0x000001558545a270 Exception <a 'java/lang/NoSuchMethodError'{0x00000000874e48e8}: 'int java.lang.invoke.DirectMethodHandle$Holder.invokeStaticInit(java.lang.Object, java.lang.Object, java.lang.Object, java.lang.Object)'> (0x00000000874e48e8) 
thrown [s\src\hotspot\share\interpreter\linkResolver.cpp, line 771]

VM Operations (20 events):
Event: 3.612 Executing VM operation: G1Concurrent
Event: 3.613 Executing VM operation: G1Concurrent done
Event: 3.616 Executing VM operation: G1Concurrent
Event: 3.616 Executing VM operation: G1Concurrent done
Event: 3.718 Executing VM operation: HandshakeAllThreads
Event: 3.718 Executing VM operation: HandshakeAllThreads done
Event: 3.760 Executing VM operation: HandshakeAllThreads
Event: 3.760 Executing VM operation: HandshakeAllThreads done
Event: 3.778 Executing VM operation: G1CollectForAllocation
Event: 3.779 Executing VM operation: G1CollectForAllocation done
Event: 3.843 Executing VM operation: G1CollectForAllocation
Event: 3.844 Executing VM operation: G1CollectForAllocation done
Event: 4.042 Executing VM operation: HandshakeAllThreads
Event: 4.043 Executing VM operation: HandshakeAllThreads done
Event: 4.273 Executing VM operation: HandshakeAllThreads
Event: 4.273 Executing VM operation: HandshakeAllThreads done
Event: 4.504 Executing VM operation: HandshakeAllThreads
Event: 4.504 Executing VM operation: HandshakeAllThreads done
Event: 4.600 Executing VM operation: ICBufferFull
Event: 4.600 Executing VM operation: ICBufferFull done

Events (20 events):
Event: 4.670 loading class javax/swing/table/DefaultTableModel done
Event: 4.670 loading class javax/swing/tree/DefaultMutableTreeNode
Event: 4.671 loading class javax/swing/tree/DefaultMutableTreeNode done
Event: 4.671 loading class javax/swing/tree/TreePath
Event: 4.671 loading class javax/swing/tree/TreePath done
Event: 4.671 loading class javax/swing/ButtonGroup
Event: 4.671 loading class javax/swing/ButtonGroup done
Event: 4.671 loading class javax/swing/JToolBar
Event: 4.672 loading class javax/swing/JToolBar done
Event: 4.672 loading class javax/swing/table/TableColumnModel
Event: 4.672 loading class javax/swing/table/TableColumnModel done
Event: 4.672 loading class javax/swing/table/TableColumn
Event: 4.672 loading class javax/swing/table/TableColumn done
Event: 4.672 loading class javax/swing/JTabbedPane
Event: 4.673 loading class javax/swing/JTabbedPane done
Event: 4.673 loading class javax/swing/DefaultComboBoxModel
Event: 4.673 loading class javax/swing/DefaultComboBoxModel done
Event: 4.674 loading class javax/accessibility/AccessibleContext
Event: 4.674 loading class javax/accessibility/AccessibleContext done
Event: 4.674 loading class java/awt/event/KeyEvent


Dynamic libraries:
0x00007ff77e490000 - 0x00007ff77e49a000 	D:\Program Files\Android\Android Studio\jbr\bin\java.exe
0x00007ffb15310000 - 0x00007ffb15508000 	C:\Windows\SYSTEM32\ntdll.dll
0x00007ffb141e0000 - 0x00007ffb1429d000 	C:\Windows\System32\KERNEL32.DLL
0x00007ffb12d30000 - 0x00007ffb13026000 	C:\Windows\System32\KERNELBASE.dll
0x00007ffb13030000 - 0x00007ffb13130000 	C:\Windows\System32\ucrtbase.dll
0x00007ffb0c200000 - 0x00007ffb0c21b000 	D:\Program Files\Android\Android Studio\jbr\bin\VCRUNTIME140.dll
0x00007ffaf1ee0000 - 0x00007ffaf1ef7000 	D:\Program Files\Android\Android Studio\jbr\bin\jli.dll
0x00007ffb142a0000 - 0x00007ffb1443e000 	C:\Windows\System32\USER32.dll
0x00007ffb129c0000 - 0x00007ffb129e2000 	C:\Windows\System32\win32u.dll
0x00007ffb029b0000 - 0x00007ffb02c4a000 	C:\Windows\WinSxS\amd64_microsoft.windows.common-controls_6595b64144ccf1df_6.0.19041.3636_none_60b6a03d71f818d5\COMCTL32.dll
0x00007ffb15210000 - 0x00007ffb1523b000 	C:\Windows\System32\GDI32.dll
0x00007ffb15130000 - 0x00007ffb151ce000 	C:\Windows\System32\msvcrt.dll
0x00007ffb12c10000 - 0x00007ffb12d27000 	C:\Windows\System32\gdi32full.dll
0x00007ffb12a40000 - 0x00007ffb12add000 	C:\Windows\System32\msvcp_win.dll
0x00007ffb151d0000 - 0x00007ffb15202000 	C:\Windows\System32\IMM32.DLL
0x00007ffb0d580000 - 0x00007ffb0d58c000 	D:\Program Files\Android\Android Studio\jbr\bin\vcruntime140_1.dll
0x00007ffae9df0000 - 0x00007ffae9e7d000 	D:\Program Files\Android\Android Studio\jbr\bin\msvcp140.dll
0x00007ffa8a1e0000 - 0x00007ffa8ae60000 	D:\Program Files\Android\Android Studio\jbr\bin\server\jvm.dll
0x00007ffb14440000 - 0x00007ffb144f0000 	C:\Windows\System32\ADVAPI32.dll
0x00007ffb14d60000 - 0x00007ffb14e00000 	C:\Windows\System32\sechost.dll
0x00007ffb14e70000 - 0x00007ffb14f95000 	C:\Windows\System32\RPCRT4.dll
0x00007ffb12ae0000 - 0x00007ffb12b07000 	C:\Windows\System32\bcrypt.dll
0x00007ffb0cce0000 - 0x00007ffb0cce9000 	C:\Windows\SYSTEM32\WSOCK32.dll
0x00007ffb0a930000 - 0x00007ffb0a93a000 	C:\Windows\SYSTEM32\VERSION.dll
0x00007ffaf9bd0000 - 0x00007ffaf9bf7000 	C:\Windows\SYSTEM32\WINMM.dll
0x00007ffb14b10000 - 0x00007ffb14b7b000 	C:\Windows\System32\WS2_32.dll
0x00007ffb10850000 - 0x00007ffb10862000 	C:\Windows\SYSTEM32\kernel.appcore.dll
0x00007ffb0c0c0000 - 0x00007ffb0c0ca000 	D:\Program Files\Android\Android Studio\jbr\bin\jimage.dll
0x00007ffb08e80000 - 0x00007ffb09064000 	C:\Windows\SYSTEM32\DBGHELP.DLL
0x00007ffb09ba0000 - 0x00007ffb09bd4000 	C:\Windows\SYSTEM32\dbgcore.DLL
0x00007ffb12b80000 - 0x00007ffb12c02000 	C:\Windows\System32\bcryptPrimitives.dll
0x00007ffaf2a70000 - 0x00007ffaf2a7e000 	D:\Program Files\Android\Android Studio\jbr\bin\instrument.dll
0x00007ffb0b7a0000 - 0x00007ffb0b7c5000 	D:\Program Files\Android\Android Studio\jbr\bin\java.dll
0x00007ffb0c0a0000 - 0x00007ffb0c0b8000 	D:\Program Files\Android\Android Studio\jbr\bin\zip.dll
0x00007ffb13560000 - 0x00007ffb13ccb000 	C:\Windows\System32\SHELL32.dll
0x00007ffb10a70000 - 0x00007ffb1120e000 	C:\Windows\SYSTEM32\windows.storage.dll
0x00007ffb13cd0000 - 0x00007ffb14023000 	C:\Windows\System32\combase.dll
0x00007ffb12380000 - 0x00007ffb123ae000 	C:\Windows\SYSTEM32\Wldp.dll
0x00007ffb15060000 - 0x00007ffb1512d000 	C:\Windows\System32\OLEAUT32.dll
0x00007ffb14b80000 - 0x00007ffb14c2d000 	C:\Windows\System32\SHCORE.dll
0x00007ffb14e00000 - 0x00007ffb14e55000 	C:\Windows\System32\shlwapi.dll
0x00007ffb128f0000 - 0x00007ffb12915000 	C:\Windows\SYSTEM32\profapi.dll
0x00007ffb0b900000 - 0x00007ffb0b919000 	D:\Program Files\Android\Android Studio\jbr\bin\net.dll
0x00007ffb0d8e0000 - 0x00007ffb0d9ea000 	C:\Windows\SYSTEM32\WINHTTP.dll
0x00007ffb120e0000 - 0x00007ffb1214a000 	C:\Windows\system32\mswsock.dll
0x00007ffb0b780000 - 0x00007ffb0b796000 	D:\Program Files\Android\Android Studio\jbr\bin\nio.dll
0x00007ffb0b770000 - 0x00007ffb0b780000 	D:\Program Files\Android\Android Studio\jbr\bin\verify.dll
0x00007ffb01550000 - 0x00007ffb01577000 	D:\Program Files\Android\Android Studio\.jdks\native\68d5fa5c4cc2d200863cafc0d521ce42e7d3e7ee720ec0a83991735586a16f82\windows-amd64\native-platform.dll
0x00007ffacb630000 - 0x00007ffacb774000 	D:\Program Files\Android\Android Studio\.jdks\native\e376f236ea51e6404a007f0833ffe2c6e607c4080706a723a18a27aeea778392\windows-amd64\native-platform-file-events.dll
0x00007ffaf2ad0000 - 0x00007ffaf2ad9000 	D:\Program Files\Android\Android Studio\jbr\bin\management.dll
0x00007ffaf2ac0000 - 0x00007ffaf2acb000 	D:\Program Files\Android\Android Studio\jbr\bin\management_ext.dll
0x00007ffb14e60000 - 0x00007ffb14e68000 	C:\Windows\System32\PSAPI.DLL
0x00007ffb122e0000 - 0x00007ffb122f8000 	C:\Windows\SYSTEM32\CRYPTSP.dll
0x00007ffb119b0000 - 0x00007ffb119e4000 	C:\Windows\system32\rsaenh.dll
0x00007ffb128b0000 - 0x00007ffb128de000 	C:\Windows\SYSTEM32\USERENV.dll
0x00007ffb122d0000 - 0x00007ffb122dc000 	C:\Windows\SYSTEM32\CRYPTBASE.dll
0x00007ffb11dd0000 - 0x00007ffb11e0b000 	C:\Windows\SYSTEM32\IPHLPAPI.DLL
0x00007ffb141d0000 - 0x00007ffb141d8000 	C:\Windows\System32\NSI.dll
0x00007ffb0c000000 - 0x00007ffb0c017000 	C:\Windows\SYSTEM32\dhcpcsvc6.DLL
0x00007ffb0bfc0000 - 0x00007ffb0bfdd000 	C:\Windows\SYSTEM32\dhcpcsvc.DLL
0x00007ffb11e10000 - 0x00007ffb11edb000 	C:\Windows\SYSTEM32\DNSAPI.dll
0x00007ffb08160000 - 0x00007ffb08167000 	C:\Windows\system32\wshunix.dll

dbghelp: loaded successfully - version: 4.0.5 - missing functions: none
symbol engine: initialized successfully - sym options: 0x614 - pdb path: .;D:\Program Files\Android\Android Studio\jbr\bin;C:\Windows\SYSTEM32;C:\Windows\WinSxS\amd64_microsoft.windows.common-controls_6595b64144ccf1df_6.0.19041.3636_none_60b6a03d71f818d5;D:\Program Files\Android\Android Studio\jbr\bin\server;D:\Program Files\Android\Android Studio\.jdks\native\68d5fa5c4cc2d200863cafc0d521ce42e7d3e7ee720ec0a83991735586a16f82\windows-amd64;D:\Program Files\Android\Android Studio\.jdks\native\e376f236ea51e6404a007f0833ffe2c6e607c4080706a723a18a27aeea778392\windows-amd64

VM Arguments:
jvm_args: --add-opens=java.base/java.util=ALL-UNNAMED --add-opens=java.base/java.lang=ALL-UNNAMED --add-opens=java.base/java.lang.invoke=ALL-UNNAMED --add-opens=java.prefs/java.util.prefs=ALL-UNNAMED --add-opens=java.base/java.nio.charset=ALL-UNNAMED --add-opens=java.base/java.net=ALL-UNNAMED --add-opens=java.base/java.util.concurrent.atomic=ALL-UNNAMED -Xmx2048m -Dfile.encoding=UTF-8 -Duser.country=US -Duser.language=en -Duser.variant -javaagent:D:\Program Files\Android\Android Studio\.jdks\wrapper\dists\gradle-8.2-bin\bbg7u40eoinfdyxsxr3z4i7ta\gradle-8.2\lib\agents\gradle-instrumentation-agent-8.2.jar 
java_command: org.gradle.launcher.daemon.bootstrap.GradleDaemon 8.2
java_class_path (initial): D:\Program Files\Android\Android Studio\.jdks\wrapper\dists\gradle-8.2-bin\bbg7u40eoinfdyxsxr3z4i7ta\gradle-8.2\lib\gradle-launcher-8.2.jar
Launcher Type: SUN_STANDARD

[Global flags]
     intx CICompilerCount                          = 4                                         {product} {ergonomic}
     uint ConcGCThreads                            = 3                                         {product} {ergonomic}
     uint G1ConcRefinementThreads                  = 10                                        {product} {ergonomic}
   size_t G1HeapRegionSize                         = 1048576                                   {product} {ergonomic}
    uintx GCDrainStackTargetSize                   = 64                                        {product} {ergonomic}
   size_t InitialHeapSize                          = 125829120                                 {product} {ergonomic}
   size_t MarkStackSize                            = 4194304                                   {product} {ergonomic}
   size_t MaxHeapSize                              = 2147483648                                {product} {command line}
   size_t MaxNewSize                               = 1287651328                                {product} {ergonomic}
   size_t MinHeapDeltaBytes                        = 1048576                                   {product} {ergonomic}
   size_t MinHeapSize                              = 8388608                                   {product} {ergonomic}
    uintx NonNMethodCodeHeapSize                   = 5839372                                {pd product} {ergonomic}
    uintx NonProfiledCodeHeapSize                  = 122909434                              {pd product} {ergonomic}
    uintx ProfiledCodeHeapSize                     = 122909434                              {pd product} {ergonomic}
    uintx ReservedCodeCacheSize                    = 251658240                              {pd product} {ergonomic}
     bool SegmentedCodeCache                       = true                                      {product} {ergonomic}
   size_t SoftMaxHeapSize                          = 2147483648                             {manageable} {ergonomic}
     bool UseCompressedClassPointers               = true                           {product lp64_product} {ergonomic}
     bool UseCompressedOops                        = true                           {product lp64_product} {ergonomic}
     bool UseG1GC                                  = true                                      {product} {ergonomic}
     bool UseLargePagesIndividualAllocation        = false                                  {pd product} {ergonomic}

Logging:
Log output configuration:
 #0: stdout all=warning uptime,level,tags
 #1: stderr all=off uptime,level,tags

Environment Variables:
PATH=C:\Program Files\Common Files\Oracle\Java\javapath;C:\Program Files\Microsoft MPI\Bin\;C:\Windows\system32;C:\Windows;C:\Windows\System32\Wbem;C:\Windows\System32\WindowsPowerShell\v1.0\;C:\Windows\System32\OpenSSH\;C:\Program Files (x86)\Microsoft SQL Server\150\Tools\Binn\;C:\Program Files\Microsoft SQL Server\150\Tools\Binn\;C:\Program Files (x86)\Microsoft SQL Server\150\DTS\Binn\;C:\Program Files\Microsoft SQL Server\150\DTS\Binn\;C:\Program Files\Microsoft SQL Server\Client SDK\ODBC\170\Tools\Binn\;C:\Program Files\Azure Data Studio\bin;E:\c++\bin;C:\xampp\php;C:\ProgramData\ComposerSetup\bin;C:\Users\FPT SHOP\AppData\Local\Microsoft\WindowsApps;;C:\Program Files\Azure Data Studio\bin;C:\Users\FPT SHOP\AppData\Local\Programs\Microsoft VS Code\bin;C:\Users\FPT SHOP\AppData\Roaming\Composer\vendor\bin;D:\IntelliJ IDEA Community Edition 2023.3.2\bin;
USERNAME=FPT SHOP
OS=Windows_NT
PROCESSOR_IDENTIFIER=AMD64 Family 23 Model 96 Stepping 1, AuthenticAMD
TMP=C:\Users\FPTSHO~1\AppData\Local\Temp
TEMP=C:\Users\FPTSHO~1\AppData\Local\Temp


JNI global refs:
JNI global refs: 26, weak refs: 0

JNI global refs memory usage: 843, weak refs: 841

OOME stack traces (most recent first):
Classloader memory used:
Loader org.gradle.internal.classloader.VisitableURLClassLoader                         : 2261K
Loader bootstrap                                                                       : 2197K
Loader org.gradle.initialization.MixInLegacyTypesClassLoader                           : 448K
Loader org.gradle.internal.classloader.VisitableURLClassLoader                         : 52299B
Loader jdk.internal.loader.ClassLoaders$PlatformClassLoader                            : 29223B
Loader jdk.internal.loader.ClassLoaders$AppClassLoader                                 : 28450B
Loader jdk.internal.reflect.DelegatingClassLoader                                      : 21532B
Loader org.gradle.groovy.scripts.internal.DefaultScriptCompilationHandler$ScriptClassLoader: 751B

Classes loaded by more than one classloader:
Class org.gradle.api.GradleException                                                  : loaded 3 times (x 80B)
Class org.gradle.util.GradleVersion                                                   : loaded 2 times (x 81B)
Class org.gradle.internal.classpath.ClassPath                                         : loaded 2 times (x 68B)
Class org.gradle.api.internal.classpath.DefaultModuleRegistry                         : loaded 2 times (x 84B)
Class org.gradle.api.Action                                                           : loaded 2 times (x 68B)
Class org.gradle.api.internal.DefaultClassPathProvider                                : loaded 2 times (x 74B)
Class org.gradle.internal.installation.GradleInstallation$1                           : loaded 2 times (x 73B)
Class org.gradle.internal.exceptions.DefaultMultiCauseException                       : loaded 2 times (x 85B)
Class org.gradle.internal.time.MonotonicClock                                         : loaded 2 times (x 75B)
Class org.gradle.internal.classloader.FilteringClassLoader                            : loaded 2 times (x 102B)
Class org.gradle.internal.classpath.DefaultClassPath$ImmutableUniqueList$Builder      : loaded 2 times (x 73B)
Class org.gradle.internal.classloader.ClassLoaderVisitor                              : loaded 2 times (x 74B)
Class org.gradle.internal.time.DefaultCountdownTimer                                  : loaded 2 times (x 86B)
Class org.gradle.internal.service.DefaultServiceLocator                               : loaded 2 times (x 81B)
Class org.gradle.internal.service.UnknownServiceException                             : loaded 2 times (x 81B)
Class org.gradle.internal.classloader.DefaultClassLoaderFactory                       : loaded 2 times (x 80B)
Class org.gradle.internal.classloader.VisitableURLClassLoader$Spec                    : loaded 2 times (x 72B)
Class org.gradle.tooling.model.ProjectModel                                           : loaded 2 times (x 68B)
Class org.gradle.internal.installation.GradleInstallation                             : loaded 2 times (x 73B)
Class org.gradle.api.internal.classpath.ModuleRegistry                                : loaded 2 times (x 68B)
Class org.gradle.api.internal.ClassPathProvider                                       : loaded 2 times (x 68B)
Class org.gradle.internal.classloader.ClasspathUtil$1                                 : loaded 2 times (x 74B)
Class org.gradle.internal.classloader.ClassLoaderFactory                              : loaded 2 times (x 68B)
Class org.gradle.api.internal.classpath.ManifestUtil                                  : loaded 2 times (x 69B)
Class org.gradle.api.specs.Spec                                                       : loaded 2 times (x 68B)
Class org.gradle.internal.IoActions                                                   : loaded 2 times (x 69B)
Class org.gradle.api.internal.classpath.EffectiveClassPath                            : loaded 2 times (x 88B)
Class org.gradle.internal.installation.CurrentGradleInstallation                      : loaded 2 times (x 71B)
Class org.gradle.internal.agents.InstrumentingClassLoader                             : loaded 2 times (x 68B)
Class org.gradle.internal.installation.CurrentGradleInstallationLocator               : loaded 2 times (x 69B)
Class org.gradle.api.internal.classpath.Module                                        : loaded 2 times (x 68B)
Class org.gradle.internal.service.CachingServiceLocator                               : loaded 2 times (x 80B)
Class org.gradle.internal.time.Timer                                                  : loaded 2 times (x 68B)
Class org.gradle.internal.classpath.DefaultClassPath                                  : loaded 2 times (x 88B)
Class org.gradle.internal.time.Time                                                   : loaded 2 times (x 69B)
Class org.gradle.internal.time.TimeSource$1                                           : loaded 2 times (x 75B)
Class org.gradle.internal.classloader.SystemClassLoaderSpec                           : loaded 2 times (x 69B)
Class kotlin.Function                                                                 : loaded 2 times (x 68B)
Class org.gradle.api.UncheckedIOException                                             : loaded 2 times (x 80B)
Class org.gradle.internal.time.CountdownTimer                                         : loaded 2 times (x 68B)
Class org.gradle.internal.time.Clock                                                  : loaded 2 times (x 68B)
Class org.gradle.internal.classloader.ClasspathUtil                                   : loaded 2 times (x 69B)
Class org.gradle.api.internal.DefaultClassPathRegistry                                : loaded 2 times (x 74B)
Class org.gradle.api.internal.classpath.DefaultModuleRegistry$DefaultModule           : loaded 2 times (x 84B)
Class org.gradle.internal.time.TimeSource                                             : loaded 2 times (x 68B)
Class org.gradle.api.internal.classpath.UnknownModuleException                        : loaded 2 times (x 80B)
Class org.gradle.internal.service.ServiceLookupException                              : loaded 2 times (x 80B)
Class org.gradle.cache.GlobalCache                                                    : loaded 2 times (x 68B)
Class [Lorg.gradle.api.internal.ClassPathProvider;                                    : loaded 2 times (x 67B)
Class org.gradle.internal.operations.MultipleBuildOperationFailures                   : loaded 2 times (x 85B)
Class org.gradle.util.internal.GUtil                                                  : loaded 2 times (x 69B)
Class org.gradle.internal.classloader.ClassLoaderSpec                                 : loaded 2 times (x 69B)
Class org.gradle.internal.classloader.VisitableURLClassLoader                         : loaded 2 times (x 114B)
Class org.gradle.internal.Cast                                                        : loaded 2 times (x 69B)
Class org.gradle.api.internal.ClassPathRegistry                                       : loaded 2 times (x 68B)
Class org.gradle.internal.classloader.VisitableURLClassLoader$InstrumentingVisitableURLClassLoader: loaded 2 times (x 120B)
Class org.gradle.internal.classloader.ClassLoaderHierarchy                            : loaded 2 times (x 68B)
Class org.gradle.internal.exceptions.MultiCauseException                              : loaded 2 times (x 68B)
Class org.gradle.internal.InternalTransformer                                         : loaded 2 times (x 68B)
Class org.gradle.internal.service.ServiceLocator                                      : loaded 2 times (x 68B)
Class org.gradle.internal.classpath.DefaultClassPath$ImmutableUniqueList              : loaded 2 times (x 159B)
Class org.gradle.internal.time.DefaultTimer                                           : loaded 2 times (x 78B)
Class org.gradle.internal.classpath.TransformedClassPath                              : loaded 2 times (x 94B)


---------------  S Y S T E M  ---------------

OS:
 Windows 10 , 64 bit Build 19041 (10.0.19041.3636)
OS uptime: 20 days 22:12 hours

CPU: total 12 (initial active 12) (12 cores per cpu, 2 threads per core) family 23 model 96 stepping 1 microcode 0x0, cx8, cmov, fxsr, ht, mmx, 3dnowpref, sse, sse2, sse3, ssse3, sse4a, sse4.1, sse4.2, popcnt, lzcnt, tsc, tscinvbit, avx, avx2, aes, clmul, bmi1, bmi2, adx, sha, fma, vzeroupper, clflush, clflushopt

Memory: 4k page, system-wide physical 7598M (399M free)
TotalPageFile size 26348M (AvailPageFile size 11M)
current process WorkingSet (physical memory assigned to process): 269M, peak: 272M
current process commit charge ("private bytes"): 346M, peak: 353M

vm_info: OpenJDK 64-Bit Server VM (17.0.7+0-b2043.56-10550314) for windows-amd64 JRE (17.0.7+0-b2043.56-10550314), built on Jul 24 2023 18:27:45 by "androidbuild" with MS VC++ 16.10 / 16.11 (VS2019)

END.
