#
# There is insufficient memory for the Java Runtime Environment to continue.
# Native memory allocation (malloc) failed to allocate 1955904 bytes for Chunk::new
# Possible reasons:
#   The system is out of physical RAM or swap space
#   The process is running with CompressedOops enabled, and the Java Heap may be blocking the growth of the native heap
# Possible solutions:
#   Reduce memory load on the system
#   Increase physical memory or swap space
#   Check if swap backing store is full
#   Decrease Java heap size (-Xmx/-Xms)
#   Decrease number of Java threads
#   Decrease Java thread stack sizes (-Xss)
#   Set larger code cache with -XX:ReservedCodeCacheSize=
#   JVM is running with Unscaled Compressed Oops mode in which the Java heap is
#     placed in the first 4GB address space. The Java Heap base address is the
#     maximum limit for the native heap growth. Please use -XX:HeapBaseMinAddress
#     to set the Java Heap base and to place the Java Heap above 4GB virtual address.
# This output file may be truncated or incomplete.
#
#  Out of Memory Error (arena.cpp:189), pid=17712, tid=22620
#
# JRE version: OpenJDK Runtime Environment (17.0.7) (build 17.0.7+0-b2043.56-10550314)
# Java VM: OpenJDK 64-Bit Server VM (17.0.7+0-b2043.56-10550314, mixed mode, tiered, compressed oops, compressed class ptrs, g1 gc, windows-amd64)
# No core dump will be written. Minidumps are not enabled by default on client versions of Windows
#

---------------  S U M M A R Y ------------

Command Line: --add-opens=java.base/java.util=ALL-UNNAMED --add-opens=java.base/java.lang=ALL-UNNAMED --add-opens=java.base/java.lang.invoke=ALL-UNNAMED --add-opens=java.prefs/java.util.prefs=ALL-UNNAMED --add-opens=java.base/java.nio.charset=ALL-UNNAMED --add-opens=java.base/java.net=ALL-UNNAMED --add-opens=java.base/java.util.concurrent.atomic=ALL-UNNAMED -Xmx2048m -Dfile.encoding=UTF-8 -Duser.country=US -Duser.language=en -Duser.variant -javaagent:D:\Program Files\Android\Android Studio\.jdks\wrapper\dists\gradle-8.2-bin\bbg7u40eoinfdyxsxr3z4i7ta\gradle-8.2\lib\agents\gradle-instrumentation-agent-8.2.jar org.gradle.launcher.daemon.bootstrap.GradleDaemon 8.2

Host: AMD Ryzen 5 4600H with Radeon Graphics         , 12 cores, 7G,  Windows 10 , 64 bit Build 19041 (10.0.19041.3636)
Time: Fri Apr  5 23:53:06 2024 SE Asia Standard Time elapsed time: 10.241131 seconds (0d 0h 0m 10s)

---------------  T H R E A D  ---------------

Current thread (0x000002366202d780):  JavaThread "C2 CompilerThread0" daemon [_thread_in_native, id=22620, stack(0x00000038d3c00000,0x00000038d3d00000)]


Current CompileTask:
C2:  10241 6440       4       java.net.URLClassLoader$1::run (5 bytes)

Stack: [0x00000038d3c00000,0x00000038d3d00000]
Native frames: (J=compiled Java code, j=interpreted, Vv=VM code, C=native code)
V  [jvm.dll+0x683bfa]
V  [jvm.dll+0x8430a4]
V  [jvm.dll+0x8449be]
V  [jvm.dll+0x845023]
V  [jvm.dll+0x24ad2f]
V  [jvm.dll+0xac25c]
V  [jvm.dll+0xac82c]
V  [jvm.dll+0x36a187]
V  [jvm.dll+0x334821]
V  [jvm.dll+0x333cca]
V  [jvm.dll+0x21d251]
V  [jvm.dll+0x21c671]
V  [jvm.dll+0x1a605d]
V  [jvm.dll+0x22c148]
V  [jvm.dll+0x22a209]
V  [jvm.dll+0x7f858c]
V  [jvm.dll+0x7f2aea]
V  [jvm.dll+0x682a35]
C  [ucrtbase.dll+0x21bb2]
C  [KERNEL32.DLL+0x17344]
C  [ntdll.dll+0x526b1]


---------------  P R O C E S S  ---------------

Threads class SMR info:
_java_thread_list=0x00000236641a7120, length=59, elements={
0x0000023643a34740, 0x000002365dcf3630, 0x000002365dcf4c90, 0x000002366201c010,
0x000002366201dae0, 0x00000236620209c0, 0x0000023662021a20, 0x000002366202d780,
0x000002366202e080, 0x0000023662031340, 0x0000023662156600, 0x00000236622871c0,
0x00000236636ee000, 0x0000023663813eb0, 0x0000023663a8b860, 0x0000023663960a00,
0x00000236632927c0, 0x00000236637294b0, 0x0000023663ba0310, 0x0000023663a7c230,
0x0000023663a7bd60, 0x0000023663a7aef0, 0x0000023663a7b890, 0x0000023663a7b3c0,
0x0000023663a7a550, 0x0000023663a7c700, 0x0000023663a7cbd0, 0x0000023663a7d0a0,
0x0000023663a7d570, 0x0000023663a7da40, 0x0000023663a7a080, 0x0000023663a7aa20,
0x000002366479aa60, 0x000002366479d0e0, 0x0000023664795d60, 0x000002366479c270,
0x00000236647988b0, 0x000002366479c740, 0x000002366479af30, 0x00000236647983e0,
0x000002366479a590, 0x0000023664798d80, 0x0000023664799250, 0x0000023664799bf0,
0x000002366479a0c0, 0x000002366479bda0, 0x0000023664796bd0, 0x0000023664797f10,
0x0000023664797570, 0x0000023664797a40, 0x0000023665272a70, 0x000002366526ebe0,
0x0000023665271260, 0x000002366526f0b0, 0x0000023665271730, 0x0000023665273410,
0x000002366526fa50, 0x0000023665271c00, 0x0000023665270d90
}

Java Threads: ( => current thread )
  0x0000023643a34740 JavaThread "main" [_thread_blocked, id=13228, stack(0x00000038d2f00000,0x00000038d3000000)]
  0x000002365dcf3630 JavaThread "Reference Handler" daemon [_thread_blocked, id=24364, stack(0x00000038d3600000,0x00000038d3700000)]
  0x000002365dcf4c90 JavaThread "Finalizer" daemon [_thread_blocked, id=13220, stack(0x00000038d3700000,0x00000038d3800000)]
  0x000002366201c010 JavaThread "Signal Dispatcher" daemon [_thread_blocked, id=22444, stack(0x00000038d3800000,0x00000038d3900000)]
  0x000002366201dae0 JavaThread "Attach Listener" daemon [_thread_blocked, id=27528, stack(0x00000038d3900000,0x00000038d3a00000)]
  0x00000236620209c0 JavaThread "Service Thread" daemon [_thread_blocked, id=1168, stack(0x00000038d3a00000,0x00000038d3b00000)]
  0x0000023662021a20 JavaThread "Monitor Deflation Thread" daemon [_thread_blocked, id=13848, stack(0x00000038d3b00000,0x00000038d3c00000)]
=>0x000002366202d780 JavaThread "C2 CompilerThread0" daemon [_thread_in_native, id=22620, stack(0x00000038d3c00000,0x00000038d3d00000)]
  0x000002366202e080 JavaThread "C1 CompilerThread0" daemon [_thread_blocked, id=3392, stack(0x00000038d3d00000,0x00000038d3e00000)]
  0x0000023662031340 JavaThread "Sweeper thread" daemon [_thread_blocked, id=20252, stack(0x00000038d3e00000,0x00000038d3f00000)]
  0x0000023662156600 JavaThread "Common-Cleaner" daemon [_thread_blocked, id=26036, stack(0x00000038d3f00000,0x00000038d4000000)]
  0x00000236622871c0 JavaThread "Notification Thread" daemon [_thread_blocked, id=13264, stack(0x00000038d4000000,0x00000038d4100000)]
  0x00000236636ee000 JavaThread "Daemon health stats" [_thread_blocked, id=9956, stack(0x00000038d4600000,0x00000038d4700000)]
  0x0000023663813eb0 JavaThread "Incoming local TCP Connector on port 50592" [_thread_in_native, id=20772, stack(0x00000038d4700000,0x00000038d4800000)]
  0x0000023663a8b860 JavaThread "Daemon periodic checks" [_thread_blocked, id=10696, stack(0x00000038d4800000,0x00000038d4900000)]
  0x0000023663960a00 JavaThread "Daemon" [_thread_blocked, id=25324, stack(0x00000038d4900000,0x00000038d4a00000)]
  0x00000236632927c0 JavaThread "Handler for socket connection from /127.0.0.1:50592 to /127.0.0.1:50593" [_thread_in_native, id=25756, stack(0x00000038d4a00000,0x00000038d4b00000)]
  0x00000236637294b0 JavaThread "Cancel handler" [_thread_blocked, id=19908, stack(0x00000038d4b00000,0x00000038d4c00000)]
  0x0000023663ba0310 JavaThread "Daemon worker" [_thread_in_vm, id=13212, stack(0x00000038d4c00000,0x00000038d4d00000)]
  0x0000023663a7c230 JavaThread "Asynchronous log dispatcher for DefaultDaemonConnection: socket connection from /127.0.0.1:50592 to /127.0.0.1:50593" [_thread_blocked, id=15552, stack(0x00000038d4d00000,0x00000038d4e00000)]
  0x0000023663a7bd60 JavaThread "Stdin handler" [_thread_blocked, id=8344, stack(0x00000038d4e00000,0x00000038d4f00000)]
  0x0000023663a7aef0 JavaThread "Daemon client event forwarder" [_thread_blocked, id=16404, stack(0x00000038d4f00000,0x00000038d5000000)]
  0x0000023663a7b890 JavaThread "Cache worker for journal cache (D:\Program Files\Android\Android Studio\.jdks\caches\journal-1)" [_thread_blocked, id=5860, stack(0x00000038d5700000,0x00000038d5800000)]
  0x0000023663a7b3c0 JavaThread "File lock request listener" [_thread_in_native, id=6004, stack(0x00000038d5800000,0x00000038d5900000)]
  0x0000023663a7a550 JavaThread "Cache worker for file hash cache (D:\Program Files\Android\Android Studio\.jdks\caches\8.2\fileHashes)" [_thread_blocked, id=7772, stack(0x00000038d5900000,0x00000038d5a00000)]
  0x0000023663a7c700 JavaThread "File watcher server" daemon [_thread_in_native, id=23252, stack(0x00000038d5a00000,0x00000038d5b00000)]
  0x0000023663a7cbd0 JavaThread "File watcher consumer" daemon [_thread_blocked, id=22212, stack(0x00000038d5b00000,0x00000038d5c00000)]
  0x0000023663a7d0a0 JavaThread "jar transforms" [_thread_blocked, id=16108, stack(0x00000038d5c00000,0x00000038d5d00000)]
  0x0000023663a7d570 JavaThread "jar transforms Thread 2" [_thread_blocked, id=9800, stack(0x00000038d5d00000,0x00000038d5e00000)]
  0x0000023663a7da40 JavaThread "jar transforms Thread 3" [_thread_blocked, id=23764, stack(0x00000038d5e00000,0x00000038d5f00000)]
  0x0000023663a7a080 JavaThread "jar transforms Thread 4" [_thread_blocked, id=8652, stack(0x00000038d5f00000,0x00000038d6000000)]
  0x0000023663a7aa20 JavaThread "jar transforms Thread 5" [_thread_blocked, id=25116, stack(0x00000038d6000000,0x00000038d6100000)]
  0x000002366479aa60 JavaThread "jar transforms Thread 6" [_thread_blocked, id=1876, stack(0x00000038d6100000,0x00000038d6200000)]
  0x000002366479d0e0 JavaThread "jar transforms Thread 7" [_thread_blocked, id=4236, stack(0x00000038d6200000,0x00000038d6300000)]
  0x0000023664795d60 JavaThread "jar transforms Thread 8" [_thread_blocked, id=22460, stack(0x00000038d6300000,0x00000038d6400000)]
  0x000002366479c270 JavaThread "jar transforms Thread 9" [_thread_blocked, id=23660, stack(0x00000038d6400000,0x00000038d6500000)]
  0x00000236647988b0 JavaThread "jar transforms Thread 10" [_thread_blocked, id=26080, stack(0x00000038d6500000,0x00000038d6600000)]
  0x000002366479c740 JavaThread "jar transforms Thread 11" [_thread_blocked, id=16924, stack(0x00000038d6600000,0x00000038d6700000)]
  0x000002366479af30 JavaThread "jar transforms Thread 12" [_thread_blocked, id=23212, stack(0x00000038d6700000,0x00000038d6800000)]
  0x00000236647983e0 JavaThread "Cache worker for checksums cache (D:\AndroidStudioProjects\OldBook\.gradle\8.2\checksums)" [_thread_blocked, id=10008, stack(0x00000038d6800000,0x00000038d6900000)]
  0x000002366479a590 JavaThread "Cache worker for cache directory md-rule (D:\Program Files\Android\Android Studio\.jdks\caches\8.2\md-rule)" [_thread_blocked, id=24284, stack(0x00000038d6900000,0x00000038d6a00000)]
  0x0000023664798d80 JavaThread "Cache worker for file content cache (D:\Program Files\Android\Android Studio\.jdks\caches\8.2\fileContent)" [_thread_blocked, id=12928, stack(0x00000038d6a00000,0x00000038d6b00000)]
  0x0000023664799250 JavaThread "Cache worker for file hash cache (D:\AndroidStudioProjects\OldBook\.gradle\8.2\fileHashes)" [_thread_blocked, id=17984, stack(0x00000038d6b00000,0x00000038d6c00000)]
  0x0000023664799bf0 JavaThread "Cache worker for cache directory md-supplier (D:\Program Files\Android\Android Studio\.jdks\caches\8.2\md-supplier)" [_thread_blocked, id=4092, stack(0x00000038d6c00000,0x00000038d6d00000)]
  0x000002366479a0c0 JavaThread "Cache worker for execution history cache (D:\Program Files\Android\Android Studio\.jdks\caches\8.2\executionHistory)" [_thread_blocked, id=21352, stack(0x00000038d6d00000,0x00000038d6e00000)]
  0x000002366479bda0 JavaThread "Cache worker for kotlin-dsl (D:\Program Files\Android\Android Studio\.jdks\caches\8.2\kotlin-dsl)" [_thread_blocked, id=6184, stack(0x00000038d6e00000,0x00000038d6f00000)]
  0x0000023664796bd0 JavaThread "Cache worker for dependencies-accessors (D:\AndroidStudioProjects\OldBook\.gradle\8.2\dependencies-accessors)" [_thread_blocked, id=23748, stack(0x00000038d6f00000,0x00000038d7000000)]
  0x0000023664797f10 JavaThread "Cache worker for Build Output Cleanup Cache (D:\AndroidStudioProjects\OldBook\.gradle\buildOutputCleanup)" [_thread_blocked, id=708, stack(0x00000038d7000000,0x00000038d7100000)]
  0x0000023664797570 JavaThread "Unconstrained build operations" [_thread_blocked, id=224, stack(0x00000038d7100000,0x00000038d7200000)]
  0x0000023664797a40 JavaThread "Unconstrained build operations Thread 2" [_thread_blocked, id=20532, stack(0x00000038d7200000,0x00000038d7300000)]
  0x0000023665272a70 JavaThread "Unconstrained build operations Thread 3" [_thread_blocked, id=27132, stack(0x00000038d7300000,0x00000038d7400000)]
  0x000002366526ebe0 JavaThread "Unconstrained build operations Thread 4" [_thread_blocked, id=11200, stack(0x00000038d7400000,0x00000038d7500000)]
  0x0000023665271260 JavaThread "Unconstrained build operations Thread 5" [_thread_blocked, id=16364, stack(0x00000038d7500000,0x00000038d7600000)]
  0x000002366526f0b0 JavaThread "Unconstrained build operations Thread 6" [_thread_blocked, id=21044, stack(0x00000038d7600000,0x00000038d7700000)]
  0x0000023665271730 JavaThread "Unconstrained build operations Thread 7" [_thread_blocked, id=13548, stack(0x00000038d7700000,0x00000038d7800000)]
  0x0000023665273410 JavaThread "Unconstrained build operations Thread 8" [_thread_blocked, id=16668, stack(0x00000038d7800000,0x00000038d7900000)]
  0x000002366526fa50 JavaThread "Unconstrained build operations Thread 9" [_thread_blocked, id=17388, stack(0x00000038d7900000,0x00000038d7a00000)]
  0x0000023665271c00 JavaThread "Unconstrained build operations Thread 10" [_thread_blocked, id=20984, stack(0x00000038d7a00000,0x00000038d7b00000)]
  0x0000023665270d90 JavaThread "Unconstrained build operations Thread 11" [_thread_blocked, id=712, stack(0x00000038d7b00000,0x00000038d7c00000)]

Other Threads:
  0x000002365dc71b80 VMThread "VM Thread" [stack: 0x00000038d3500000,0x00000038d3600000] [id=16780]
  0x0000023662263d40 WatcherThread [stack: 0x00000038d4100000,0x00000038d4200000] [id=18864]
  0x0000023643a92bb0 GCTaskThread "GC Thread#0" [stack: 0x00000038d3000000,0x00000038d3100000] [id=14228]
  0x0000023662ab6ca0 GCTaskThread "GC Thread#1" [stack: 0x00000038d4200000,0x00000038d4300000] [id=21744]
  0x00000236628825e0 GCTaskThread "GC Thread#2" [stack: 0x00000038d4300000,0x00000038d4400000] [id=14528]
  0x000002366260b2d0 GCTaskThread "GC Thread#3" [stack: 0x00000038d4400000,0x00000038d4500000] [id=12476]
  0x0000023662f25410 GCTaskThread "GC Thread#4" [stack: 0x00000038d4500000,0x00000038d4600000] [id=22180]
  0x0000023663b6ad20 GCTaskThread "GC Thread#5" [stack: 0x00000038d5000000,0x00000038d5100000] [id=2616]
  0x0000023663b5c8b0 GCTaskThread "GC Thread#6" [stack: 0x00000038d5100000,0x00000038d5200000] [id=3676]
  0x0000023663cf9360 GCTaskThread "GC Thread#7" [stack: 0x00000038d5200000,0x00000038d5300000] [id=26364]
  0x0000023663818290 GCTaskThread "GC Thread#8" [stack: 0x00000038d5300000,0x00000038d5400000] [id=21788]
  0x00000236639cd060 GCTaskThread "GC Thread#9" [stack: 0x00000038d5400000,0x00000038d5500000] [id=24880]
  0x0000023643aa3a00 ConcurrentGCThread "G1 Main Marker" [stack: 0x00000038d3100000,0x00000038d3200000] [id=8576]
  0x0000023643aa4320 ConcurrentGCThread "G1 Conc#0" [stack: 0x00000038d3200000,0x00000038d3300000] [id=22488]
  0x0000023663c3f530 ConcurrentGCThread "G1 Conc#1" [stack: 0x00000038d5500000,0x00000038d5600000] [id=23320]
  0x0000023663be9150 ConcurrentGCThread "G1 Conc#2" [stack: 0x00000038d5600000,0x00000038d5700000] [id=8248]
  0x0000023643afe390 ConcurrentGCThread "G1 Refine#0" [stack: 0x00000038d3300000,0x00000038d3400000] [id=23796]
  0x0000023643afecc0 ConcurrentGCThread "G1 Service" [stack: 0x00000038d3400000,0x00000038d3500000] [id=22868]

Threads with active compile tasks:
C2 CompilerThread0    10275 6440       4       java.net.URLClassLoader$1::run (5 bytes)

VM state: not at safepoint (normal execution)

VM Mutex/Monitor currently owned by a thread: None

Heap address: 0x0000000080000000, size: 2048 MB, Compressed Oops mode: 32-bit

CDS archive(s) not mapped
Compressed class space mapped at: 0x0000000100000000-0x0000000140000000, reserved size: 1073741824
Narrow klass base: 0x0000000000000000, Narrow klass shift: 3, Narrow klass range: 0x140000000

GC Precious Log:
 CPUs: 12 total, 12 available
 Memory: 7598M
 Large Page Support: Disabled
 NUMA Support: Disabled
 Compressed Oops: Enabled (32-bit)
 Heap Region Size: 1M
 Heap Min Capacity: 8M
 Heap Initial Capacity: 120M
 Heap Max Capacity: 2G
 Pre-touch: Disabled
 Parallel Workers: 10
 Concurrent Workers: 3
 Concurrent Refinement Workers: 10
 Periodic GC: Disabled

Heap:
 garbage-first heap   total 150528K, used 117167K [0x0000000080000000, 0x0000000100000000)
  region size 1024K, 34 young (34816K), 2 survivors (2048K)
 Metaspace       used 63674K, committed 64384K, reserved 1114112K
  class space    used 9079K, committed 9408K, reserved 1048576K

Heap Regions: E=young(eden), S=young(survivor), O=old, HS=humongous(starts), HC=humongous(continues), CS=collection set, F=free, OA=open archive, CA=closed archive, TAMS=top-at-mark-start (previous, next)
|   0|0x0000000080000000, 0x0000000080100000, 0x0000000080100000|100%|HS|  |TAMS 0x0000000080100000, 0x0000000080000000| Complete 
|   1|0x0000000080100000, 0x0000000080200000, 0x0000000080200000|100%|HC|  |TAMS 0x0000000080200000, 0x0000000080100000| Complete 
|   2|0x0000000080200000, 0x0000000080300000, 0x0000000080300000|100%|HC|  |TAMS 0x0000000080300000, 0x0000000080200000| Complete 
|   3|0x0000000080300000, 0x0000000080400000, 0x0000000080400000|100%|HC|  |TAMS 0x0000000080400000, 0x0000000080300000| Complete 
|   4|0x0000000080400000, 0x0000000080500000, 0x0000000080500000|100%| O|  |TAMS 0x0000000080500000, 0x0000000080400000| Untracked 
|   5|0x0000000080500000, 0x0000000080600000, 0x0000000080600000|100%|HS|  |TAMS 0x0000000080500000, 0x0000000080500000| Complete 
|   6|0x0000000080600000, 0x0000000080700000, 0x0000000080700000|100%| O|  |TAMS 0x0000000080700000, 0x0000000080600000| Untracked 
|   7|0x0000000080700000, 0x0000000080800000, 0x0000000080800000|100%| O|  |TAMS 0x0000000080800000, 0x0000000080700000| Untracked 
|   8|0x0000000080800000, 0x0000000080900000, 0x0000000080900000|100%| O|  |TAMS 0x0000000080900000, 0x0000000080800000| Untracked 
|   9|0x0000000080900000, 0x0000000080a00000, 0x0000000080a00000|100%| O|  |TAMS 0x0000000080a00000, 0x0000000080900000| Untracked 
|  10|0x0000000080a00000, 0x0000000080b00000, 0x0000000080b00000|100%| O|  |TAMS 0x0000000080b00000, 0x0000000080a00000| Untracked 
|  11|0x0000000080b00000, 0x0000000080c00000, 0x0000000080c00000|100%| O|  |TAMS 0x0000000080c00000, 0x0000000080b00000| Untracked 
|  12|0x0000000080c00000, 0x0000000080d00000, 0x0000000080d00000|100%| O|  |TAMS 0x0000000080d00000, 0x0000000080c00000| Untracked 
|  13|0x0000000080d00000, 0x0000000080e00000, 0x0000000080e00000|100%| O|  |TAMS 0x0000000080e00000, 0x0000000080d00000| Untracked 
|  14|0x0000000080e00000, 0x0000000080f00000, 0x0000000080f00000|100%| O|  |TAMS 0x0000000080f00000, 0x0000000080e00000| Untracked 
|  15|0x0000000080f00000, 0x0000000081000000, 0x0000000081000000|100%| O|  |TAMS 0x0000000081000000, 0x0000000080f00000| Untracked 
|  16|0x0000000081000000, 0x0000000081100000, 0x0000000081100000|100%| O|  |TAMS 0x0000000081100000, 0x0000000081000000| Untracked 
|  17|0x0000000081100000, 0x0000000081200000, 0x0000000081200000|100%| O|  |TAMS 0x0000000081200000, 0x0000000081100000| Untracked 
|  18|0x0000000081200000, 0x0000000081300000, 0x0000000081300000|100%| O|  |TAMS 0x0000000081300000, 0x0000000081200000| Complete 
|  19|0x0000000081300000, 0x0000000081400000, 0x0000000081400000|100%|HS|  |TAMS 0x0000000081400000, 0x0000000081300000| Complete 
|  20|0x0000000081400000, 0x0000000081500000, 0x0000000081500000|100%|HC|  |TAMS 0x0000000081500000, 0x0000000081400000| Complete 
|  21|0x0000000081500000, 0x0000000081600000, 0x0000000081600000|100%|HS|  |TAMS 0x0000000081600000, 0x0000000081500000| Complete 
|  22|0x0000000081600000, 0x0000000081700000, 0x0000000081700000|100%|HC|  |TAMS 0x0000000081700000, 0x0000000081600000| Complete 
|  23|0x0000000081700000, 0x0000000081800000, 0x0000000081800000|100%|HC|  |TAMS 0x0000000081800000, 0x0000000081700000| Complete 
|  24|0x0000000081800000, 0x0000000081900000, 0x0000000081900000|100%|HS|  |TAMS 0x0000000081900000, 0x0000000081800000| Complete 
|  25|0x0000000081900000, 0x0000000081a00000, 0x0000000081a00000|100%|HC|  |TAMS 0x0000000081a00000, 0x0000000081900000| Complete 
|  26|0x0000000081a00000, 0x0000000081b00000, 0x0000000081b00000|100%| O|  |TAMS 0x0000000081b00000, 0x0000000081a00000| Untracked 
|  27|0x0000000081b00000, 0x0000000081c00000, 0x0000000081c00000|100%| O|  |TAMS 0x0000000081c00000, 0x0000000081b00000| Untracked 
|  28|0x0000000081c00000, 0x0000000081d00000, 0x0000000081d00000|100%| O|  |TAMS 0x0000000081d00000, 0x0000000081c00000| Untracked 
|  29|0x0000000081d00000, 0x0000000081e00000, 0x0000000081e00000|100%| O|  |TAMS 0x0000000081e00000, 0x0000000081d00000| Untracked 
|  30|0x0000000081e00000, 0x0000000081f00000, 0x0000000081f00000|100%|HS|  |TAMS 0x0000000081f00000, 0x0000000081e00000| Complete 
|  31|0x0000000081f00000, 0x0000000082000000, 0x0000000082000000|100%|HC|  |TAMS 0x0000000082000000, 0x0000000081f00000| Complete 
|  32|0x0000000082000000, 0x0000000082100000, 0x0000000082100000|100%|HC|  |TAMS 0x0000000082100000, 0x0000000082000000| Complete 
|  33|0x0000000082100000, 0x0000000082200000, 0x0000000082200000|100%|HC|  |TAMS 0x0000000082200000, 0x0000000082100000| Complete 
|  34|0x0000000082200000, 0x0000000082300000, 0x0000000082300000|100%|HC|  |TAMS 0x0000000082300000, 0x0000000082200000| Complete 
|  35|0x0000000082300000, 0x0000000082400000, 0x0000000082400000|100%|HC|  |TAMS 0x0000000082400000, 0x0000000082300000| Complete 
|  36|0x0000000082400000, 0x0000000082500000, 0x0000000082500000|100%|HC|  |TAMS 0x0000000082500000, 0x0000000082400000| Complete 
|  37|0x0000000082500000, 0x0000000082600000, 0x0000000082600000|100%|HC|  |TAMS 0x0000000082600000, 0x0000000082500000| Complete 
|  38|0x0000000082600000, 0x0000000082700000, 0x0000000082700000|100%|HC|  |TAMS 0x0000000082700000, 0x0000000082600000| Complete 
|  39|0x0000000082700000, 0x0000000082800000, 0x0000000082800000|100%|HC|  |TAMS 0x0000000082800000, 0x0000000082700000| Complete 
|  40|0x0000000082800000, 0x0000000082900000, 0x0000000082900000|100%|HC|  |TAMS 0x0000000082900000, 0x0000000082800000| Complete 
|  41|0x0000000082900000, 0x0000000082a00000, 0x0000000082a00000|100%|HC|  |TAMS 0x0000000082a00000, 0x0000000082900000| Complete 
|  42|0x0000000082a00000, 0x0000000082b00000, 0x0000000082b00000|100%| O|  |TAMS 0x0000000082b00000, 0x0000000082a00000| Untracked 
|  43|0x0000000082b00000, 0x0000000082c00000, 0x0000000082c00000|100%| O|  |TAMS 0x0000000082c00000, 0x0000000082b00000| Untracked 
|  44|0x0000000082c00000, 0x0000000082d00000, 0x0000000082d00000|100%| O|  |TAMS 0x0000000082d00000, 0x0000000082c00000| Untracked 
|  45|0x0000000082d00000, 0x0000000082e00000, 0x0000000082e00000|100%|HS|  |TAMS 0x0000000082e00000, 0x0000000082d00000| Complete 
|  46|0x0000000082e00000, 0x0000000082f00000, 0x0000000082f00000|100%|HC|  |TAMS 0x0000000082f00000, 0x0000000082e00000| Complete 
|  47|0x0000000082f00000, 0x0000000083000000, 0x0000000083000000|100%| O|  |TAMS 0x0000000083000000, 0x0000000082f00000| Untracked 
|  48|0x0000000083000000, 0x0000000083100000, 0x0000000083100000|100%| O|  |TAMS 0x0000000083100000, 0x0000000083000000| Untracked 
|  49|0x0000000083100000, 0x0000000083200000, 0x0000000083200000|100%| O|  |TAMS 0x0000000083200000, 0x0000000083100000| Untracked 
|  50|0x0000000083200000, 0x0000000083300000, 0x0000000083300000|100%| O|  |TAMS 0x0000000083300000, 0x0000000083200000| Untracked 
|  51|0x0000000083300000, 0x0000000083400000, 0x0000000083400000|100%| O|  |TAMS 0x0000000083400000, 0x0000000083300000| Untracked 
|  52|0x0000000083400000, 0x0000000083500000, 0x0000000083500000|100%| O|  |TAMS 0x0000000083500000, 0x0000000083400000| Untracked 
|  53|0x0000000083500000, 0x0000000083600000, 0x0000000083600000|100%| O|  |TAMS 0x0000000083600000, 0x0000000083500000| Untracked 
|  54|0x0000000083600000, 0x0000000083700000, 0x0000000083700000|100%|HS|  |TAMS 0x0000000083700000, 0x0000000083600000| Complete 
|  55|0x0000000083700000, 0x0000000083800000, 0x0000000083800000|100%|HC|  |TAMS 0x0000000083800000, 0x0000000083700000| Complete 
|  56|0x0000000083800000, 0x0000000083900000, 0x0000000083900000|100%|HC|  |TAMS 0x0000000083900000, 0x0000000083800000| Complete 
|  57|0x0000000083900000, 0x0000000083a00000, 0x0000000083a00000|100%| O|  |TAMS 0x0000000083a00000, 0x0000000083900000| Untracked 
|  58|0x0000000083a00000, 0x0000000083b00000, 0x0000000083b00000|100%| O|  |TAMS 0x0000000083b00000, 0x0000000083a00000| Untracked 
|  59|0x0000000083b00000, 0x0000000083c00000, 0x0000000083c00000|100%| O|  |TAMS 0x0000000083c00000, 0x0000000083b00000| Untracked 
|  60|0x0000000083c00000, 0x0000000083d00000, 0x0000000083d00000|100%| O|  |TAMS 0x0000000083d00000, 0x0000000083c00000| Untracked 
|  61|0x0000000083d00000, 0x0000000083e00000, 0x0000000083e00000|100%| O|  |TAMS 0x0000000083e00000, 0x0000000083d00000| Untracked 
|  62|0x0000000083e00000, 0x0000000083f00000, 0x0000000083f00000|100%| O|  |TAMS 0x0000000083f00000, 0x0000000083e00000| Untracked 
|  63|0x0000000083f00000, 0x0000000084000000, 0x0000000084000000|100%| O|  |TAMS 0x0000000084000000, 0x0000000083f00000| Untracked 
|  64|0x0000000084000000, 0x0000000084100000, 0x0000000084100000|100%| O|  |TAMS 0x0000000084100000, 0x0000000084000000| Untracked 
|  65|0x0000000084100000, 0x0000000084200000, 0x0000000084200000|100%| O|  |TAMS 0x0000000084200000, 0x0000000084100000| Untracked 
|  66|0x0000000084200000, 0x0000000084300000, 0x0000000084300000|100%| O|  |TAMS 0x0000000084300000, 0x0000000084200000| Untracked 
|  67|0x0000000084300000, 0x0000000084400000, 0x0000000084400000|100%| O|  |TAMS 0x0000000084400000, 0x0000000084300000| Untracked 
|  68|0x0000000084400000, 0x0000000084500000, 0x0000000084500000|100%| O|  |TAMS 0x0000000084500000, 0x0000000084400000| Untracked 
|  69|0x0000000084500000, 0x0000000084600000, 0x0000000084600000|100%| O|  |TAMS 0x0000000084600000, 0x0000000084500000| Untracked 
|  70|0x0000000084600000, 0x0000000084700000, 0x0000000084700000|100%| O|  |TAMS 0x0000000084700000, 0x0000000084600000| Untracked 
|  71|0x0000000084700000, 0x0000000084800000, 0x0000000084800000|100%| O|  |TAMS 0x0000000084800000, 0x0000000084700000| Untracked 
|  72|0x0000000084800000, 0x0000000084900000, 0x0000000084900000|100%|HS|  |TAMS 0x0000000084900000, 0x0000000084800000| Complete 
|  73|0x0000000084900000, 0x0000000084a00000, 0x0000000084a00000|100%|HS|  |TAMS 0x0000000084a00000, 0x0000000084900000| Complete 
|  74|0x0000000084a00000, 0x0000000084aed000, 0x0000000084b00000| 92%| O|  |TAMS 0x0000000084aed000, 0x0000000084a00000| Untracked 
|  75|0x0000000084b00000, 0x0000000084c00000, 0x0000000084c00000|100%|HS|  |TAMS 0x0000000084b00000, 0x0000000084b00000| Complete 
|  76|0x0000000084c00000, 0x0000000084d00000, 0x0000000084d00000|100%|HS|  |TAMS 0x0000000084c00000, 0x0000000084c00000| Complete 
|  77|0x0000000084d00000, 0x0000000084e00000, 0x0000000084e00000|100%|HS|  |TAMS 0x0000000084d00000, 0x0000000084d00000| Complete 
|  78|0x0000000084e00000, 0x0000000084f00000, 0x0000000084f00000|100%|HC|  |TAMS 0x0000000084e00000, 0x0000000084e00000| Complete 
|  79|0x0000000084f00000, 0x0000000085000000, 0x0000000085000000|100%|HC|  |TAMS 0x0000000084f00000, 0x0000000084f00000| Complete 
|  80|0x0000000085000000, 0x0000000085100000, 0x0000000085100000|100%|HS|  |TAMS 0x0000000085000000, 0x0000000085000000| Complete 
|  81|0x0000000085100000, 0x0000000085200000, 0x0000000085200000|100%|HS|  |TAMS 0x0000000085100000, 0x0000000085100000| Complete 
|  82|0x0000000085200000, 0x0000000085300000, 0x0000000085300000|100%|HS|  |TAMS 0x0000000085200000, 0x0000000085200000| Complete 
|  83|0x0000000085300000, 0x0000000085300000, 0x0000000085400000|  0%| F|  |TAMS 0x0000000085300000, 0x0000000085300000| Untracked 
|  84|0x0000000085400000, 0x0000000085400000, 0x0000000085500000|  0%| F|  |TAMS 0x0000000085400000, 0x0000000085400000| Untracked 
|  85|0x0000000085500000, 0x0000000085500000, 0x0000000085600000|  0%| F|  |TAMS 0x0000000085500000, 0x0000000085500000| Untracked 
|  86|0x0000000085600000, 0x0000000085600000, 0x0000000085700000|  0%| F|  |TAMS 0x0000000085600000, 0x0000000085600000| Untracked 
|  87|0x0000000085700000, 0x0000000085700000, 0x0000000085800000|  0%| F|  |TAMS 0x0000000085700000, 0x0000000085700000| Untracked 
|  88|0x0000000085800000, 0x0000000085800000, 0x0000000085900000|  0%| F|  |TAMS 0x0000000085800000, 0x0000000085800000| Untracked 
|  89|0x0000000085900000, 0x0000000085900000, 0x0000000085a00000|  0%| F|  |TAMS 0x0000000085900000, 0x0000000085900000| Untracked 
|  90|0x0000000085a00000, 0x0000000085a00000, 0x0000000085b00000|  0%| F|  |TAMS 0x0000000085a00000, 0x0000000085a00000| Untracked 
|  91|0x0000000085b00000, 0x0000000085b00000, 0x0000000085c00000|  0%| F|  |TAMS 0x0000000085b00000, 0x0000000085b00000| Untracked 
|  92|0x0000000085c00000, 0x0000000085c00000, 0x0000000085d00000|  0%| F|  |TAMS 0x0000000085c00000, 0x0000000085c00000| Untracked 
|  93|0x0000000085d00000, 0x0000000085d00000, 0x0000000085e00000|  0%| F|  |TAMS 0x0000000085d00000, 0x0000000085d00000| Untracked 
|  94|0x0000000085e00000, 0x0000000085e00000, 0x0000000085f00000|  0%| F|  |TAMS 0x0000000085e00000, 0x0000000085e00000| Untracked 
|  95|0x0000000085f00000, 0x0000000085f00000, 0x0000000086000000|  0%| F|  |TAMS 0x0000000085f00000, 0x0000000085f00000| Untracked 
|  96|0x0000000086000000, 0x0000000086000000, 0x0000000086100000|  0%| F|  |TAMS 0x0000000086000000, 0x0000000086000000| Untracked 
|  97|0x0000000086100000, 0x0000000086100000, 0x0000000086200000|  0%| F|  |TAMS 0x0000000086100000, 0x0000000086100000| Untracked 
|  98|0x0000000086200000, 0x0000000086200000, 0x0000000086300000|  0%| F|  |TAMS 0x0000000086200000, 0x0000000086200000| Untracked 
|  99|0x0000000086300000, 0x0000000086300000, 0x0000000086400000|  0%| F|  |TAMS 0x0000000086300000, 0x0000000086300000| Untracked 
| 100|0x0000000086400000, 0x0000000086400000, 0x0000000086500000|  0%| F|  |TAMS 0x0000000086400000, 0x0000000086400000| Untracked 
| 101|0x0000000086500000, 0x0000000086500000, 0x0000000086600000|  0%| F|  |TAMS 0x0000000086500000, 0x0000000086500000| Untracked 
| 102|0x0000000086600000, 0x0000000086600000, 0x0000000086700000|  0%| F|  |TAMS 0x0000000086600000, 0x0000000086600000| Untracked 
| 103|0x0000000086700000, 0x0000000086700000, 0x0000000086800000|  0%| F|  |TAMS 0x0000000086700000, 0x0000000086700000| Untracked 
| 104|0x0000000086800000, 0x0000000086800000, 0x0000000086900000|  0%| F|  |TAMS 0x0000000086800000, 0x0000000086800000| Untracked 
| 105|0x0000000086900000, 0x0000000086900000, 0x0000000086a00000|  0%| F|  |TAMS 0x0000000086900000, 0x0000000086900000| Untracked 
| 106|0x0000000086a00000, 0x0000000086a00000, 0x0000000086b00000|  0%| F|  |TAMS 0x0000000086a00000, 0x0000000086a00000| Untracked 
| 107|0x0000000086b00000, 0x0000000086b00000, 0x0000000086c00000|  0%| F|  |TAMS 0x0000000086b00000, 0x0000000086b00000| Untracked 
| 108|0x0000000086c00000, 0x0000000086c00000, 0x0000000086d00000|  0%| F|  |TAMS 0x0000000086c00000, 0x0000000086c00000| Untracked 
| 109|0x0000000086d00000, 0x0000000086d00000, 0x0000000086e00000|  0%| F|  |TAMS 0x0000000086d00000, 0x0000000086d00000| Untracked 
| 110|0x0000000086e00000, 0x0000000086e00000, 0x0000000086f00000|  0%| F|  |TAMS 0x0000000086e00000, 0x0000000086e00000| Untracked 
| 111|0x0000000086f00000, 0x0000000086f00000, 0x0000000087000000|  0%| F|  |TAMS 0x0000000086f00000, 0x0000000086f00000| Untracked 
| 112|0x0000000087000000, 0x0000000087000000, 0x0000000087100000|  0%| F|  |TAMS 0x0000000087000000, 0x0000000087000000| Untracked 
| 113|0x0000000087100000, 0x0000000087200000, 0x0000000087200000|100%| E|  |TAMS 0x0000000087100000, 0x0000000087100000| Complete 
| 114|0x0000000087200000, 0x0000000087300000, 0x0000000087300000|100%| E|CS|TAMS 0x0000000087200000, 0x0000000087200000| Complete 
| 115|0x0000000087300000, 0x0000000087400000, 0x0000000087400000|100%| E|CS|TAMS 0x0000000087300000, 0x0000000087300000| Complete 
| 116|0x0000000087400000, 0x0000000087500000, 0x0000000087500000|100%| E|CS|TAMS 0x0000000087400000, 0x0000000087400000| Complete 
| 117|0x0000000087500000, 0x0000000087600000, 0x0000000087600000|100%| E|CS|TAMS 0x0000000087500000, 0x0000000087500000| Complete 
| 118|0x0000000087600000, 0x0000000087700000, 0x0000000087700000|100%| E|CS|TAMS 0x0000000087600000, 0x0000000087600000| Complete 
| 119|0x0000000087700000, 0x000000008777eef0, 0x0000000087800000| 49%| S|CS|TAMS 0x0000000087700000, 0x0000000087700000| Complete 
| 120|0x0000000087800000, 0x0000000087900000, 0x0000000087900000|100%| S|CS|TAMS 0x0000000087800000, 0x0000000087800000| Complete 
| 121|0x0000000087900000, 0x0000000087a00000, 0x0000000087a00000|100%| E|CS|TAMS 0x0000000087900000, 0x0000000087900000| Complete 
| 122|0x0000000087a00000, 0x0000000087b00000, 0x0000000087b00000|100%| E|CS|TAMS 0x0000000087a00000, 0x0000000087a00000| Complete 
| 123|0x0000000087b00000, 0x0000000087c00000, 0x0000000087c00000|100%| E|CS|TAMS 0x0000000087b00000, 0x0000000087b00000| Complete 
| 124|0x0000000087c00000, 0x0000000087d00000, 0x0000000087d00000|100%| E|CS|TAMS 0x0000000087c00000, 0x0000000087c00000| Complete 
| 125|0x0000000087d00000, 0x0000000087e00000, 0x0000000087e00000|100%| E|CS|TAMS 0x0000000087d00000, 0x0000000087d00000| Complete 
| 126|0x0000000087e00000, 0x0000000087f00000, 0x0000000087f00000|100%| E|CS|TAMS 0x0000000087e00000, 0x0000000087e00000| Complete 
| 127|0x0000000087f00000, 0x0000000088000000, 0x0000000088000000|100%| E|CS|TAMS 0x0000000087f00000, 0x0000000087f00000| Complete 
| 128|0x0000000088000000, 0x0000000088100000, 0x0000000088100000|100%| E|CS|TAMS 0x0000000088000000, 0x0000000088000000| Complete 
| 129|0x0000000088100000, 0x0000000088200000, 0x0000000088200000|100%| E|CS|TAMS 0x0000000088100000, 0x0000000088100000| Complete 
| 130|0x0000000088200000, 0x0000000088300000, 0x0000000088300000|100%| E|CS|TAMS 0x0000000088200000, 0x0000000088200000| Complete 
| 131|0x0000000088300000, 0x0000000088400000, 0x0000000088400000|100%| E|CS|TAMS 0x0000000088300000, 0x0000000088300000| Complete 
| 132|0x0000000088400000, 0x0000000088500000, 0x0000000088500000|100%| E|CS|TAMS 0x0000000088400000, 0x0000000088400000| Complete 
| 133|0x0000000088500000, 0x0000000088600000, 0x0000000088600000|100%| E|CS|TAMS 0x0000000088500000, 0x0000000088500000| Complete 
| 134|0x0000000088600000, 0x0000000088700000, 0x0000000088700000|100%| E|CS|TAMS 0x0000000088600000, 0x0000000088600000| Complete 
| 135|0x0000000088700000, 0x0000000088800000, 0x0000000088800000|100%| E|CS|TAMS 0x0000000088700000, 0x0000000088700000| Complete 
| 136|0x0000000088800000, 0x0000000088900000, 0x0000000088900000|100%| E|CS|TAMS 0x0000000088800000, 0x0000000088800000| Complete 
| 137|0x0000000088900000, 0x0000000088a00000, 0x0000000088a00000|100%| E|CS|TAMS 0x0000000088900000, 0x0000000088900000| Complete 
| 138|0x0000000088a00000, 0x0000000088b00000, 0x0000000088b00000|100%| E|CS|TAMS 0x0000000088a00000, 0x0000000088a00000| Complete 
| 139|0x0000000088b00000, 0x0000000088c00000, 0x0000000088c00000|100%| E|CS|TAMS 0x0000000088b00000, 0x0000000088b00000| Complete 
| 140|0x0000000088c00000, 0x0000000088d00000, 0x0000000088d00000|100%| E|CS|TAMS 0x0000000088c00000, 0x0000000088c00000| Complete 
| 141|0x0000000088d00000, 0x0000000088e00000, 0x0000000088e00000|100%| E|CS|TAMS 0x0000000088d00000, 0x0000000088d00000| Complete 
| 142|0x0000000088e00000, 0x0000000088f00000, 0x0000000088f00000|100%| E|  |TAMS 0x0000000088e00000, 0x0000000088e00000| Complete 
| 143|0x0000000088f00000, 0x0000000089000000, 0x0000000089000000|100%| E|CS|TAMS 0x0000000088f00000, 0x0000000088f00000| Complete 
| 144|0x0000000089000000, 0x0000000089100000, 0x0000000089100000|100%| E|CS|TAMS 0x0000000089000000, 0x0000000089000000| Complete 
| 145|0x0000000089100000, 0x0000000089200000, 0x0000000089200000|100%| E|CS|TAMS 0x0000000089100000, 0x0000000089100000| Complete 
| 146|0x0000000089200000, 0x0000000089300000, 0x0000000089300000|100%| E|CS|TAMS 0x0000000089200000, 0x0000000089200000| Complete 

Card table byte_map: [0x0000023656860000,0x0000023656c60000] _byte_map_base: 0x0000023656460000

Marking Bits (Prev, Next): (CMBitMap*) 0x0000023643a930d0, (CMBitMap*) 0x0000023643a93110
 Prev Bits: [0x0000023657060000, 0x0000023659060000)
 Next Bits: [0x0000023659060000, 0x000002365b060000)

Polling page: 0x0000023641980000

Metaspace:

Usage:
  Non-class:     53.33 MB used.
      Class:      8.87 MB used.
       Both:     62.20 MB used.

Virtual space:
  Non-class space:       64.00 MB reserved,      53.75 MB ( 84%) committed,  1 nodes.
      Class space:        1.00 GB reserved,       9.19 MB ( <1%) committed,  1 nodes.
             Both:        1.06 GB reserved,      62.94 MB (  6%) committed. 

Chunk freelists:
   Non-Class:  10.11 MB
       Class:  6.80 MB
        Both:  16.91 MB

MaxMetaspaceSize: unlimited
CompressedClassSpaceSize: 1.00 GB
Initial GC threshold: 21.00 MB
Current GC threshold: 101.69 MB
CDS: off
MetaspaceReclaimPolicy: balanced
 - commit_granule_bytes: 65536.
 - commit_granule_words: 8192.
 - virtual_space_node_default_size: 8388608.
 - enlarge_chunks_in_place: 1.
 - new_chunks_are_fully_committed: 0.
 - uncommit_free_chunks: 1.
 - use_allocation_guard: 0.
 - handle_deallocations: 1.


Internal statistics:

num_allocs_failed_limit: 3.
num_arena_births: 792.
num_arena_deaths: 0.
num_vsnodes_births: 2.
num_vsnodes_deaths: 0.
num_space_committed: 1007.
num_space_uncommitted: 0.
num_chunks_returned_to_freelist: 3.
num_chunks_taken_from_freelist: 3011.
num_chunk_merges: 3.
num_chunk_splits: 1986.
num_chunks_enlarged: 1340.
num_inconsistent_stats: 0.

CodeHeap 'non-profiled nmethods': size=120000Kb used=2562Kb max_used=3299Kb free=117437Kb
 bounds [0x000002364e9e0000, 0x000002364ed20000, 0x0000023655f10000]
CodeHeap 'profiled nmethods': size=120000Kb used=10400Kb max_used=12553Kb free=109599Kb
 bounds [0x0000023646f10000, 0x0000023647b60000, 0x000002364e440000]
CodeHeap 'non-nmethods': size=5760Kb used=2335Kb max_used=2393Kb free=3424Kb
 bounds [0x000002364e440000, 0x000002364e6b0000, 0x000002364e9e0000]
 total_blobs=6484 nmethods=5629 adapters=767
 compilation: enabled
              stopped_count=0, restarted_count=0
 full_count=0

Compilation events (20 events):
Event: 10.186 Thread 0x000002366202e080 nmethod 6525 0x0000023647400010 code [0x0000023647400240, 0x0000023647400958]
Event: 10.186 Thread 0x000002366202e080 6528       3       java.lang.reflect.Method::hashCode (19 bytes)
Event: 10.186 Thread 0x000002366202e080 nmethod 6528 0x0000023647025b10 code [0x0000023647025ce0, 0x0000023647025f88]
Event: 10.188 Thread 0x000002366202e080 6529       3       sun.reflect.generics.repository.ConstructorRepository::computeExceptionTypes (62 bytes)
Event: 10.189 Thread 0x000002366202e080 nmethod 6529 0x0000023646f4b390 code [0x0000023646f4b5a0, 0x0000023646f4bf88]
Event: 10.189 Thread 0x000002366202e080 6530       3       sun.reflect.generics.parser.SignatureParser::parseZeroOrMoreThrowsSignatures (51 bytes)
Event: 10.189 Thread 0x000002366202e080 nmethod 6530 0x0000023646f69010 code [0x0000023646f69240, 0x0000023646f69be8]
Event: 10.195 Thread 0x000002366202e080 6531       3       org.gradle.model.internal.asm.MethodVisitorScope::_RETURN (8 bytes)
Event: 10.196 Thread 0x000002366202e080 nmethod 6531 0x0000023646f72d10 code [0x0000023646f72ec0, 0x0000023646f73128]
Event: 10.203 Thread 0x000002366202e080 6536       3       java.util.TreeMap::rotateRight (96 bytes)
Event: 10.203 Thread 0x000002366202e080 nmethod 6536 0x0000023646f67890 code [0x0000023646f67a60, 0x0000023646f67f98]
Event: 10.204 Thread 0x000002366202e080 6537       3       org.gradle.model.internal.asm.MethodVisitorScope::_INVOKESPECIAL (11 bytes)
Event: 10.204 Thread 0x000002366202e080 nmethod 6537 0x0000023647041a10 code [0x0000023647041bc0, 0x0000023647041e58]
Event: 10.204 Thread 0x000002366202e080 6538       3       org.gradle.model.internal.asm.MethodVisitorScope::_INVOKESPECIAL (9 bytes)
Event: 10.204 Thread 0x000002366202e080 nmethod 6538 0x0000023646f6bd10 code [0x0000023646f6bea0, 0x0000023646f6c068]
Event: 10.211 Thread 0x000002366202e080 6539       3       java.util.TreeMap::addEntryToEmptyMap (37 bytes)
Event: 10.211 Thread 0x000002366202e080 nmethod 6539 0x0000023647108290 code [0x0000023647108480, 0x0000023647108b38]
Event: 10.231 Thread 0x000002366202e080 6541       3       java.util.regex.Matcher::appendExpandedReplacement (510 bytes)
Event: 10.236 Thread 0x000002366202e080 nmethod 6541 0x00000236470d9e10 code [0x00000236470da600, 0x00000236470dee38]
Event: 10.236 Thread 0x000002366202e080 6544       3       org.objectweb.asm.Frame::execute (2318 bytes)

GC Heap History (20 events):
Event: 6.555 GC heap before
{Heap before GC invocations=19 (full 0):
 garbage-first heap   total 109568K, used 72248K [0x0000000080000000, 0x0000000100000000)
  region size 1024K, 17 young (17408K), 2 survivors (2048K)
 Metaspace       used 48037K, committed 48576K, reserved 1114112K
  class space    used 6405K, committed 6656K, reserved 1048576K
}
Event: 6.558 GC heap after
{Heap after GC invocations=20 (full 0):
 garbage-first heap   total 109568K, used 60192K [0x0000000080000000, 0x0000000100000000)
  region size 1024K, 4 young (4096K), 4 survivors (4096K)
 Metaspace       used 48037K, committed 48576K, reserved 1114112K
  class space    used 6405K, committed 6656K, reserved 1048576K
}
Event: 6.773 GC heap before
{Heap before GC invocations=21 (full 0):
 garbage-first heap   total 109568K, used 76576K [0x0000000080000000, 0x0000000100000000)
  region size 1024K, 19 young (19456K), 4 survivors (4096K)
 Metaspace       used 49064K, committed 49472K, reserved 1114112K
  class space    used 6523K, committed 6720K, reserved 1048576K
}
Event: 6.777 GC heap after
{Heap after GC invocations=22 (full 0):
 garbage-first heap   total 109568K, used 65807K [0x0000000080000000, 0x0000000100000000)
  region size 1024K, 3 young (3072K), 3 survivors (3072K)
 Metaspace       used 49064K, committed 49472K, reserved 1114112K
  class space    used 6523K, committed 6720K, reserved 1048576K
}
Event: 7.099 GC heap before
{Heap before GC invocations=23 (full 0):
 garbage-first heap   total 117760K, used 89359K [0x0000000080000000, 0x0000000100000000)
  region size 1024K, 24 young (24576K), 3 survivors (3072K)
 Metaspace       used 50848K, committed 51392K, reserved 1114112K
  class space    used 6694K, committed 6912K, reserved 1048576K
}
Event: 7.101 GC heap after
{Heap after GC invocations=24 (full 0):
 garbage-first heap   total 117760K, used 65964K [0x0000000080000000, 0x0000000100000000)
  region size 1024K, 1 young (1024K), 1 survivors (1024K)
 Metaspace       used 50848K, committed 51392K, reserved 1114112K
  class space    used 6694K, committed 6912K, reserved 1048576K
}
Event: 7.611 GC heap before
{Heap before GC invocations=24 (full 0):
 garbage-first heap   total 117760K, used 93612K [0x0000000080000000, 0x0000000100000000)
  region size 1024K, 28 young (28672K), 1 survivors (1024K)
 Metaspace       used 53532K, committed 54080K, reserved 1114112K
  class space    used 7192K, committed 7424K, reserved 1048576K
}
Event: 7.614 GC heap after
{Heap after GC invocations=25 (full 0):
 garbage-first heap   total 117760K, used 68035K [0x0000000080000000, 0x0000000100000000)
  region size 1024K, 3 young (3072K), 3 survivors (3072K)
 Metaspace       used 53532K, committed 54080K, reserved 1114112K
  class space    used 7192K, committed 7424K, reserved 1048576K
}
Event: 8.175 GC heap before
{Heap before GC invocations=26 (full 0):
 garbage-first heap   total 117760K, used 93635K [0x0000000080000000, 0x0000000100000000)
  region size 1024K, 29 young (29696K), 3 survivors (3072K)
 Metaspace       used 56526K, committed 57088K, reserved 1114112K
  class space    used 7682K, committed 7936K, reserved 1048576K
}
Event: 8.178 GC heap after
{Heap after GC invocations=27 (full 0):
 garbage-first heap   total 117760K, used 69388K [0x0000000080000000, 0x0000000100000000)
  region size 1024K, 2 young (2048K), 2 survivors (2048K)
 Metaspace       used 56526K, committed 57088K, reserved 1114112K
  class space    used 7682K, committed 7936K, reserved 1048576K
}
Event: 8.250 GC heap before
{Heap before GC invocations=27 (full 0):
 garbage-first heap   total 117760K, used 72460K [0x0000000080000000, 0x0000000100000000)
  region size 1024K, 5 young (5120K), 2 survivors (2048K)
 Metaspace       used 56850K, committed 57408K, reserved 1114112K
  class space    used 7737K, committed 8000K, reserved 1048576K
}
Event: 8.252 GC heap after
{Heap after GC invocations=28 (full 0):
 garbage-first heap   total 117760K, used 69527K [0x0000000080000000, 0x0000000100000000)
  region size 1024K, 1 young (1024K), 1 survivors (1024K)
 Metaspace       used 56850K, committed 57408K, reserved 1114112K
  class space    used 7737K, committed 8000K, reserved 1048576K
}
Event: 8.883 GC heap before
{Heap before GC invocations=28 (full 0):
 garbage-first heap   total 117760K, used 95127K [0x0000000080000000, 0x0000000100000000)
  region size 1024K, 27 young (27648K), 1 survivors (1024K)
 Metaspace       used 57672K, committed 58368K, reserved 1114112K
  class space    used 7808K, committed 8128K, reserved 1048576K
}
Event: 8.887 GC heap after
{Heap after GC invocations=29 (full 0):
 garbage-first heap   total 117760K, used 73107K [0x0000000080000000, 0x0000000100000000)
  region size 1024K, 4 young (4096K), 4 survivors (4096K)
 Metaspace       used 57672K, committed 58368K, reserved 1114112K
  class space    used 7808K, committed 8128K, reserved 1048576K
}
Event: 9.398 GC heap before
{Heap before GC invocations=30 (full 0):
 garbage-first heap   total 124928K, used 95635K [0x0000000080000000, 0x0000000100000000)
  region size 1024K, 27 young (27648K), 4 survivors (4096K)
 Metaspace       used 61412K, committed 62080K, reserved 1114112K
  class space    used 8754K, committed 9088K, reserved 1048576K
}
Event: 9.402 GC heap after
{Heap after GC invocations=31 (full 0):
 garbage-first heap   total 124928K, used 74117K [0x0000000080000000, 0x0000000100000000)
  region size 1024K, 2 young (2048K), 2 survivors (2048K)
 Metaspace       used 61412K, committed 62080K, reserved 1114112K
  class space    used 8754K, committed 9088K, reserved 1048576K
}
Event: 9.564 GC heap before
{Heap before GC invocations=31 (full 0):
 garbage-first heap   total 124928K, used 79237K [0x0000000080000000, 0x0000000100000000)
  region size 1024K, 6 young (6144K), 2 survivors (2048K)
 Metaspace       used 61765K, committed 62464K, reserved 1114112K
  class space    used 8805K, committed 9152K, reserved 1048576K
}
Event: 9.565 GC heap after
{Heap after GC invocations=32 (full 0):
 garbage-first heap   total 124928K, used 76724K [0x0000000080000000, 0x0000000100000000)
  region size 1024K, 1 young (1024K), 1 survivors (1024K)
 Metaspace       used 61765K, committed 62464K, reserved 1114112K
  class space    used 8805K, committed 9152K, reserved 1048576K
}
Event: 9.570 GC heap before
{Heap before GC invocations=32 (full 0):
 garbage-first heap   total 124928K, used 76724K [0x0000000080000000, 0x0000000100000000)
  region size 1024K, 2 young (2048K), 1 survivors (1024K)
 Metaspace       used 61769K, committed 62464K, reserved 1114112K
  class space    used 8805K, committed 9152K, reserved 1048576K
}
Event: 9.571 GC heap after
{Heap after GC invocations=33 (full 0):
 garbage-first heap   total 150528K, used 77231K [0x0000000080000000, 0x0000000100000000)
  region size 1024K, 2 young (2048K), 2 survivors (2048K)
 Metaspace       used 61769K, committed 62464K, reserved 1114112K
  class space    used 8805K, committed 9152K, reserved 1048576K
}

Dll operation events (3 events):
Event: 0.012 Loaded shared library D:\Program Files\Android\Android Studio\jbr\bin\java.dll
Event: 0.186 Loaded shared library D:\Program Files\Android\Android Studio\jbr\bin\zip.dll
Event: 0.517 Loaded shared library D:\Program Files\Android\Android Studio\jbr\bin\verify.dll

Deoptimization events (20 events):
Event: 8.947 Thread 0x0000023663ba0310 DEOPT PACKING pc=0x0000023647910e51 sp=0x00000038d4cf8ac0
Event: 8.947 Thread 0x0000023663ba0310 DEOPT UNPACKING pc=0x000002364e497143 sp=0x00000038d4cf7fb8 mode 0
Event: 8.970 Thread 0x0000023663ba0310 DEOPT PACKING pc=0x00000236472bd19b sp=0x00000038d4cf6890
Event: 8.970 Thread 0x0000023663ba0310 DEOPT UNPACKING pc=0x000002364e497143 sp=0x00000038d4cf5d00 mode 0
Event: 9.372 Thread 0x0000023663ba0310 Uncommon trap: trap_request=0xffffff45 fr.pc=0x000002364ea88384 relative=0x0000000000000084
Event: 9.372 Thread 0x0000023663ba0310 Uncommon trap: reason=unstable_if action=reinterpret pc=0x000002364ea88384 method=java.lang.CharacterDataLatin1.isWhitespace(I)Z @ 14 c2
Event: 9.372 Thread 0x0000023663ba0310 DEOPT PACKING pc=0x000002364ea88384 sp=0x00000038d4cf69e0
Event: 9.372 Thread 0x0000023663ba0310 DEOPT UNPACKING pc=0x000002364e4969a3 sp=0x00000038d4cf6950 mode 2
Event: 9.525 Thread 0x0000023663ba0310 Uncommon trap: trap_request=0xfffffff4 fr.pc=0x000002364ec94e08 relative=0x0000000000000728
Event: 9.525 Thread 0x0000023663ba0310 Uncommon trap: reason=null_check action=make_not_entrant pc=0x000002364ec94e08 method=org.gradle.util.internal.SimpleMapInterner.intern(Ljava/lang/Object;)Ljava/lang/Object; @ 2 c2
Event: 9.525 Thread 0x0000023663ba0310 DEOPT PACKING pc=0x000002364ec94e08 sp=0x00000038d4cf8dd0
Event: 9.525 Thread 0x0000023663ba0310 DEOPT UNPACKING pc=0x000002364e4969a3 sp=0x00000038d4cf8d98 mode 2
Event: 9.525 Thread 0x0000023663ba0310 Uncommon trap: trap_request=0xffffff45 fr.pc=0x000002364ec96ff0 relative=0x0000000000000710
Event: 9.525 Thread 0x0000023663ba0310 Uncommon trap: reason=unstable_if action=reinterpret pc=0x000002364ec96ff0 method=org.gradle.util.internal.SimpleMapInterner.intern(Ljava/lang/String;)Ljava/lang/String; @ 1 c2
Event: 9.525 Thread 0x0000023663ba0310 DEOPT PACKING pc=0x000002364ec96ff0 sp=0x00000038d4cf8d60
Event: 9.525 Thread 0x0000023663ba0310 DEOPT UNPACKING pc=0x000002364e4969a3 sp=0x00000038d4cf8d28 mode 2
Event: 10.212 Thread 0x0000023663ba0310 Uncommon trap: trap_request=0xffffff45 fr.pc=0x000002364ec46bd0 relative=0x0000000000005750
Event: 10.212 Thread 0x0000023663ba0310 Uncommon trap: reason=unstable_if action=reinterpret pc=0x000002364ec46bd0 method=org.objectweb.asm.Frame.execute(IILorg/objectweb/asm/Symbol;Lorg/objectweb/asm/SymbolTable;)V @ 1 c2
Event: 10.212 Thread 0x0000023663ba0310 DEOPT PACKING pc=0x000002364ec46bd0 sp=0x00000038d4cf6180
Event: 10.212 Thread 0x0000023663ba0310 DEOPT UNPACKING pc=0x000002364e4969a3 sp=0x00000038d4cf6128 mode 2

Classes unloaded (0 events):
No events

Classes redefined (0 events):
No events

Internal exceptions (20 events):
Event: 8.689 Thread 0x0000023663ba0310 Implicit null exception at 0x000002364eca6a6f to 0x000002364eca6cb8
Event: 8.979 Thread 0x0000023663ba0310 Exception <a 'java/lang/NoSuchMethodError'{0x00000000875870c8}: 'void java.lang.invoke.DirectMethodHandle$Holder.invokeVirtual(java.lang.Object, java.lang.Object)'> (0x00000000875870c8) 
thrown [s\src\hotspot\share\interpreter\linkResolver.cpp, line 771]
Event: 9.021 Thread 0x0000023663ba0310 Exception <a 'java/lang/NoSuchMethodError'{0x000000008738f660}: 'java.lang.Object java.lang.invoke.DirectMethodHandle$Holder.invokeStaticInit(java.lang.Object, int)'> (0x000000008738f660) 
thrown [s\src\hotspot\share\interpreter\linkResolver.cpp, line 771]
Event: 9.052 Thread 0x0000023663ba0310 Exception <a 'java/lang/NoSuchMethodError'{0x00000000872ee058}: 'int java.lang.invoke.DelegatingMethodHandle$Holder.reinvoke_L(java.lang.Object, java.lang.Object, java.lang.Object, long, int, int)'> (0x00000000872ee058) 
thrown [s\src\hotspot\share\interpreter\linkResolver.cpp, line 771]
Event: 9.053 Thread 0x0000023663ba0310 Exception <a 'java/lang/NoSuchMethodError'{0x00000000872fded0}: 'int java.lang.invoke.DelegatingMethodHandle$Holder.reinvoke_L(java.lang.Object, java.lang.Object, java.lang.Object, long, long, long)'> (0x00000000872fded0) 
thrown [s\src\hotspot\share\interpreter\linkResolver.cpp, line 771]
Event: 9.054 Thread 0x0000023663ba0310 Exception <a 'java/lang/NoSuchMethodError'{0x000000008710e668}: 'int java.lang.invoke.DelegatingMethodHandle$Holder.reinvoke_L(java.lang.Object, java.lang.Object, java.lang.Object, long, java.lang.Object, java.lang.Object)'> (0x000000008710e668) 
thrown [s\src\hotspot\share\interpreter\linkResolver.cpp, line 771]
Event: 9.055 Thread 0x0000023663ba0310 Exception <a 'java/lang/NoSuchMethodError'{0x000000008711e630}: 'void java.lang.invoke.DelegatingMethodHandle$Holder.reinvoke_L(java.lang.Object, java.lang.Object, java.lang.Object, long, java.lang.Object)'> (0x000000008711e630) 
thrown [s\src\hotspot\share\interpreter\linkResolver.cpp, line 771]
Event: 9.056 Thread 0x0000023663ba0310 Exception <a 'java/lang/NoSuchMethodError'{0x0000000087126f60}: 'java.lang.Object java.lang.invoke.DirectMethodHandle$Holder.invokeSpecial(java.lang.Object, java.lang.Object, java.lang.Object, java.lang.Object, long)'> (0x0000000087126f60) 
thrown [s\src\hotspot\share\interpreter\linkResolver.cpp, line 771]
Event: 9.060 Thread 0x0000023663ba0310 Exception <a 'java/lang/NoSuchMethodError'{0x00000000871500b8}: 'long java.lang.invoke.Invokers$Holder.invoke_MT(java.lang.Object, java.lang.Object, java.lang.Object, java.lang.Object)'> (0x00000000871500b8) 
thrown [s\src\hotspot\share\interpreter\linkResolver.cpp, line 771]
Event: 9.062 Thread 0x0000023663ba0310 Exception <a 'java/lang/NoSuchMethodError'{0x0000000087159460}: 'int java.lang.invoke.Invokers$Holder.invoke_MT(java.lang.Object, java.lang.Object, java.lang.Object, java.lang.Object)'> (0x0000000087159460) 
thrown [s\src\hotspot\share\interpreter\linkResolver.cpp, line 771]
Event: 9.064 Thread 0x0000023663ba0310 Exception <a 'java/lang/NoSuchMethodError'{0x000000008716aae0}: 'int java.lang.invoke.DelegatingMethodHandle$Holder.reinvoke_L(java.lang.Object, java.lang.Object, java.lang.Object, long, int)'> (0x000000008716aae0) 
thrown [s\src\hotspot\share\interpreter\linkResolver.cpp, line 771]
Event: 9.066 Thread 0x0000023663ba0310 Exception <a 'java/lang/NoSuchMethodError'{0x000000008717f280}: 'java.lang.Object java.lang.invoke.Invokers$Holder.invokeExact_MT(java.lang.Object, java.lang.Object, long, java.lang.Object)'> (0x000000008717f280) 
thrown [s\src\hotspot\share\interpreter\linkResolver.cpp, line 771]
Event: 9.470 Thread 0x0000023663a7d0a0 Exception <a 'sun/nio/fs/WindowsException'{0x0000000087787588}> (0x0000000087787588) 
thrown [s\src\hotspot\share\prims\jni.cpp, line 517]
Event: 9.473 Thread 0x0000023663a7d0a0 Exception <a 'sun/nio/fs/WindowsException'{0x00000000877b5fa0}> (0x00000000877b5fa0) 
thrown [s\src\hotspot\share\prims\jni.cpp, line 517]
Event: 9.473 Thread 0x0000023663a7d0a0 Exception <a 'sun/nio/fs/WindowsException'{0x00000000877b6170}> (0x00000000877b6170) 
thrown [s\src\hotspot\share\prims\jni.cpp, line 517]
Event: 9.525 Thread 0x0000023663ba0310 Implicit null exception at 0x000002364ec94712 to 0x000002364ec94df8
Event: 9.525 Thread 0x0000023663ba0310 Implicit null exception at 0x000002364ec96914 to 0x000002364ec96fd8
Event: 10.197 Thread 0x0000023663ba0310 Exception <a 'java/lang/NoSuchMethodError'{0x000000008740bde8}: 'java.lang.Object java.lang.invoke.DirectMethodHandle$Holder.newInvokeSpecial(java.lang.Object, java.lang.Object, java.lang.Object, java.lang.Object, int)'> (0x000000008740bde8) 
thrown [s\src\hotspot\share\interpreter\linkResolver.cpp, line 771]
Event: 10.198 Thread 0x0000023663ba0310 Exception <a 'java/lang/NoSuchMethodError'{0x0000000087411230}: 'java.lang.Object java.lang.invoke.DirectMethodHandle$Holder.invokeSpecial(java.lang.Object, java.lang.Object, java.lang.Object, java.lang.Object, java.lang.Object, int)'> (0x0000000087411230) 
thrown [s\src\hotspot\share\interpreter\linkResolver.cpp, line 771]
Event: 10.198 Thread 0x0000023663ba0310 Exception <a 'java/lang/NoSuchMethodError'{0x0000000087415fb0}: 'java.lang.Object java.lang.invoke.Invokers$Holder.linkToTargetMethod(java.lang.Object, java.lang.Object, java.lang.Object, int, java.lang.Object)'> (0x0000000087415fb0) 
thrown [s\src\hotspot\share\interpreter\linkResolver.cpp, line 771]

VM Operations (20 events):
Event: 9.398 Executing VM operation: G1CollectForAllocation
Event: 9.402 Executing VM operation: G1CollectForAllocation done
Event: 9.448 Executing VM operation: HandshakeAllThreads
Event: 9.448 Executing VM operation: HandshakeAllThreads done
Event: 9.563 Executing VM operation: G1CollectForAllocation
Event: 9.565 Executing VM operation: G1CollectForAllocation done
Event: 9.570 Executing VM operation: G1TryInitiateConcMark
Event: 9.571 Executing VM operation: G1TryInitiateConcMark done
Event: 9.596 Executing VM operation: G1Concurrent
Event: 9.599 Executing VM operation: G1Concurrent done
Event: 9.608 Executing VM operation: G1Concurrent
Event: 9.608 Executing VM operation: G1Concurrent done
Event: 9.941 Executing VM operation: HandshakeAllThreads
Event: 9.941 Executing VM operation: HandshakeAllThreads done
Event: 9.959 Executing VM operation: HandshakeAllThreads
Event: 9.959 Executing VM operation: HandshakeAllThreads done
Event: 10.212 Executing VM operation: HandshakeAllThreads
Event: 10.212 Executing VM operation: HandshakeAllThreads done
Event: 10.237 Executing VM operation: HandshakeAllThreads
Event: 10.237 Executing VM operation: HandshakeAllThreads done

Events (20 events):
Event: 10.221 Thread 0x0000023662031340 flushing nmethod 0x0000023647980710
Event: 10.221 Thread 0x0000023662031340 flushing nmethod 0x00000236479b5f90
Event: 10.221 Thread 0x0000023662031340 flushing nmethod 0x00000236479c6110
Event: 10.221 Thread 0x0000023662031340 flushing nmethod 0x0000023647a17810
Event: 10.222 Thread 0x0000023662031340 flushing nmethod 0x0000023647a4ac90
Event: 10.222 Thread 0x0000023662031340 flushing nmethod 0x0000023647a4ed90
Event: 10.222 Thread 0x0000023662031340 flushing nmethod 0x0000023647a50190
Event: 10.222 Thread 0x0000023662031340 flushing nmethod 0x0000023647a59290
Event: 10.222 Thread 0x0000023662031340 flushing nmethod 0x0000023647a6cd10
Event: 10.222 Thread 0x0000023662031340 flushing nmethod 0x0000023647a6f510
Event: 10.222 Thread 0x0000023662031340 flushing nmethod 0x0000023647a77910
Event: 10.222 Thread 0x0000023662031340 flushing nmethod 0x0000023647ab8610
Event: 10.222 Thread 0x0000023662031340 flushing nmethod 0x0000023647acc310
Event: 10.222 Thread 0x0000023662031340 flushing nmethod 0x0000023647aea310
Event: 10.222 Thread 0x0000023662031340 flushing nmethod 0x0000023647aeb290
Event: 10.222 Thread 0x0000023662031340 flushing nmethod 0x0000023647af2e10
Event: 10.234 loading class sun/reflect/ReflectionFactory
Event: 10.234 loading class sun/reflect/ReflectionFactory done
Event: 10.234 loading class sun/reflect/ReflectionFactory$1
Event: 10.234 loading class sun/reflect/ReflectionFactory$1 done


Dynamic libraries:
0x00007ff77e490000 - 0x00007ff77e49a000 	D:\Program Files\Android\Android Studio\jbr\bin\java.exe
0x00007ffb15310000 - 0x00007ffb15508000 	C:\Windows\SYSTEM32\ntdll.dll
0x00007ffb141e0000 - 0x00007ffb1429d000 	C:\Windows\System32\KERNEL32.DLL
0x00007ffb12d30000 - 0x00007ffb13026000 	C:\Windows\System32\KERNELBASE.dll
0x00007ffb13030000 - 0x00007ffb13130000 	C:\Windows\System32\ucrtbase.dll
0x00007ffb0c200000 - 0x00007ffb0c21b000 	D:\Program Files\Android\Android Studio\jbr\bin\VCRUNTIME140.dll
0x00007ffaf1ee0000 - 0x00007ffaf1ef7000 	D:\Program Files\Android\Android Studio\jbr\bin\jli.dll
0x00007ffb142a0000 - 0x00007ffb1443e000 	C:\Windows\System32\USER32.dll
0x00007ffb129c0000 - 0x00007ffb129e2000 	C:\Windows\System32\win32u.dll
0x00007ffb15210000 - 0x00007ffb1523b000 	C:\Windows\System32\GDI32.dll
0x00007ffb12c10000 - 0x00007ffb12d27000 	C:\Windows\System32\gdi32full.dll
0x00007ffb12a40000 - 0x00007ffb12add000 	C:\Windows\System32\msvcp_win.dll
0x00007ffb029b0000 - 0x00007ffb02c4a000 	C:\Windows\WinSxS\amd64_microsoft.windows.common-controls_6595b64144ccf1df_6.0.19041.3636_none_60b6a03d71f818d5\COMCTL32.dll
0x00007ffb15130000 - 0x00007ffb151ce000 	C:\Windows\System32\msvcrt.dll
0x00007ffb151d0000 - 0x00007ffb15202000 	C:\Windows\System32\IMM32.DLL
0x00007ffb0d580000 - 0x00007ffb0d58c000 	D:\Program Files\Android\Android Studio\jbr\bin\vcruntime140_1.dll
0x00007ffae9df0000 - 0x00007ffae9e7d000 	D:\Program Files\Android\Android Studio\jbr\bin\msvcp140.dll
0x00007ffa8a1e0000 - 0x00007ffa8ae60000 	D:\Program Files\Android\Android Studio\jbr\bin\server\jvm.dll
0x00007ffb14440000 - 0x00007ffb144f0000 	C:\Windows\System32\ADVAPI32.dll
0x00007ffb14d60000 - 0x00007ffb14e00000 	C:\Windows\System32\sechost.dll
0x00007ffb14e70000 - 0x00007ffb14f95000 	C:\Windows\System32\RPCRT4.dll
0x00007ffb12ae0000 - 0x00007ffb12b07000 	C:\Windows\System32\bcrypt.dll
0x00007ffb0a930000 - 0x00007ffb0a93a000 	C:\Windows\SYSTEM32\VERSION.dll
0x00007ffaf9bd0000 - 0x00007ffaf9bf7000 	C:\Windows\SYSTEM32\WINMM.dll
0x00007ffb0cce0000 - 0x00007ffb0cce9000 	C:\Windows\SYSTEM32\WSOCK32.dll
0x00007ffb14b10000 - 0x00007ffb14b7b000 	C:\Windows\System32\WS2_32.dll
0x00007ffb10850000 - 0x00007ffb10862000 	C:\Windows\SYSTEM32\kernel.appcore.dll
0x00007ffb0c0c0000 - 0x00007ffb0c0ca000 	D:\Program Files\Android\Android Studio\jbr\bin\jimage.dll
0x00007ffb08e80000 - 0x00007ffb09064000 	C:\Windows\SYSTEM32\DBGHELP.DLL
0x00007ffb09ba0000 - 0x00007ffb09bd4000 	C:\Windows\SYSTEM32\dbgcore.DLL
0x00007ffb12b80000 - 0x00007ffb12c02000 	C:\Windows\System32\bcryptPrimitives.dll
0x00007ffaf2a70000 - 0x00007ffaf2a7e000 	D:\Program Files\Android\Android Studio\jbr\bin\instrument.dll
0x00007ffb0b7a0000 - 0x00007ffb0b7c5000 	D:\Program Files\Android\Android Studio\jbr\bin\java.dll
0x00007ffb0c0a0000 - 0x00007ffb0c0b8000 	D:\Program Files\Android\Android Studio\jbr\bin\zip.dll
0x00007ffb13560000 - 0x00007ffb13ccb000 	C:\Windows\System32\SHELL32.dll
0x00007ffb10a70000 - 0x00007ffb1120e000 	C:\Windows\SYSTEM32\windows.storage.dll
0x00007ffb13cd0000 - 0x00007ffb14023000 	C:\Windows\System32\combase.dll
0x00007ffb12380000 - 0x00007ffb123ae000 	C:\Windows\SYSTEM32\Wldp.dll
0x00007ffb15060000 - 0x00007ffb1512d000 	C:\Windows\System32\OLEAUT32.dll
0x00007ffb14b80000 - 0x00007ffb14c2d000 	C:\Windows\System32\SHCORE.dll
0x00007ffb14e00000 - 0x00007ffb14e55000 	C:\Windows\System32\shlwapi.dll
0x00007ffb128f0000 - 0x00007ffb12915000 	C:\Windows\SYSTEM32\profapi.dll
0x00007ffb0b900000 - 0x00007ffb0b919000 	D:\Program Files\Android\Android Studio\jbr\bin\net.dll
0x00007ffb0d8e0000 - 0x00007ffb0d9ea000 	C:\Windows\SYSTEM32\WINHTTP.dll
0x00007ffb120e0000 - 0x00007ffb1214a000 	C:\Windows\system32\mswsock.dll
0x00007ffb0b780000 - 0x00007ffb0b796000 	D:\Program Files\Android\Android Studio\jbr\bin\nio.dll
0x00007ffb0b770000 - 0x00007ffb0b780000 	D:\Program Files\Android\Android Studio\jbr\bin\verify.dll
0x00007ffb01550000 - 0x00007ffb01577000 	D:\Program Files\Android\Android Studio\.jdks\native\68d5fa5c4cc2d200863cafc0d521ce42e7d3e7ee720ec0a83991735586a16f82\windows-amd64\native-platform.dll
0x00007ffac7020000 - 0x00007ffac7164000 	D:\Program Files\Android\Android Studio\.jdks\native\e376f236ea51e6404a007f0833ffe2c6e607c4080706a723a18a27aeea778392\windows-amd64\native-platform-file-events.dll
0x00007ffaf2ad0000 - 0x00007ffaf2ad9000 	D:\Program Files\Android\Android Studio\jbr\bin\management.dll
0x00007ffaf2ac0000 - 0x00007ffaf2acb000 	D:\Program Files\Android\Android Studio\jbr\bin\management_ext.dll
0x00007ffb14e60000 - 0x00007ffb14e68000 	C:\Windows\System32\PSAPI.DLL
0x00007ffb122e0000 - 0x00007ffb122f8000 	C:\Windows\SYSTEM32\CRYPTSP.dll
0x00007ffb119b0000 - 0x00007ffb119e4000 	C:\Windows\system32\rsaenh.dll
0x00007ffb128b0000 - 0x00007ffb128de000 	C:\Windows\SYSTEM32\USERENV.dll
0x00007ffb122d0000 - 0x00007ffb122dc000 	C:\Windows\SYSTEM32\CRYPTBASE.dll
0x00007ffb11dd0000 - 0x00007ffb11e0b000 	C:\Windows\SYSTEM32\IPHLPAPI.DLL
0x00007ffb141d0000 - 0x00007ffb141d8000 	C:\Windows\System32\NSI.dll
0x00007ffb0c000000 - 0x00007ffb0c017000 	C:\Windows\SYSTEM32\dhcpcsvc6.DLL
0x00007ffb0bfc0000 - 0x00007ffb0bfdd000 	C:\Windows\SYSTEM32\dhcpcsvc.DLL
0x00007ffb11e10000 - 0x00007ffb11edb000 	C:\Windows\SYSTEM32\DNSAPI.dll
0x00007ffb08160000 - 0x00007ffb08167000 	C:\Windows\system32\wshunix.dll

dbghelp: loaded successfully - version: 4.0.5 - missing functions: none
symbol engine: initialized successfully - sym options: 0x614 - pdb path: .;D:\Program Files\Android\Android Studio\jbr\bin;C:\Windows\SYSTEM32;C:\Windows\WinSxS\amd64_microsoft.windows.common-controls_6595b64144ccf1df_6.0.19041.3636_none_60b6a03d71f818d5;D:\Program Files\Android\Android Studio\jbr\bin\server;D:\Program Files\Android\Android Studio\.jdks\native\68d5fa5c4cc2d200863cafc0d521ce42e7d3e7ee720ec0a83991735586a16f82\windows-amd64;D:\Program Files\Android\Android Studio\.jdks\native\e376f236ea51e6404a007f0833ffe2c6e607c4080706a723a18a27aeea778392\windows-amd64

VM Arguments:
jvm_args: --add-opens=java.base/java.util=ALL-UNNAMED --add-opens=java.base/java.lang=ALL-UNNAMED --add-opens=java.base/java.lang.invoke=ALL-UNNAMED --add-opens=java.prefs/java.util.prefs=ALL-UNNAMED --add-opens=java.base/java.nio.charset=ALL-UNNAMED --add-opens=java.base/java.net=ALL-UNNAMED --add-opens=java.base/java.util.concurrent.atomic=ALL-UNNAMED -Xmx2048m -Dfile.encoding=UTF-8 -Duser.country=US -Duser.language=en -Duser.variant -javaagent:D:\Program Files\Android\Android Studio\.jdks\wrapper\dists\gradle-8.2-bin\bbg7u40eoinfdyxsxr3z4i7ta\gradle-8.2\lib\agents\gradle-instrumentation-agent-8.2.jar 
java_command: org.gradle.launcher.daemon.bootstrap.GradleDaemon 8.2
java_class_path (initial): D:\Program Files\Android\Android Studio\.jdks\wrapper\dists\gradle-8.2-bin\bbg7u40eoinfdyxsxr3z4i7ta\gradle-8.2\lib\gradle-launcher-8.2.jar
Launcher Type: SUN_STANDARD

[Global flags]
     intx CICompilerCount                          = 4                                         {product} {ergonomic}
     uint ConcGCThreads                            = 3                                         {product} {ergonomic}
     uint G1ConcRefinementThreads                  = 10                                        {product} {ergonomic}
   size_t G1HeapRegionSize                         = 1048576                                   {product} {ergonomic}
    uintx GCDrainStackTargetSize                   = 64                                        {product} {ergonomic}
   size_t InitialHeapSize                          = 125829120                                 {product} {ergonomic}
   size_t MarkStackSize                            = 4194304                                   {product} {ergonomic}
   size_t MaxHeapSize                              = 2147483648                                {product} {command line}
   size_t MaxNewSize                               = 1287651328                                {product} {ergonomic}
   size_t MinHeapDeltaBytes                        = 1048576                                   {product} {ergonomic}
   size_t MinHeapSize                              = 8388608                                   {product} {ergonomic}
    uintx NonNMethodCodeHeapSize                   = 5839372                                {pd product} {ergonomic}
    uintx NonProfiledCodeHeapSize                  = 122909434                              {pd product} {ergonomic}
    uintx ProfiledCodeHeapSize                     = 122909434                              {pd product} {ergonomic}
    uintx ReservedCodeCacheSize                    = 251658240                              {pd product} {ergonomic}
     bool SegmentedCodeCache                       = true                                      {product} {ergonomic}
   size_t SoftMaxHeapSize                          = 2147483648                             {manageable} {ergonomic}
     bool UseCompressedClassPointers               = true                           {product lp64_product} {ergonomic}
     bool UseCompressedOops                        = true                           {product lp64_product} {ergonomic}
     bool UseG1GC                                  = true                                      {product} {ergonomic}
     bool UseLargePagesIndividualAllocation        = false                                  {pd product} {ergonomic}

Logging:
Log output configuration:
 #0: stdout all=warning uptime,level,tags
 #1: stderr all=off uptime,level,tags

Environment Variables:
PATH=C:\Program Files\Common Files\Oracle\Java\javapath;C:\Program Files\Microsoft MPI\Bin\;C:\Windows\system32;C:\Windows;C:\Windows\System32\Wbem;C:\Windows\System32\WindowsPowerShell\v1.0\;C:\Windows\System32\OpenSSH\;C:\Program Files (x86)\Microsoft SQL Server\150\Tools\Binn\;C:\Program Files\Microsoft SQL Server\150\Tools\Binn\;C:\Program Files (x86)\Microsoft SQL Server\150\DTS\Binn\;C:\Program Files\Microsoft SQL Server\150\DTS\Binn\;C:\Program Files\Microsoft SQL Server\Client SDK\ODBC\170\Tools\Binn\;C:\Program Files\Azure Data Studio\bin;E:\c++\bin;C:\xampp\php;C:\ProgramData\ComposerSetup\bin;C:\Users\FPT SHOP\AppData\Local\Microsoft\WindowsApps;;C:\Program Files\Azure Data Studio\bin;C:\Users\FPT SHOP\AppData\Local\Programs\Microsoft VS Code\bin;C:\Users\FPT SHOP\AppData\Roaming\Composer\vendor\bin;D:\IntelliJ IDEA Community Edition 2023.3.2\bin;
USERNAME=FPT SHOP
OS=Windows_NT
PROCESSOR_IDENTIFIER=AMD64 Family 23 Model 96 Stepping 1, AuthenticAMD
TMP=C:\Users\FPTSHO~1\AppData\Local\Temp
TEMP=C:\Users\FPTSHO~1\AppData\Local\Temp


JNI global refs:
JNI global refs: 26, weak refs: 4

JNI global refs memory usage: 843, weak refs: 841

OOME stack traces (most recent first):
Classloader memory used:
Loader org.gradle.internal.classloader.VisitableURLClassLoader                         : 3986K
Loader bootstrap                                                                       : 2471K
Loader org.gradle.initialization.MixInLegacyTypesClassLoader                           : 999K
Loader org.gradle.internal.classloader.VisitableURLClassLoader$InstrumentingVisitableURLClassLoader: 297K
Loader org.gradle.internal.classloader.VisitableURLClassLoader                         : 73894B
Loader jdk.internal.loader.ClassLoaders$PlatformClassLoader                            : 64574B
Loader jdk.internal.loader.ClassLoaders$AppClassLoader                                 : 28450B
Loader jdk.internal.reflect.DelegatingClassLoader                                      : 28013B
Loader org.gradle.groovy.scripts.internal.DefaultScriptCompilationHandler$ScriptClassLoader: 11430B
Loader org.codehaus.groovy.runtime.callsite.CallSiteClassLoader                        : 6718B

Classes loaded by more than one classloader:
Class Program                                                                         : loaded 4 times (x 72B)
Class org.gradle.internal.Cast                                                        : loaded 3 times (x 69B)
Class org.gradle.api.GradleException                                                  : loaded 3 times (x 80B)
Class com.google.common.collect.SingletonImmutableList                                : loaded 2 times (x 167B)
Class org.gradle.internal.classpath.ClassPath                                         : loaded 2 times (x 68B)
Class org.gradle.api.internal.classpath.DefaultModuleRegistry                         : loaded 2 times (x 84B)
Class Settings_gradle$1$1                                                             : loaded 2 times (x 72B)
Class com.google.common.collect.ListMultimap                                          : loaded 2 times (x 68B)
Class com.google.common.base.CharMatcher$JavaDigit                                    : loaded 2 times (x 109B)
Class com.google.common.base.CharMatcher$Digit                                        : loaded 2 times (x 110B)
Class com.google.common.collect.AbstractMultimap                                      : loaded 2 times (x 121B)
Class com.intellij.openapi.externalSystem.model.ExternalSystemException               : loaded 2 times (x 84B)
Class org.gradle.api.Action                                                           : loaded 2 times (x 68B)
Class org.jetbrains.kotlin.idea.gradleTooling.model.samWithReceiver.SamWithReceiverModel: loaded 2 times (x 68B)
Class com.google.common.collect.ImmutableEntry                                        : loaded 2 times (x 80B)
Class com.google.common.collect.Lists$StringAsImmutableList                           : loaded 2 times (x 167B)
Class org.jetbrains.plugins.gradle.model.ExternalProject                              : loaded 2 times (x 68B)
Class org.jetbrains.plugins.gradle.model.IntelliJSettings                             : loaded 2 times (x 68B)
Class com.google.common.base.CharMatcher                                              : loaded 2 times (x 109B)
Class com.google.common.base.CharMatcher$IsNot                                        : loaded 2 times (x 109B)
Class com.google.common.base.Splitter                                                 : loaded 2 times (x 70B)
Class org.jetbrains.kotlin.idea.gradleTooling.KotlinMPPGradleModel                    : loaded 2 times (x 68B)
Class org.gradle.api.internal.DefaultClassPathProvider                                : loaded 2 times (x 74B)
Class org.gradle.internal.installation.GradleInstallation$1                           : loaded 2 times (x 73B)
Class com.google.common.base.CharMatcher$BitSetMatcher                                : loaded 2 times (x 110B)
Class com.google.common.collect.ImmutableMap$IteratorBasedImmutableMap                : loaded 2 times (x 123B)
Class org.gradle.internal.exceptions.DefaultMultiCauseException                       : loaded 2 times (x 85B)
Class com.google.common.collect.ImmutableMap                                          : loaded 2 times (x 118B)
Class com.google.common.base.Converter                                                : loaded 2 times (x 88B)
Class org.gradle.tooling.model.UnsupportedMethodException                             : loaded 2 times (x 80B)
Class com.google.common.collect.ImmutableSet$EmptySetBuilderImpl                      : loaded 2 times (x 74B)
Class org.gradle.internal.time.MonotonicClock                                         : loaded 2 times (x 75B)
Class com.google.common.base.Predicate                                                : loaded 2 times (x 68B)
Class org.gradle.internal.classloader.FilteringClassLoader                            : loaded 2 times (x 102B)
Class com.google.common.collect.RegularImmutableSet                                   : loaded 2 times (x 146B)
Class org.gradle.tooling.model.Model                                                  : loaded 2 times (x 68B)
Class org.gradle.internal.classpath.DefaultClassPath$ImmutableUniqueList$Builder      : loaded 2 times (x 73B)
Class com.google.common.collect.Maps$8                                                : loaded 2 times (x 80B)
Class com.google.common.base.CharMatcher$InRange                                      : loaded 2 times (x 109B)
Class org.jetbrains.kotlin.idea.gradleTooling.KotlinSourceSetContainer                : loaded 2 times (x 68B)
Class com.google.common.collect.BiMap                                                 : loaded 2 times (x 68B)
Class com.google.common.collect.Lists                                                 : loaded 2 times (x 69B)
Class org.gradle.internal.classloader.ClassLoaderVisitor                              : loaded 2 times (x 74B)
Class org.gradle.internal.time.DefaultCountdownTimer                                  : loaded 2 times (x 86B)
Class org.gradle.internal.service.DefaultServiceLocator                               : loaded 2 times (x 81B)
Class org.gradle.internal.service.UnknownServiceException                             : loaded 2 times (x 81B)
Class com.google.common.collect.ArrayListMultimap                                     : loaded 2 times (x 170B)
Class org.jetbrains.plugins.gradle.model.DependencyAccessorsModel                     : loaded 2 times (x 68B)
Class org.gradle.internal.classloader.DefaultClassLoaderFactory                       : loaded 2 times (x 80B)
Class com.google.common.collect.UnmodifiableIterator                                  : loaded 2 times (x 78B)
Class com.google.common.base.CharMatcher$SingleWidth                                  : loaded 2 times (x 110B)
Class org.jetbrains.plugins.gradle.model.GradleExtensions                             : loaded 2 times (x 68B)
Class com.google.common.base.JdkPattern                                               : loaded 2 times (x 73B)
Class com.google.common.collect.Multimap                                              : loaded 2 times (x 68B)
Class org.jetbrains.plugins.gradle.model.VersionCatalogsModel                         : loaded 2 times (x 68B)
Class org.gradle.internal.classloader.VisitableURLClassLoader$Spec                    : loaded 2 times (x 72B)
Class org.gradle.tooling.model.ProjectModel                                           : loaded 2 times (x 68B)
Class org.jetbrains.plugins.gradle.model.MavenRepositoryModel                         : loaded 2 times (x 68B)
Class com.google.common.base.CharMatcher$JavaLetterOrDigit                            : loaded 2 times (x 109B)
Class org.gradle.tooling.internal.gradle.DefaultProjectIdentifier                     : loaded 2 times (x 84B)
Class org.gradle.api.internal.classpath.ModuleRegistry                                : loaded 2 times (x 68B)
Class com.google.common.collect.ImmutableCollection                                   : loaded 2 times (x 123B)
Class org.jetbrains.plugins.gradle.model.RepositoriesModel                            : loaded 2 times (x 68B)
Class kotlin.jvm.internal.markers.KMappedMarker                                       : loaded 2 times (x 68B)
Class org.gradle.api.internal.ClassPathProvider                                       : loaded 2 times (x 68B)
Class com.google.common.collect.RegularImmutableMap$Values                            : loaded 2 times (x 167B)
Class org.gradle.util.GradleVersion                                                   : loaded 2 times (x 81B)
Class com.google.common.collect.ImmutableEnumMap                                      : loaded 2 times (x 123B)
Class com.google.common.collect.ImmutableList$ReverseImmutableList                    : loaded 2 times (x 168B)
Class org.gradle.internal.classloader.ClassLoaderFactory                              : loaded 2 times (x 68B)
Class com.google.common.collect.ObjectArrays                                          : loaded 2 times (x 69B)
Class com.google.common.collect.ImmutableList                                         : loaded 2 times (x 166B)
Class org.gradle.api.internal.classpath.ManifestUtil                                  : loaded 2 times (x 69B)
Class org.gradle.api.specs.Spec                                                       : loaded 2 times (x 68B)
Class com.google.common.base.CharMatcher$Whitespace                                   : loaded 2 times (x 110B)
Class org.gradle.tooling.internal.gradle.GradleBuildIdentity                          : loaded 2 times (x 68B)
Class com.google.common.collect.RegularImmutableMap$BucketOverflowException           : loaded 2 times (x 80B)
Class com.google.common.base.Preconditions                                            : loaded 2 times (x 69B)
Class com.google.common.base.Function                                                 : loaded 2 times (x 68B)
Class org.gradle.internal.IoActions                                                   : loaded 2 times (x 69B)
Class com.google.common.collect.RegularImmutableMap$KeySet                            : loaded 2 times (x 148B)
Class com.google.common.collect.CollectPreconditions                                  : loaded 2 times (x 69B)
Class com.google.common.collect.Maps                                                  : loaded 2 times (x 69B)
Class com.google.common.collect.RegularImmutableMap                                   : loaded 2 times (x 119B)
Class com.google.common.collect.AbstractIndexedListIterator                           : loaded 2 times (x 94B)
Class com.google.common.base.CharMatcher$None                                         : loaded 2 times (x 110B)
Class org.gradle.api.internal.classpath.EffectiveClassPath                            : loaded 2 times (x 88B)
Class com.google.common.collect.UnmodifiableListIterator                              : loaded 2 times (x 93B)
Class kotlin.jvm.internal.DefaultConstructorMarker                                    : loaded 2 times (x 69B)
Class com.google.common.collect.ImmutableList$1                                       : loaded 2 times (x 95B)
Class com.google.common.base.Splitter$Strategy                                        : loaded 2 times (x 68B)
Class com.google.common.collect.ImmutableMapEntrySet$RegularEntrySet                  : loaded 2 times (x 149B)
Class org.jetbrains.kotlin.idea.gradleTooling.model.annotation.AnnotationBasedPluginModel: loaded 2 times (x 68B)
Class org.jetbrains.kotlin.idea.gradleTooling.model.assignment.AssignmentModel        : loaded 2 times (x 68B)
Class org.gradle.internal.installation.CurrentGradleInstallation                      : loaded 2 times (x 71B)
Class org.gradle.internal.agents.InstrumentingClassLoader                             : loaded 2 times (x 68B)
Class org.gradle.internal.installation.CurrentGradleInstallationLocator               : loaded 2 times (x 69B)
Class org.gradle.api.internal.classpath.Module                                        : loaded 2 times (x 68B)
Class com.google.common.base.Splitter$1$1                                             : loaded 2 times (x 84B)
Class com.google.common.collect.ImmutableSet$JdkBackedSetBuilderImpl                  : loaded 2 times (x 74B)
Class com.google.common.collect.ImmutableSet$RegularSetBuilderImpl                    : loaded 2 times (x 75B)
Class org.gradle.internal.service.CachingServiceLocator                               : loaded 2 times (x 80B)
Class org.gradle.internal.time.Timer                                                  : loaded 2 times (x 68B)
Class org.jetbrains.kotlin.idea.gradleTooling.KotlinDslScriptAdditionalTask           : loaded 2 times (x 68B)
Class org.jetbrains.plugins.gradle.model.tests.ExternalTestsModel                     : loaded 2 times (x 68B)
Class org.gradle.internal.classpath.DefaultClassPath                                  : loaded 2 times (x 88B)
Class com.google.common.base.Splitter$SplittingIterator                               : loaded 2 times (x 82B)
Class com.intellij.openapi.externalSystem.model.project.dependencies.ProjectDependencies: loaded 2 times (x 68B)
Class org.jetbrains.kotlin.idea.gradleTooling.PrepareKotlinIdeImportTaskModel         : loaded 2 times (x 68B)
Class org.gradle.internal.impldep.com.google.common.base.Preconditions                : loaded 2 times (x 69B)
Class kotlin.jvm.functions.Function1                                                  : loaded 2 times (x 68B)
Class com.google.common.base.CharMatcher$Is                                           : loaded 2 times (x 109B)
Class com.google.common.collect.RegularImmutableAsList                                : loaded 2 times (x 176B)
Class org.gradle.internal.time.Time                                                   : loaded 2 times (x 69B)
Class org.gradle.internal.time.TimeSource$1                                           : loaded 2 times (x 75B)
Class com.google.common.collect.ImmutableMapEntrySet                                  : loaded 2 times (x 149B)
Class com.google.common.collect.ImmutableBiMapFauxverideShim                          : loaded 2 times (x 118B)
Class sync_studio_tooling62489_4se4afl1v9foshpy7epln7csa$_run_closure1                : loaded 2 times (x 134B)
Class org.gradle.internal.classloader.SystemClassLoaderSpec                           : loaded 2 times (x 69B)
Class com.google.common.collect.SingletonImmutableSet                                 : loaded 2 times (x 144B)
Class [Lcom.google.common.base.AbstractIterator$State;                                : loaded 2 times (x 67B)
Class com.google.common.collect.ImmutableMap$Builder                                  : loaded 2 times (x 80B)
Class com.google.common.base.AbstractIterator                                         : loaded 2 times (x 78B)
Class com.google.common.base.AbstractIterator$1                                       : loaded 2 times (x 69B)
Class kotlin.Function                                                                 : loaded 2 times (x 68B)
Class com.google.common.base.CharMatcher$1                                            : loaded 2 times (x 111B)
Class com.google.common.base.CharMatcher$Ascii                                        : loaded 2 times (x 110B)
Class org.gradle.api.UncheckedIOException                                             : loaded 2 times (x 80B)
Class com.google.common.base.CharMatcher$And                                          : loaded 2 times (x 110B)
Class com.google.common.collect.IndexedImmutableSet                                   : loaded 2 times (x 148B)
Class com.google.common.collect.AbstractListMultimap                                  : loaded 2 times (x 170B)
Class com.google.common.base.CharMatcher$Any                                          : loaded 2 times (x 110B)
Class org.gradle.internal.classloader.ClasspathUtil$1                                 : loaded 2 times (x 74B)
Class com.google.common.collect.ArrayListMultimapGwtSerializationDependencies         : loaded 2 times (x 170B)
Class com.google.common.base.CharMatcher$RangesMatcher                                : loaded 2 times (x 110B)
Class org.gradle.tooling.internal.gradle.GradleProjectIdentity                        : loaded 2 times (x 68B)
Class com.google.common.collect.ImmutableList$SubList                                 : loaded 2 times (x 168B)
Class org.gradle.internal.time.CountdownTimer                                         : loaded 2 times (x 68B)
Class org.gradle.internal.time.Clock                                                  : loaded 2 times (x 68B)
Class org.gradle.internal.classloader.ClasspathUtil                                   : loaded 2 times (x 69B)
Class org.gradle.tooling.model.BuildIdentifier                                        : loaded 2 times (x 68B)
Class com.google.common.base.Splitter$1                                               : loaded 2 times (x 75B)
Class com.google.common.collect.Maps$BiMapConverter                                   : loaded 2 times (x 88B)
Class org.gradle.api.internal.DefaultClassPathRegistry                                : loaded 2 times (x 74B)
Class com.google.common.collect.ImmutableSet$SetBuilderImpl                           : loaded 2 times (x 74B)
Class org.gradle.api.internal.classpath.DefaultModuleRegistry$DefaultModule           : loaded 2 times (x 84B)
Class com.google.common.base.CharMatcher$JavaIsoControl                               : loaded 2 times (x 110B)
Class com.google.common.collect.ImmutableMap$1                                        : loaded 2 times (x 79B)
Class com.google.common.base.CharMatcher$Or                                           : loaded 2 times (x 110B)
Class org.gradle.internal.time.TimeSource                                             : loaded 2 times (x 68B)
Class com.google.common.collect.Iterables                                             : loaded 2 times (x 69B)
Class org.jetbrains.kotlin.android.synthetic.idea.AndroidExtensionsGradleModel        : loaded 2 times (x 68B)
Class com.google.common.base.CharMatcher$JavaLowerCase                                : loaded 2 times (x 109B)
Class org.gradle.api.internal.classpath.UnknownModuleException                        : loaded 2 times (x 80B)
Class com.google.common.collect.Maps$EntryTransformer                                 : loaded 2 times (x 68B)
Class com.google.common.collect.ImmutableCollection$Builder                           : loaded 2 times (x 74B)
Class com.google.common.base.CommonPattern                                            : loaded 2 times (x 72B)
Class org.jetbrains.plugins.gradle.model.IntelliJProjectSettings                      : loaded 2 times (x 68B)
Class org.gradle.internal.service.ServiceLookupException                              : loaded 2 times (x 80B)
Class org.gradle.cache.GlobalCache                                                    : loaded 2 times (x 68B)
Class org.jetbrains.kotlin.idea.gradleTooling.model.lombok.LombokModel                : loaded 2 times (x 68B)
Class org.gradle.tooling.model.ProjectIdentifier                                      : loaded 2 times (x 68B)
Class com.google.common.base.CharMatcher$NegatedFastMatcher                           : loaded 2 times (x 111B)
Class [Lorg.gradle.api.internal.ClassPathProvider;                                    : loaded 2 times (x 67B)
Class org.gradle.internal.operations.MultipleBuildOperationFailures                   : loaded 2 times (x 85B)
Class org.gradle.util.internal.GUtil                                                  : loaded 2 times (x 69B)
Class org.jetbrains.plugins.gradle.model.AnnotationProcessingModel                    : loaded 2 times (x 68B)
Class org.gradle.internal.classloader.ClassLoaderSpec                                 : loaded 2 times (x 69B)
Class sync_studio_tooling62489_4se4afl1v9foshpy7epln7csa                              : loaded 2 times (x 177B)
Class com.google.common.base.NullnessCasts                                            : loaded 2 times (x 69B)
Class com.google.common.collect.AbstractMapEntry                                      : loaded 2 times (x 79B)
Class com.google.common.base.CharMatcher$Negated                                      : loaded 2 times (x 111B)
Class org.jetbrains.plugins.gradle.model.BuildScriptClasspathModel                    : loaded 2 times (x 68B)
Class com.google.common.collect.ImmutableSet$Builder                                  : loaded 2 times (x 83B)
Class com.google.common.base.CharMatcher$ForPredicate                                 : loaded 2 times (x 110B)
Class com.google.common.collect.ImmutableMap$MapViewOfValuesAsSingletonSets           : loaded 2 times (x 123B)
Class com.google.common.collect.SortedMapDifference                                   : loaded 2 times (x 68B)
Class org.gradle.internal.classloader.VisitableURLClassLoader                         : loaded 2 times (x 114B)
Class com.google.common.collect.ImmutableBiMap                                        : loaded 2 times (x 141B)
Class org.gradle.internal.installation.GradleInstallation                             : loaded 2 times (x 73B)
Class org.gradle.api.internal.ClassPathRegistry                                       : loaded 2 times (x 68B)
Class com.google.common.collect.ImmutableSet                                          : loaded 2 times (x 143B)
Class org.gradle.internal.classloader.VisitableURLClassLoader$InstrumentingVisitableURLClassLoader: loaded 2 times (x 120B)
Class org.gradle.internal.classloader.ClassLoaderHierarchy                            : loaded 2 times (x 68B)
Class org.gradle.internal.exceptions.MultiCauseException                              : loaded 2 times (x 68B)
Class org.jetbrains.kotlin.idea.gradleTooling.model.parcelize.ParcelizeGradleModel    : loaded 2 times (x 68B)
Class com.google.common.base.AbstractIterator$State                                   : loaded 2 times (x 77B)
Class com.google.common.base.CharMatcher$NamedFastMatcher                             : loaded 2 times (x 110B)
Class org.gradle.internal.InternalTransformer                                         : loaded 2 times (x 68B)
Class org.jetbrains.kotlin.idea.gradleTooling.model.noarg.NoArgModel                  : loaded 2 times (x 68B)
Class org.jetbrains.kotlin.idea.gradleTooling.KotlinGradleModel                       : loaded 2 times (x 68B)
Class org.gradle.tooling.internal.gradle.DefaultBuildIdentifier                       : loaded 2 times (x 77B)
Class org.gradle.internal.service.ServiceLocator                                      : loaded 2 times (x 68B)
Class Settings_gradle$1                                                               : loaded 2 times (x 72B)
Class com.google.common.collect.ImmutableMapEntry                                     : loaded 2 times (x 83B)
Class ijinit1_c86vyxyl33a5ovcy1kdp0571                                                : loaded 2 times (x 177B)
Class org.jetbrains.kotlin.idea.gradleTooling.model.allopen.AllOpenModel              : loaded 2 times (x 68B)
Class com.google.common.base.CharMatcher$Invisible                                    : loaded 2 times (x 110B)
Class com.google.common.base.CharMatcher$FastMatcher                                  : loaded 2 times (x 109B)
Class org.gradle.internal.classpath.DefaultClassPath$ImmutableUniqueList              : loaded 2 times (x 159B)
Class org.gradle.internal.time.DefaultTimer                                           : loaded 2 times (x 78B)
Class com.google.common.base.CharMatcher$JavaLetter                                   : loaded 2 times (x 109B)
Class org.gradle.internal.classpath.TransformedClassPath                              : loaded 2 times (x 94B)
Class com.google.common.collect.MapDifference                                         : loaded 2 times (x 68B)
Class Settings_gradle                                                                 : loaded 2 times (x 126B)
Class com.google.common.collect.Platform                                              : loaded 2 times (x 69B)
Class com.google.common.collect.ImmutableAsList                                       : loaded 2 times (x 169B)
Class com.google.common.base.CharMatcher$AnyOf                                        : loaded 2 times (x 110B)
Class com.google.common.base.CharMatcher$IsEither                                     : loaded 2 times (x 109B)
Class com.google.common.collect.RegularImmutableList                                  : loaded 2 times (x 172B)
Class com.google.common.base.CharMatcher$JavaUpperCase                                : loaded 2 times (x 109B)
Class com.google.common.collect.Multiset                                              : loaded 2 times (x 68B)
Class com.google.common.collect.ImmutableSet$CachingAsList                            : loaded 2 times (x 145B)
Class com.google.common.collect.ImmutableMapEntry$NonTerminalImmutableMapEntry        : loaded 2 times (x 83B)
Class com.google.common.collect.AbstractMapBasedMultimap                              : loaded 2 times (x 137B)


---------------  S Y S T E M  ---------------

OS:
 Windows 10 , 64 bit Build 19041 (10.0.19041.3636)
OS uptime: 20 days 22:10 hours

CPU: total 12 (initial active 12) (12 cores per cpu, 2 threads per core) family 23 model 96 stepping 1 microcode 0x0, cx8, cmov, fxsr, ht, mmx, 3dnowpref, sse, sse2, sse3, ssse3, sse4a, sse4.1, sse4.2, popcnt, lzcnt, tsc, tscinvbit, avx, avx2, aes, clmul, bmi1, bmi2, adx, sha, fma, vzeroupper, clflush, clflushopt

Memory: 4k page, system-wide physical 7598M (224M free)
TotalPageFile size 26348M (AvailPageFile size 5M)
current process WorkingSet (physical memory assigned to process): 337M, peak: 337M
current process commit charge ("private bytes"): 379M, peak: 382M

vm_info: OpenJDK 64-Bit Server VM (17.0.7+0-b2043.56-10550314) for windows-amd64 JRE (17.0.7+0-b2043.56-10550314), built on Jul 24 2023 18:27:45 by "androidbuild" with MS VC++ 16.10 / 16.11 (VS2019)

END.
