#
# There is insufficient memory for the Java Runtime Environment to continue.
# Native memory allocation (mmap) failed to map 125829120 bytes for G1 virtual space
# Possible reasons:
#   The system is out of physical RAM or swap space
#   The process is running with CompressedOops enabled, and the Java Heap may be blocking the growth of the native heap
# Possible solutions:
#   Reduce memory load on the system
#   Increase physical memory or swap space
#   Check if swap backing store is full
#   Decrease Java heap size (-Xmx/-Xms)
#   Decrease number of Java threads
#   Decrease Java thread stack sizes (-Xss)
#   Set larger code cache with -XX:ReservedCodeCacheSize=
#   JVM is running with Unscaled Compressed Oops mode in which the Java heap is
#     placed in the first 4GB address space. The Java Heap base address is the
#     maximum limit for the native heap growth. Please use -XX:HeapBaseMinAddress
#     to set the Java Heap base and to place the Java Heap above 4GB virtual address.
# This output file may be truncated or incomplete.
#
#  Out of Memory Error (os_windows.cpp:3771), pid=19888, tid=20716
#
# JRE version:  (17.0.7) (build )
# Java VM: OpenJDK 64-Bit Server VM (17.0.7+0-b2043.56-10550314, mixed mode, sharing, tiered, compressed oops, compressed class ptrs, g1 gc, windows-amd64)
# No core dump will be written. Minidumps are not enabled by default on client versions of Windows
#

---------------  S U M M A R Y ------------

Command Line: org.jetbrains.kotlin.cli.jvm.K2JVMCompiler @D:\AndroidStudioProjects\OldBook\app\build\20240405_9845969182388402705.compiler.options

Host: AMD Ryzen 5 4600H with Radeon Graphics         , 12 cores, 7G,  Windows 10 , 64 bit Build 19041 (10.0.19041.3636)
Time: Fri Apr  5 23:49:30 2024 SE Asia Standard Time elapsed time: 0.007682 seconds (0d 0h 0m 0s)

---------------  T H R E A D  ---------------

Current thread (0x000001c8dc182340):  JavaThread "Unknown thread" [_thread_in_vm, id=20716, stack(0x0000009485000000,0x0000009485100000)]

Stack: [0x0000009485000000,0x0000009485100000]
Native frames: (J=compiled Java code, j=interpreted, Vv=VM code, C=native code)
V  [jvm.dll+0x683bfa]
V  [jvm.dll+0x8430a4]
V  [jvm.dll+0x8449be]
V  [jvm.dll+0x845023]
V  [jvm.dll+0x24ad2f]
V  [jvm.dll+0x680ac9]
V  [jvm.dll+0x67519a]
V  [jvm.dll+0x30b3cb]
V  [jvm.dll+0x312876]
V  [jvm.dll+0x36221e]
V  [jvm.dll+0x36244f]
V  [jvm.dll+0x2e14a8]
V  [jvm.dll+0x2e2414]
V  [jvm.dll+0x814391]
V  [jvm.dll+0x36ffe1]
V  [jvm.dll+0x7f396c]
V  [jvm.dll+0x3f305f]
V  [jvm.dll+0x3f4b91]
C  [jli.dll+0x528f]
C  [ucrtbase.dll+0x21bb2]
C  [KERNEL32.DLL+0x17344]
C  [ntdll.dll+0x526b1]


---------------  P R O C E S S  ---------------

Threads class SMR info:
_java_thread_list=0x00007ffa8ad1d098, length=0, elements={
}

Java Threads: ( => current thread )

Other Threads:
  0x000001c8dc1d8cd0 GCTaskThread "GC Thread#0" [stack: 0x0000009485100000,0x0000009485200000] [id=14820]
  0x000001c8dc1e8990 ConcurrentGCThread "G1 Main Marker" [stack: 0x0000009485200000,0x0000009485300000] [id=13304]
  0x000001c8dc1e93a0 ConcurrentGCThread "G1 Conc#0" [stack: 0x0000009485300000,0x0000009485400000] [id=27576]

[error occurred during error reporting (printing all threads), id 0xc0000005, EXCEPTION_ACCESS_VIOLATION (0xc0000005) at pc=0x00007ffa8a4d2087]

VM state: not at safepoint (not fully initialized)

VM Mutex/Monitor currently owned by a thread:  ([mutex/lock_event])
[0x000001c8dc17e0b0] Heap_lock - owner thread: 0x000001c8dc182340

Heap address: 0x0000000089400000, size: 1900 MB, Compressed Oops mode: 32-bit

CDS archive(s) mapped at: [0x0000000000000000-0x0000000000000000-0x0000000000000000), size 0, SharedBaseAddress: 0x0000000800000000, ArchiveRelocationMode: 0.
Narrow klass base: 0x0000000000000000, Narrow klass shift: 0, Narrow klass range: 0x0

GC Precious Log:
<Empty>

Heap:
 garbage-first heap   total 0K, used 0K [0x0000000089400000, 0x0000000100000000)
  region size 1024K, 0 young (0K), 0 survivors (0K)
 Metaspace       used 0K, committed 0K, reserved 0K
  class space    used 0K, committed 0K, reserved 0K

Heap Regions: E=young(eden), S=young(survivor), O=old, HS=humongous(starts), HC=humongous(continues), CS=collection set, F=free, OA=open archive, CA=closed archive, TAMS=top-at-mark-start (previous, next)

Card table byte_map: [0x000001c8f0ea0000,0x000001c8f1260000] _byte_map_base: 0x000001c8f0a56000

Marking Bits (Prev, Next): (CMBitMap*) 0x000001c8dc1d92e0, (CMBitMap*) 0x000001c8dc1d9320
 Prev Bits: [0x000001c8f1620000, 0x000001c8f33d0000)
 Next Bits: [0x000001c8f33d0000, 0x000001c8f5180000)

GC Heap History (0 events):
No events

Dll operation events (1 events):
Event: 0.005 Loaded shared library D:\Program Files\Android\Android Studio\jbr\bin\java.dll

Deoptimization events (0 events):
No events

Classes unloaded (0 events):
No events

Classes redefined (0 events):
No events

Internal exceptions (0 events):
No events

VM Operations (0 events):
No events

Events (0 events):
No events


Dynamic libraries:
0x00007ff77e490000 - 0x00007ff77e49a000 	D:\Program Files\Android\Android Studio\jbr\bin\java.exe
0x00007ffb15310000 - 0x00007ffb15508000 	C:\Windows\SYSTEM32\ntdll.dll
0x00007ffb141e0000 - 0x00007ffb1429d000 	C:\Windows\System32\KERNEL32.DLL
0x00007ffb12d30000 - 0x00007ffb13026000 	C:\Windows\System32\KERNELBASE.dll
0x00007ffb13030000 - 0x00007ffb13130000 	C:\Windows\System32\ucrtbase.dll
0x00007ffaf1ee0000 - 0x00007ffaf1ef7000 	D:\Program Files\Android\Android Studio\jbr\bin\jli.dll
0x00007ffb0c200000 - 0x00007ffb0c21b000 	D:\Program Files\Android\Android Studio\jbr\bin\VCRUNTIME140.dll
0x00007ffb142a0000 - 0x00007ffb1443e000 	C:\Windows\System32\USER32.dll
0x00007ffb129c0000 - 0x00007ffb129e2000 	C:\Windows\System32\win32u.dll
0x00007ffb029b0000 - 0x00007ffb02c4a000 	C:\Windows\WinSxS\amd64_microsoft.windows.common-controls_6595b64144ccf1df_6.0.19041.3636_none_60b6a03d71f818d5\COMCTL32.dll
0x00007ffb15210000 - 0x00007ffb1523b000 	C:\Windows\System32\GDI32.dll
0x00007ffb15130000 - 0x00007ffb151ce000 	C:\Windows\System32\msvcrt.dll
0x00007ffb12c10000 - 0x00007ffb12d27000 	C:\Windows\System32\gdi32full.dll
0x00007ffb12a40000 - 0x00007ffb12add000 	C:\Windows\System32\msvcp_win.dll
0x00007ffb151d0000 - 0x00007ffb15202000 	C:\Windows\System32\IMM32.DLL
0x00007ffb0d580000 - 0x00007ffb0d58c000 	D:\Program Files\Android\Android Studio\jbr\bin\vcruntime140_1.dll
0x00007ffae9df0000 - 0x00007ffae9e7d000 	D:\Program Files\Android\Android Studio\jbr\bin\msvcp140.dll
0x00007ffa8a1e0000 - 0x00007ffa8ae60000 	D:\Program Files\Android\Android Studio\jbr\bin\server\jvm.dll
0x00007ffb14440000 - 0x00007ffb144f0000 	C:\Windows\System32\ADVAPI32.dll
0x00007ffb14d60000 - 0x00007ffb14e00000 	C:\Windows\System32\sechost.dll
0x00007ffb14e70000 - 0x00007ffb14f95000 	C:\Windows\System32\RPCRT4.dll
0x00007ffb12ae0000 - 0x00007ffb12b07000 	C:\Windows\System32\bcrypt.dll
0x00007ffb0cce0000 - 0x00007ffb0cce9000 	C:\Windows\SYSTEM32\WSOCK32.dll
0x00007ffb0a930000 - 0x00007ffb0a93a000 	C:\Windows\SYSTEM32\VERSION.dll
0x00007ffaf9bd0000 - 0x00007ffaf9bf7000 	C:\Windows\SYSTEM32\WINMM.dll
0x00007ffb14b10000 - 0x00007ffb14b7b000 	C:\Windows\System32\WS2_32.dll
0x00007ffb10850000 - 0x00007ffb10862000 	C:\Windows\SYSTEM32\kernel.appcore.dll
0x00007ffb0c0c0000 - 0x00007ffb0c0ca000 	D:\Program Files\Android\Android Studio\jbr\bin\jimage.dll
0x00007ffb08e80000 - 0x00007ffb09064000 	C:\Windows\SYSTEM32\DBGHELP.DLL
0x00007ffb09ba0000 - 0x00007ffb09bd4000 	C:\Windows\SYSTEM32\dbgcore.DLL
0x00007ffb12b80000 - 0x00007ffb12c02000 	C:\Windows\System32\bcryptPrimitives.dll
0x00007ffb0b7a0000 - 0x00007ffb0b7c5000 	D:\Program Files\Android\Android Studio\jbr\bin\java.dll

dbghelp: loaded successfully - version: 4.0.5 - missing functions: none
symbol engine: initialized successfully - sym options: 0x614 - pdb path: .;D:\Program Files\Android\Android Studio\jbr\bin;C:\Windows\SYSTEM32;C:\Windows\WinSxS\amd64_microsoft.windows.common-controls_6595b64144ccf1df_6.0.19041.3636_none_60b6a03d71f818d5;D:\Program Files\Android\Android Studio\jbr\bin\server

VM Arguments:
java_command: org.jetbrains.kotlin.cli.jvm.K2JVMCompiler @D:\AndroidStudioProjects\OldBook\app\build\20240405_9845969182388402705.compiler.options
java_class_path (initial): D:\Program Files\Android\Android Studio\.jdks\caches\modules-2\files-2.1\org.jetbrains.kotlin\kotlin-compiler-embeddable\1.7.10\909803167c98606fcf22b4c848647c68e351d48d\kotlin-compiler-embeddable-1.7.10.jar;D:\Program Files\Android\Android Studio\.jdks\caches\modules-2\files-2.1\org.jetbrains.kotlin\kotlin-reflect\1.7.10\165e600dfea6185cf5efa700756294cc4904dbeb\kotlin-reflect-1.7.10.jar;D:\Program Files\Android\Android Studio\.jdks\caches\modules-2\files-2.1\org.jetbrains.kotlin\kotlin-stdlib\1.7.10\d2abf9e77736acc4450dc4a3f707fa2c10f5099d\kotlin-stdlib-1.7.10.jar;D:\Program Files\Android\Android Studio\.jdks\caches\modules-2\files-2.1\org.jetbrains.kotlin\kotlin-script-runtime\1.7.10\c99c87a6988d8fd8d5142e9ed5c9f34a7cf561ee\kotlin-script-runtime-1.7.10.jar;D:\Program Files\Android\Android Studio\.jdks\caches\modules-2\files-2.1\org.jetbrains.kotlin\kotlin-daemon-embeddable\1.7.10\3a9f7aef7080d3ae63126cbba4f827ed664f32fa\kotlin-daemon-embeddable-1.7.10.jar;D:\Program Files\Android\Android Studio\.jdks\caches\modules-2\files-2.1\org.jetbrains.intellij.deps\trove4j\1.0.20200330\3afb14d5f9ceb459d724e907a21145e8ff394f02\trove4j-1.0.20200330.jar;D:\Program Files\Android\Android Studio\.jdks\caches\modules-2\files-2.1\net.java.dev.jna\jna\5.6.0\330f2244e9030119ab3030fc3fededc86713d9cc\jna-5.6.0.jar;D:\Program Files\Android\Android Studio\.jdks\caches\modules-2\files-2.1\org.jetbrains.kotlin\kotlin-stdlib-common\1.7.10\bac80c520d0a9e3f3673bc2658c6ed02ef45a76a\kotlin-stdlib-common-1.7.10.jar;D:\Program Files\Android\Android Studio\.jdks\caches\modules-2\files-2.1\org.jetbrains\annotations\13.0\919f0dfe192fb4e063e7dacadee7f8bb9a2672a9\annotations-13.0.jar
Launcher Type: SUN_STANDARD

[Global flags]
     intx CICompilerCount                          = 4                                         {product} {ergonomic}
     uint ConcGCThreads                            = 3                                         {product} {ergonomic}
     uint G1ConcRefinementThreads                  = 10                                        {product} {ergonomic}
   size_t G1HeapRegionSize                         = 1048576                                   {product} {ergonomic}
    uintx GCDrainStackTargetSize                   = 64                                        {product} {ergonomic}
   size_t InitialHeapSize                          = 125829120                                 {product} {ergonomic}
   size_t MarkStackSize                            = 4194304                                   {product} {ergonomic}
   size_t MaxHeapSize                              = 1992294400                                {product} {ergonomic}
   size_t MinHeapDeltaBytes                        = 1048576                                   {product} {ergonomic}
   size_t MinHeapSize                              = 8388608                                   {product} {ergonomic}
    uintx NonNMethodCodeHeapSize                   = 5839372                                {pd product} {ergonomic}
    uintx NonProfiledCodeHeapSize                  = 122909434                              {pd product} {ergonomic}
    uintx ProfiledCodeHeapSize                     = 122909434                              {pd product} {ergonomic}
    uintx ReservedCodeCacheSize                    = 251658240                              {pd product} {ergonomic}
     bool SegmentedCodeCache                       = true                                      {product} {ergonomic}
   size_t SoftMaxHeapSize                          = 1992294400                             {manageable} {ergonomic}
     bool UseCompressedClassPointers               = true                           {product lp64_product} {ergonomic}
     bool UseCompressedOops                        = true                           {product lp64_product} {ergonomic}
     bool UseG1GC                                  = true                                      {product} {ergonomic}
     bool UseLargePagesIndividualAllocation        = false                                  {pd product} {ergonomic}

Logging:
Log output configuration:
 #0: stdout all=warning uptime,level,tags
 #1: stderr all=off uptime,level,tags

Environment Variables:
PATH=C:\Program Files\Common Files\Oracle\Java\javapath;C:\Program Files\Microsoft MPI\Bin\;C:\Windows\system32;C:\Windows;C:\Windows\System32\Wbem;C:\Windows\System32\WindowsPowerShell\v1.0\;C:\Windows\System32\OpenSSH\;C:\Program Files (x86)\Microsoft SQL Server\150\Tools\Binn\;C:\Program Files\Microsoft SQL Server\150\Tools\Binn\;C:\Program Files (x86)\Microsoft SQL Server\150\DTS\Binn\;C:\Program Files\Microsoft SQL Server\150\DTS\Binn\;C:\Program Files\Microsoft SQL Server\Client SDK\ODBC\170\Tools\Binn\;C:\Program Files\Azure Data Studio\bin;E:\c++\bin;C:\xampp\php;C:\ProgramData\ComposerSetup\bin;C:\Users\FPT SHOP\AppData\Local\Microsoft\WindowsApps;;C:\Program Files\Azure Data Studio\bin;C:\Users\FPT SHOP\AppData\Local\Programs\Microsoft VS Code\bin;C:\Users\FPT SHOP\AppData\Roaming\Composer\vendor\bin;D:\IntelliJ IDEA Community Edition 2023.3.2\bin;
USERNAME=FPT SHOP
OS=Windows_NT
PROCESSOR_IDENTIFIER=AMD64 Family 23 Model 96 Stepping 1, AuthenticAMD
TMP=C:\Users\FPTSHO~1\AppData\Local\Temp
TEMP=C:\Users\FPTSHO~1\AppData\Local\Temp


JNI global refs:
JNI global refs: 0, weak refs: 0

JNI global refs memory usage: 0, weak refs: 0

OOME stack traces (most recent first):
Classloader memory used:


---------------  S Y S T E M  ---------------

OS:
 Windows 10 , 64 bit Build 19041 (10.0.19041.3636)
OS uptime: 20 days 22:07 hours

CPU: total 12 (initial active 12) (12 cores per cpu, 2 threads per core) family 23 model 96 stepping 1 microcode 0x0, cx8, cmov, fxsr, ht, mmx, 3dnowpref, sse, sse2, sse3, ssse3, sse4a, sse4.1, sse4.2, popcnt, lzcnt, tsc, tscinvbit, avx, avx2, aes, clmul, bmi1, bmi2, adx, sha, fma, vzeroupper, clflush, clflushopt

Memory: 4k page, system-wide physical 7598M (307M free)
TotalPageFile size 26348M (AvailPageFile size 102M)
current process WorkingSet (physical memory assigned to process): 10M, peak: 10M
current process commit charge ("private bytes"): 64M, peak: 184M

vm_info: OpenJDK 64-Bit Server VM (17.0.7+0-b2043.56-10550314) for windows-amd64 JRE (17.0.7+0-b2043.56-10550314), built on Jul 24 2023 18:27:45 by "androidbuild" with MS VC++ 16.10 / 16.11 (VS2019)

END.
