#
# There is insufficient memory for the Java Runtime Environment to continue.
# Native memory allocation (mmap) failed to map 3145728 bytes for G1 virtual space
# Possible reasons:
#   The system is out of physical RAM or swap space
#   The process is running with CompressedOops enabled, and the Java Heap may be blocking the growth of the native heap
# Possible solutions:
#   Reduce memory load on the system
#   Increase physical memory or swap space
#   Check if swap backing store is full
#   Decrease Java heap size (-Xmx/-Xms)
#   Decrease number of Java threads
#   Decrease Java thread stack sizes (-Xss)
#   Set larger code cache with -XX:ReservedCodeCacheSize=
#   JVM is running with Unscaled Compressed Oops mode in which the Java heap is
#     placed in the first 4GB address space. The Java Heap base address is the
#     maximum limit for the native heap growth. Please use -XX:HeapBaseMinAddress
#     to set the Java Heap base and to place the Java Heap above 4GB virtual address.
# This output file may be truncated or incomplete.
#
#  Out of Memory Error (os_windows.cpp:3771), pid=1092, tid=25616
#
# JRE version: OpenJDK Runtime Environment (17.0.7) (build 17.0.7+0-b2043.56-10550314)
# Java VM: OpenJDK 64-Bit Server VM (17.0.7+0-b2043.56-10550314, mixed mode, tiered, compressed oops, compressed class ptrs, g1 gc, windows-amd64)
# No core dump will be written. Minidumps are not enabled by default on client versions of Windows
#

---------------  S U M M A R Y ------------

Command Line: --add-opens=java.base/java.util=ALL-UNNAMED --add-opens=java.base/java.lang=ALL-UNNAMED --add-opens=java.base/java.lang.invoke=ALL-UNNAMED --add-opens=java.prefs/java.util.prefs=ALL-UNNAMED --add-opens=java.base/java.nio.charset=ALL-UNNAMED --add-opens=java.base/java.net=ALL-UNNAMED --add-opens=java.base/java.util.concurrent.atomic=ALL-UNNAMED -Xmx2048m -Dfile.encoding=UTF-8 -Duser.country=US -Duser.language=en -Duser.variant -javaagent:D:\Program Files\Android\Android Studio\.jdks\wrapper\dists\gradle-8.2-bin\bbg7u40eoinfdyxsxr3z4i7ta\gradle-8.2\lib\agents\gradle-instrumentation-agent-8.2.jar org.gradle.launcher.daemon.bootstrap.GradleDaemon 8.2

Host: AMD Ryzen 5 4600H with Radeon Graphics         , 12 cores, 7G,  Windows 10 , 64 bit Build 19041 (10.0.19041.3636)
Time: Fri Apr  5 23:53:35 2024 SE Asia Standard Time elapsed time: 7.989970 seconds (0d 0h 0m 7s)

---------------  T H R E A D  ---------------

Current thread (0x000001f347a5e0e0):  VMThread "VM Thread" [stack: 0x0000009eeed00000,0x0000009eeee00000] [id=25616]

Stack: [0x0000009eeed00000,0x0000009eeee00000]
Native frames: (J=compiled Java code, j=interpreted, Vv=VM code, C=native code)
V  [jvm.dll+0x683bfa]
V  [jvm.dll+0x8430a4]
V  [jvm.dll+0x8449be]
V  [jvm.dll+0x845023]
V  [jvm.dll+0x24ad2f]
V  [jvm.dll+0x680ac9]
V  [jvm.dll+0x67519a]
V  [jvm.dll+0x30b3cb]
V  [jvm.dll+0x312876]
V  [jvm.dll+0x36221e]
V  [jvm.dll+0x36244f]
V  [jvm.dll+0x2e14a8]
V  [jvm.dll+0x2e4596]
V  [jvm.dll+0x2eed58]
V  [jvm.dll+0x323a40]
V  [jvm.dll+0x8496eb]
V  [jvm.dll+0x84a424]
V  [jvm.dll+0x84a93d]
V  [jvm.dll+0x84ad14]
V  [jvm.dll+0x84ade0]
V  [jvm.dll+0x7f2aea]
V  [jvm.dll+0x682a35]
C  [ucrtbase.dll+0x21bb2]
C  [KERNEL32.DLL+0x17344]
C  [ntdll.dll+0x526b1]

VM_Operation (0x0000009eee9ff970): G1Concurrent, mode: safepoint, requested by thread 0x000001f32b881980


---------------  P R O C E S S  ---------------

Threads class SMR info:
_java_thread_list=0x000001f350428530, length=60, elements={
0x000001f32b814cc0, 0x000001f347a628a0, 0x000001f347a95010, 0x000001f347a9a270,
0x000001f347a9bc40, 0x000001f347a9e510, 0x000001f347bf4000, 0x000001f347c00100,
0x000001f347c00a00, 0x000001f347c03310, 0x000001f3479fa570, 0x000001f347e57160,
0x000001f34dac0a90, 0x000001f34d50a890, 0x000001f34d4370f0, 0x000001f34d09a5a0,
0x000001f34cc6a2c0, 0x000001f34d5e9f20, 0x000001f34d5ea800, 0x000001f34d96c8c0,
0x000001f34d96b580, 0x000001f34d96bf20, 0x000001f34d96cd90, 0x000001f34d96d260,
0x000001f34d96ba50, 0x000001f34d96b0b0, 0x000001f34d96e0d0, 0x000001f34d96dc00,
0x000001f34d96e5a0, 0x000001f34d96ea70, 0x000001f34dd59f10, 0x000001f34dd57d60,
0x000001f34dd5a8b0, 0x000001f34dd5b250, 0x000001f34dd5e270, 0x000001f34dd5d400,
0x000001f34dd58230, 0x000001f34dd5ca60, 0x000001f34dd5d8d0, 0x000001f34dd5dda0,
0x000001f34dd5a3e0, 0x000001f34dd5c590, 0x000001f34dd5bbf0, 0x000001f34dd5cf30,
0x000001f34dd5e740, 0x000001f34e71de30, 0x000001f34dd57890, 0x000001f34dd590a0,
0x000001f34dd5ad80, 0x000001f350358c50, 0x000001f35035a930, 0x000001f35035cfb0,
0x000001f350357910, 0x000001f35035bc70, 0x000001f350356100, 0x000001f35035c140,
0x000001f35035c610, 0x000001f35035ae00, 0x000001f350359ac0, 0x000001f350357de0
}

Java Threads: ( => current thread )
  0x000001f32b814cc0 JavaThread "main" [_thread_blocked, id=7104, stack(0x0000009eee700000,0x0000009eee800000)]
  0x000001f347a628a0 JavaThread "Reference Handler" daemon [_thread_blocked, id=14260, stack(0x0000009eeee00000,0x0000009eeef00000)]
  0x000001f347a95010 JavaThread "Finalizer" daemon [_thread_blocked, id=23852, stack(0x0000009eeef00000,0x0000009eef000000)]
  0x000001f347a9a270 JavaThread "Signal Dispatcher" daemon [_thread_blocked, id=25736, stack(0x0000009eef000000,0x0000009eef100000)]
  0x000001f347a9bc40 JavaThread "Attach Listener" daemon [_thread_blocked, id=20208, stack(0x0000009eef100000,0x0000009eef200000)]
  0x000001f347a9e510 JavaThread "Service Thread" daemon [_thread_blocked, id=22748, stack(0x0000009eef200000,0x0000009eef300000)]
  0x000001f347bf4000 JavaThread "Monitor Deflation Thread" daemon [_thread_blocked, id=23048, stack(0x0000009eef300000,0x0000009eef400000)]
  0x000001f347c00100 JavaThread "C2 CompilerThread0" daemon [_thread_blocked, id=5824, stack(0x0000009eef400000,0x0000009eef500000)]
  0x000001f347c00a00 JavaThread "C1 CompilerThread0" daemon [_thread_blocked, id=15072, stack(0x0000009eef500000,0x0000009eef600000)]
  0x000001f347c03310 JavaThread "Sweeper thread" daemon [_thread_blocked, id=27344, stack(0x0000009eef600000,0x0000009eef700000)]
  0x000001f3479fa570 JavaThread "Common-Cleaner" daemon [_thread_blocked, id=13924, stack(0x0000009eef700000,0x0000009eef800000)]
  0x000001f347e57160 JavaThread "Notification Thread" daemon [_thread_blocked, id=5084, stack(0x0000009eef800000,0x0000009eef900000)]
  0x000001f34dac0a90 JavaThread "Daemon health stats" [_thread_blocked, id=20496, stack(0x0000009eefe00000,0x0000009eeff00000)]
  0x000001f34d50a890 JavaThread "Incoming local TCP Connector on port 50602" [_thread_in_native, id=18808, stack(0x0000009eeff00000,0x0000009ef0000000)]
  0x000001f34d4370f0 JavaThread "Daemon periodic checks" [_thread_blocked, id=10524, stack(0x0000009ef0000000,0x0000009ef0100000)]
  0x000001f34d09a5a0 JavaThread "Daemon" [_thread_blocked, id=17380, stack(0x0000009ef0100000,0x0000009ef0200000)]
  0x000001f34cc6a2c0 JavaThread "Handler for socket connection from /127.0.0.1:50602 to /127.0.0.1:50603" [_thread_in_native, id=24764, stack(0x0000009ef0200000,0x0000009ef0300000)]
  0x000001f34d5e9f20 JavaThread "Cancel handler" [_thread_blocked, id=2588, stack(0x0000009ef0300000,0x0000009ef0400000)]
  0x000001f34d5ea800 JavaThread "Daemon worker" [_thread_blocked, id=19100, stack(0x0000009ef0400000,0x0000009ef0500000)]
  0x000001f34d96c8c0 JavaThread "Asynchronous log dispatcher for DefaultDaemonConnection: socket connection from /127.0.0.1:50602 to /127.0.0.1:50603" [_thread_blocked, id=2336, stack(0x0000009ef0500000,0x0000009ef0600000)]
  0x000001f34d96b580 JavaThread "Stdin handler" [_thread_blocked, id=22500, stack(0x0000009ef0600000,0x0000009ef0700000)]
  0x000001f34d96bf20 JavaThread "Daemon client event forwarder" [_thread_blocked, id=4568, stack(0x0000009ef0700000,0x0000009ef0800000)]
  0x000001f34d96cd90 JavaThread "Cache worker for journal cache (D:\Program Files\Android\Android Studio\.jdks\caches\journal-1)" [_thread_blocked, id=23168, stack(0x0000009ef0f00000,0x0000009ef1000000)]
  0x000001f34d96d260 JavaThread "File lock request listener" [_thread_in_native, id=12636, stack(0x0000009ef1000000,0x0000009ef1100000)]
  0x000001f34d96ba50 JavaThread "Cache worker for file hash cache (D:\Program Files\Android\Android Studio\.jdks\caches\8.2\fileHashes)" [_thread_blocked, id=8200, stack(0x0000009ef1100000,0x0000009ef1200000)]
  0x000001f34d96b0b0 JavaThread "File watcher server" daemon [_thread_in_native, id=18604, stack(0x0000009ef1200000,0x0000009ef1300000)]
  0x000001f34d96e0d0 JavaThread "File watcher consumer" daemon [_thread_blocked, id=16508, stack(0x0000009ef1300000,0x0000009ef1400000)]
  0x000001f34d96dc00 JavaThread "jar transforms" [_thread_blocked, id=15336, stack(0x0000009ef1400000,0x0000009ef1500000)]
  0x000001f34d96e5a0 JavaThread "jar transforms Thread 2" [_thread_blocked, id=20604, stack(0x0000009ef1500000,0x0000009ef1600000)]
  0x000001f34d96ea70 JavaThread "jar transforms Thread 3" [_thread_blocked, id=1028, stack(0x0000009ef1600000,0x0000009ef1700000)]
  0x000001f34dd59f10 JavaThread "jar transforms Thread 4" [_thread_blocked, id=14580, stack(0x0000009ef1700000,0x0000009ef1800000)]
  0x000001f34dd57d60 JavaThread "jar transforms Thread 5" [_thread_blocked, id=9888, stack(0x0000009ef1800000,0x0000009ef1900000)]
  0x000001f34dd5a8b0 JavaThread "jar transforms Thread 6" [_thread_blocked, id=25996, stack(0x0000009ef1900000,0x0000009ef1a00000)]
  0x000001f34dd5b250 JavaThread "jar transforms Thread 7" [_thread_blocked, id=26904, stack(0x0000009ef1a00000,0x0000009ef1b00000)]
  0x000001f34dd5e270 JavaThread "jar transforms Thread 8" [_thread_blocked, id=18760, stack(0x0000009ef1b00000,0x0000009ef1c00000)]
  0x000001f34dd5d400 JavaThread "jar transforms Thread 9" [_thread_blocked, id=22952, stack(0x0000009ef1c00000,0x0000009ef1d00000)]
  0x000001f34dd58230 JavaThread "jar transforms Thread 10" [_thread_blocked, id=22880, stack(0x0000009ef1d00000,0x0000009ef1e00000)]
  0x000001f34dd5ca60 JavaThread "jar transforms Thread 11" [_thread_blocked, id=26276, stack(0x0000009ef1e00000,0x0000009ef1f00000)]
  0x000001f34dd5d8d0 JavaThread "jar transforms Thread 12" [_thread_blocked, id=21104, stack(0x0000009ef1f00000,0x0000009ef2000000)]
  0x000001f34dd5dda0 JavaThread "Cache worker for checksums cache (D:\AndroidStudioProjects\OldBook\.gradle\8.2\checksums)" [_thread_blocked, id=14484, stack(0x0000009ef2000000,0x0000009ef2100000)]
  0x000001f34dd5a3e0 JavaThread "Cache worker for cache directory md-rule (D:\Program Files\Android\Android Studio\.jdks\caches\8.2\md-rule)" [_thread_blocked, id=1272, stack(0x0000009ef2100000,0x0000009ef2200000)]
  0x000001f34dd5c590 JavaThread "Cache worker for file content cache (D:\Program Files\Android\Android Studio\.jdks\caches\8.2\fileContent)" [_thread_blocked, id=17336, stack(0x0000009ef2200000,0x0000009ef2300000)]
  0x000001f34dd5bbf0 JavaThread "Cache worker for file hash cache (D:\AndroidStudioProjects\OldBook\.gradle\8.2\fileHashes)" [_thread_blocked, id=7452, stack(0x0000009ef2300000,0x0000009ef2400000)]
  0x000001f34dd5cf30 JavaThread "Cache worker for cache directory md-supplier (D:\Program Files\Android\Android Studio\.jdks\caches\8.2\md-supplier)" [_thread_blocked, id=24432, stack(0x0000009ef2400000,0x0000009ef2500000)]
  0x000001f34dd5e740 JavaThread "Cache worker for execution history cache (D:\Program Files\Android\Android Studio\.jdks\caches\8.2\executionHistory)" [_thread_blocked, id=26488, stack(0x0000009ef2500000,0x0000009ef2600000)]
  0x000001f34e71de30 JavaThread "C2 CompilerThread1" daemon [_thread_blocked, id=7664, stack(0x0000009ef2600000,0x0000009ef2700000)]
  0x000001f34dd57890 JavaThread "Cache worker for kotlin-dsl (D:\Program Files\Android\Android Studio\.jdks\caches\8.2\kotlin-dsl)" [_thread_blocked, id=4536, stack(0x0000009ef2700000,0x0000009ef2800000)]
  0x000001f34dd590a0 JavaThread "Cache worker for dependencies-accessors (D:\AndroidStudioProjects\OldBook\.gradle\8.2\dependencies-accessors)" [_thread_blocked, id=21872, stack(0x0000009ef2800000,0x0000009ef2900000)]
  0x000001f34dd5ad80 JavaThread "Cache worker for Build Output Cleanup Cache (D:\AndroidStudioProjects\OldBook\.gradle\buildOutputCleanup)" [_thread_blocked, id=14856, stack(0x0000009ef2900000,0x0000009ef2a00000)]
  0x000001f350358c50 JavaThread "Unconstrained build operations" [_thread_blocked, id=9968, stack(0x0000009ef2a00000,0x0000009ef2b00000)]
  0x000001f35035a930 JavaThread "Unconstrained build operations Thread 2" [_thread_blocked, id=22176, stack(0x0000009ef2b00000,0x0000009ef2c00000)]
  0x000001f35035cfb0 JavaThread "Unconstrained build operations Thread 3" [_thread_blocked, id=17072, stack(0x0000009ef2c00000,0x0000009ef2d00000)]
  0x000001f350357910 JavaThread "Unconstrained build operations Thread 4" [_thread_blocked, id=24528, stack(0x0000009ef2d00000,0x0000009ef2e00000)]
  0x000001f35035bc70 JavaThread "Unconstrained build operations Thread 5" [_thread_blocked, id=26552, stack(0x0000009ef2e00000,0x0000009ef2f00000)]
  0x000001f350356100 JavaThread "Unconstrained build operations Thread 6" [_thread_blocked, id=21192, stack(0x0000009ef2f00000,0x0000009ef3000000)]
  0x000001f35035c140 JavaThread "Unconstrained build operations Thread 7" [_thread_blocked, id=12208, stack(0x0000009ef3000000,0x0000009ef3100000)]
  0x000001f35035c610 JavaThread "Unconstrained build operations Thread 8" [_thread_blocked, id=23044, stack(0x0000009ef3100000,0x0000009ef3200000)]
  0x000001f35035ae00 JavaThread "Unconstrained build operations Thread 9" [_thread_blocked, id=18168, stack(0x0000009ef3200000,0x0000009ef3300000)]
  0x000001f350359ac0 JavaThread "Unconstrained build operations Thread 10" [_thread_blocked, id=19912, stack(0x0000009ef3300000,0x0000009ef3400000)]
  0x000001f350357de0 JavaThread "Unconstrained build operations Thread 11" [_thread_blocked, id=10912, stack(0x0000009ef3400000,0x0000009ef3500000)]

Other Threads:
=>0x000001f347a5e0e0 VMThread "VM Thread" [stack: 0x0000009eeed00000,0x0000009eeee00000] [id=25616]
  0x000001f32b889790 WatcherThread [stack: 0x0000009eef900000,0x0000009eefa00000] [id=6752]
  0x000001f32b870390 GCTaskThread "GC Thread#0" [stack: 0x0000009eee800000,0x0000009eee900000] [id=14952]
  0x000001f34c4fd600 GCTaskThread "GC Thread#1" [stack: 0x0000009eefa00000,0x0000009eefb00000] [id=27292]
  0x000001f34ca4aeb0 GCTaskThread "GC Thread#2" [stack: 0x0000009eefb00000,0x0000009eefc00000] [id=11684]
  0x000001f34ca4b160 GCTaskThread "GC Thread#3" [stack: 0x0000009eefc00000,0x0000009eefd00000] [id=1820]
  0x000001f34cb57a40 GCTaskThread "GC Thread#4" [stack: 0x0000009eefd00000,0x0000009eefe00000] [id=17464]
  0x000001f34d5eb0d0 GCTaskThread "GC Thread#5" [stack: 0x0000009ef0800000,0x0000009ef0900000] [id=14516]
  0x000001f34cc09e40 GCTaskThread "GC Thread#6" [stack: 0x0000009ef0900000,0x0000009ef0a00000] [id=22856]
  0x000001f34cc0a0f0 GCTaskThread "GC Thread#7" [stack: 0x0000009ef0a00000,0x0000009ef0b00000] [id=13460]
  0x000001f34d69f7d0 GCTaskThread "GC Thread#8" [stack: 0x0000009ef0b00000,0x0000009ef0c00000] [id=25452]
  0x000001f34d69fa80 GCTaskThread "GC Thread#9" [stack: 0x0000009ef0c00000,0x0000009ef0d00000] [id=22020]
  0x000001f32b881980 ConcurrentGCThread "G1 Main Marker" [stack: 0x0000009eee900000,0x0000009eeea00000] [id=10832]
  0x000001f32b8822a0 ConcurrentGCThread "G1 Conc#0" [stack: 0x0000009eeea00000,0x0000009eeeb00000] [id=25652]
  0x000001f34d672b60 ConcurrentGCThread "G1 Conc#1" [stack: 0x0000009ef0d00000,0x0000009ef0e00000] [id=13060]
  0x000001f34db99c60 ConcurrentGCThread "G1 Conc#2" [stack: 0x0000009ef0e00000,0x0000009ef0f00000] [id=17916]
  0x000001f32b8deca0 ConcurrentGCThread "G1 Refine#0" [stack: 0x0000009eeeb00000,0x0000009eeec00000] [id=21768]
  0x000001f350520130 ConcurrentGCThread "G1 Refine#1" [stack: 0x0000009ef3500000,0x0000009ef3600000] [id=1880]
  0x000001f350520cb0 ConcurrentGCThread "G1 Refine#2" [stack: 0x0000009ef3600000,0x0000009ef3700000] [id=11732]
  0x000001f3478c4710 ConcurrentGCThread "G1 Service" [stack: 0x0000009eeec00000,0x0000009eeed00000] [id=10052]

Threads with active compile tasks:

VM state: at safepoint (normal execution)

VM Mutex/Monitor currently owned by a thread:  ([mutex/lock_event])
[0x000001f32b810130] Threads_lock - owner thread: 0x000001f347a5e0e0
[0x000001f32b811060] Heap_lock - owner thread: 0x000001f32b881980

Heap address: 0x0000000080000000, size: 2048 MB, Compressed Oops mode: 32-bit

CDS archive(s) not mapped
Compressed class space mapped at: 0x0000000100000000-0x0000000140000000, reserved size: 1073741824
Narrow klass base: 0x0000000000000000, Narrow klass shift: 3, Narrow klass range: 0x140000000

GC Precious Log:
 CPUs: 12 total, 12 available
 Memory: 7598M
 Large Page Support: Disabled
 NUMA Support: Disabled
 Compressed Oops: Enabled (32-bit)
 Heap Region Size: 1M
 Heap Min Capacity: 8M
 Heap Initial Capacity: 120M
 Heap Max Capacity: 2G
 Pre-touch: Disabled
 Parallel Workers: 10
 Concurrent Workers: 3
 Concurrent Refinement Workers: 10
 Periodic GC: Disabled

Heap:
 garbage-first heap   total 152576K, used 91334K [0x0000000080000000, 0x0000000100000000)
  region size 1024K, 5 young (5120K), 3 survivors (3072K)
 Metaspace       used 58756K, committed 59392K, reserved 1114112K
  class space    used 7958K, committed 8256K, reserved 1048576K

Heap Regions: E=young(eden), S=young(survivor), O=old, HS=humongous(starts), HC=humongous(continues), CS=collection set, F=free, OA=open archive, CA=closed archive, TAMS=top-at-mark-start (previous, next)
|   0|0x0000000080000000, 0x0000000080100000, 0x0000000080100000|100%|HS|  |TAMS 0x0000000080100000, 0x0000000080000000| Complete 
|   1|0x0000000080100000, 0x0000000080200000, 0x0000000080200000|100%|HC|  |TAMS 0x0000000080200000, 0x0000000080100000| Complete 
|   2|0x0000000080200000, 0x0000000080300000, 0x0000000080300000|100%|HC|  |TAMS 0x0000000080300000, 0x0000000080200000| Complete 
|   3|0x0000000080300000, 0x0000000080400000, 0x0000000080400000|100%|HC|  |TAMS 0x0000000080400000, 0x0000000080300000| Complete 
|   4|0x0000000080400000, 0x0000000080500000, 0x0000000080500000|100%| O|  |TAMS 0x0000000080500000, 0x0000000080400000| Untracked 
|   5|0x0000000080500000, 0x0000000080600000, 0x0000000080600000|100%| O|  |TAMS 0x0000000080600000, 0x0000000080500000| Untracked 
|   6|0x0000000080600000, 0x0000000080700000, 0x0000000080700000|100%| O|  |TAMS 0x0000000080700000, 0x0000000080600000| Untracked 
|   7|0x0000000080700000, 0x0000000080800000, 0x0000000080800000|100%| O|  |TAMS 0x0000000080800000, 0x0000000080700000| Untracked 
|   8|0x0000000080800000, 0x0000000080900000, 0x0000000080900000|100%| O|  |TAMS 0x0000000080900000, 0x0000000080800000| Untracked 
|   9|0x0000000080900000, 0x0000000080a00000, 0x0000000080a00000|100%| O|  |TAMS 0x0000000080a00000, 0x0000000080900000| Untracked 
|  10|0x0000000080a00000, 0x0000000080b00000, 0x0000000080b00000|100%| O|  |TAMS 0x0000000080b00000, 0x0000000080a00000| Untracked 
|  11|0x0000000080b00000, 0x0000000080c00000, 0x0000000080c00000|100%| O|  |TAMS 0x0000000080c00000, 0x0000000080b00000| Untracked 
|  12|0x0000000080c00000, 0x0000000080d00000, 0x0000000080d00000|100%| O|  |TAMS 0x0000000080d00000, 0x0000000080c00000| Updating 
|  13|0x0000000080d00000, 0x0000000080e00000, 0x0000000080e00000|100%| O|  |TAMS 0x0000000080e00000, 0x0000000080d00000| Untracked 
|  14|0x0000000080e00000, 0x0000000080f00000, 0x0000000080f00000|100%| O|  |TAMS 0x0000000080f00000, 0x0000000080e00000| Untracked 
|  15|0x0000000080f00000, 0x0000000081000000, 0x0000000081000000|100%| O|  |TAMS 0x0000000081000000, 0x0000000080f00000| Untracked 
|  16|0x0000000081000000, 0x0000000081100000, 0x0000000081100000|100%| O|  |TAMS 0x0000000081100000, 0x0000000081000000| Untracked 
|  17|0x0000000081100000, 0x0000000081200000, 0x0000000081200000|100%| O|  |TAMS 0x0000000081200000, 0x0000000081100000| Untracked 
|  18|0x0000000081200000, 0x0000000081300000, 0x0000000081300000|100%| O|  |TAMS 0x0000000081300000, 0x0000000081200000| Untracked 
|  19|0x0000000081300000, 0x0000000081400000, 0x0000000081400000|100%| O|  |TAMS 0x0000000081400000, 0x0000000081300000| Untracked 
|  20|0x0000000081400000, 0x0000000081500000, 0x0000000081500000|100%| O|  |TAMS 0x0000000081500000, 0x0000000081400000| Updating 
|  21|0x0000000081500000, 0x0000000081600000, 0x0000000081600000|100%| O|  |TAMS 0x0000000081600000, 0x0000000081500000| Updating 
|  22|0x0000000081600000, 0x0000000081700000, 0x0000000081700000|100%|HS|  |TAMS 0x0000000081700000, 0x0000000081600000| Complete 
|  23|0x0000000081700000, 0x0000000081800000, 0x0000000081800000|100%|HC|  |TAMS 0x0000000081800000, 0x0000000081700000| Complete 
|  24|0x0000000081800000, 0x0000000081900000, 0x0000000081900000|100%|HS|  |TAMS 0x0000000081900000, 0x0000000081800000| Complete 
|  25|0x0000000081900000, 0x0000000081a00000, 0x0000000081a00000|100%|HC|  |TAMS 0x0000000081a00000, 0x0000000081900000| Complete 
|  26|0x0000000081a00000, 0x0000000081b00000, 0x0000000081b00000|100%|HC|  |TAMS 0x0000000081b00000, 0x0000000081a00000| Complete 
|  27|0x0000000081b00000, 0x0000000081c00000, 0x0000000081c00000|100%|HS|  |TAMS 0x0000000081c00000, 0x0000000081b00000| Complete 
|  28|0x0000000081c00000, 0x0000000081d00000, 0x0000000081d00000|100%|HC|  |TAMS 0x0000000081d00000, 0x0000000081c00000| Complete 
|  29|0x0000000081d00000, 0x0000000081e00000, 0x0000000081e00000|100%| O|  |TAMS 0x0000000081e00000, 0x0000000081d00000| Updating 
|  30|0x0000000081e00000, 0x0000000081f00000, 0x0000000081f00000|100%|HS|  |TAMS 0x0000000081f00000, 0x0000000081e00000| Complete 
|  31|0x0000000081f00000, 0x0000000082000000, 0x0000000082000000|100%|HC|  |TAMS 0x0000000082000000, 0x0000000081f00000| Complete 
|  32|0x0000000082000000, 0x0000000082100000, 0x0000000082100000|100%|HC|  |TAMS 0x0000000082100000, 0x0000000082000000| Complete 
|  33|0x0000000082100000, 0x0000000082200000, 0x0000000082200000|100%|HC|  |TAMS 0x0000000082200000, 0x0000000082100000| Complete 
|  34|0x0000000082200000, 0x0000000082300000, 0x0000000082300000|100%|HC|  |TAMS 0x0000000082300000, 0x0000000082200000| Complete 
|  35|0x0000000082300000, 0x0000000082400000, 0x0000000082400000|100%|HC|  |TAMS 0x0000000082400000, 0x0000000082300000| Complete 
|  36|0x0000000082400000, 0x0000000082500000, 0x0000000082500000|100%|HC|  |TAMS 0x0000000082500000, 0x0000000082400000| Complete 
|  37|0x0000000082500000, 0x0000000082600000, 0x0000000082600000|100%|HC|  |TAMS 0x0000000082600000, 0x0000000082500000| Complete 
|  38|0x0000000082600000, 0x0000000082700000, 0x0000000082700000|100%|HC|  |TAMS 0x0000000082700000, 0x0000000082600000| Complete 
|  39|0x0000000082700000, 0x0000000082800000, 0x0000000082800000|100%|HC|  |TAMS 0x0000000082800000, 0x0000000082700000| Complete 
|  40|0x0000000082800000, 0x0000000082900000, 0x0000000082900000|100%|HC|  |TAMS 0x0000000082900000, 0x0000000082800000| Complete 
|  41|0x0000000082900000, 0x0000000082a00000, 0x0000000082a00000|100%|HC|  |TAMS 0x0000000082a00000, 0x0000000082900000| Complete 
|  42|0x0000000082a00000, 0x0000000082b00000, 0x0000000082b00000|100%| O|  |TAMS 0x0000000082b00000, 0x0000000082a00000| Updating 
|  43|0x0000000082b00000, 0x0000000082c00000, 0x0000000082c00000|100%| O|  |TAMS 0x0000000082c00000, 0x0000000082b00000| Untracked 
|  44|0x0000000082c00000, 0x0000000082d00000, 0x0000000082d00000|100%|HS|  |TAMS 0x0000000082d00000, 0x0000000082c00000| Complete 
|  45|0x0000000082d00000, 0x0000000082e00000, 0x0000000082e00000|100%|HC|  |TAMS 0x0000000082e00000, 0x0000000082d00000| Complete 
|  46|0x0000000082e00000, 0x0000000082f00000, 0x0000000082f00000|100%| O|  |TAMS 0x0000000082f00000, 0x0000000082e00000| Untracked 
|  47|0x0000000082f00000, 0x0000000083000000, 0x0000000083000000|100%| O|  |TAMS 0x0000000083000000, 0x0000000082f00000| Untracked 
|  48|0x0000000083000000, 0x0000000083100000, 0x0000000083100000|100%| O|  |TAMS 0x0000000083100000, 0x0000000083000000| Untracked 
|  49|0x0000000083100000, 0x0000000083200000, 0x0000000083200000|100%| O|  |TAMS 0x0000000083200000, 0x0000000083100000| Untracked 
|  50|0x0000000083200000, 0x0000000083300000, 0x0000000083300000|100%| O|  |TAMS 0x0000000083300000, 0x0000000083200000| Untracked 
|  51|0x0000000083300000, 0x0000000083400000, 0x0000000083400000|100%| O|  |TAMS 0x0000000083400000, 0x0000000083300000| Untracked 
|  52|0x0000000083400000, 0x0000000083500000, 0x0000000083500000|100%| O|  |TAMS 0x0000000083500000, 0x0000000083400000| Untracked 
|  53|0x0000000083500000, 0x0000000083600000, 0x0000000083600000|100%| O|  |TAMS 0x0000000083600000, 0x0000000083500000| Updating 
|  54|0x0000000083600000, 0x0000000083700000, 0x0000000083700000|100%| O|  |TAMS 0x0000000083700000, 0x0000000083600000| Untracked 
|  55|0x0000000083700000, 0x0000000083800000, 0x0000000083800000|100%|HS|  |TAMS 0x0000000083800000, 0x0000000083700000| Complete 
|  56|0x0000000083800000, 0x0000000083900000, 0x0000000083900000|100%|HC|  |TAMS 0x0000000083900000, 0x0000000083800000| Complete 
|  57|0x0000000083900000, 0x0000000083a00000, 0x0000000083a00000|100%|HC|  |TAMS 0x0000000083a00000, 0x0000000083900000| Complete 
|  58|0x0000000083a00000, 0x0000000083b00000, 0x0000000083b00000|100%| O|  |TAMS 0x0000000083b00000, 0x0000000083a00000| Untracked 
|  59|0x0000000083b00000, 0x0000000083c00000, 0x0000000083c00000|100%| O|  |TAMS 0x0000000083c00000, 0x0000000083b00000| Untracked 
|  60|0x0000000083c00000, 0x0000000083d00000, 0x0000000083d00000|100%| O|  |TAMS 0x0000000083d00000, 0x0000000083c00000| Untracked 
|  61|0x0000000083d00000, 0x0000000083e00000, 0x0000000083e00000|100%| O|  |TAMS 0x0000000083e00000, 0x0000000083d00000| Untracked 
|  62|0x0000000083e00000, 0x0000000083f00000, 0x0000000083f00000|100%| O|  |TAMS 0x0000000083f00000, 0x0000000083e00000| Untracked 
|  63|0x0000000083f00000, 0x0000000084000000, 0x0000000084000000|100%| O|  |TAMS 0x0000000084000000, 0x0000000083f00000| Untracked 
|  64|0x0000000084000000, 0x0000000084100000, 0x0000000084100000|100%| O|  |TAMS 0x0000000084100000, 0x0000000084000000| Untracked 
|  65|0x0000000084100000, 0x0000000084200000, 0x0000000084200000|100%| O|  |TAMS 0x0000000084200000, 0x0000000084100000| Untracked 
|  66|0x0000000084200000, 0x0000000084300000, 0x0000000084300000|100%| O|  |TAMS 0x0000000084300000, 0x0000000084200000| Untracked 
|  67|0x0000000084300000, 0x0000000084400000, 0x0000000084400000|100%| O|  |TAMS 0x0000000084400000, 0x0000000084300000| Untracked 
|  68|0x0000000084400000, 0x0000000084500000, 0x0000000084500000|100%| O|  |TAMS 0x0000000084500000, 0x0000000084400000| Untracked 
|  69|0x0000000084500000, 0x0000000084600000, 0x0000000084600000|100%| O|  |TAMS 0x0000000084600000, 0x0000000084500000| Untracked 
|  70|0x0000000084600000, 0x0000000084700000, 0x0000000084700000|100%| O|  |TAMS 0x0000000084700000, 0x0000000084600000| Updating 
|  71|0x0000000084700000, 0x0000000084800000, 0x0000000084800000|100%|HS|  |TAMS 0x0000000084800000, 0x0000000084700000| Complete 
|  72|0x0000000084800000, 0x0000000084900000, 0x0000000084900000|100%|HS|  |TAMS 0x0000000084900000, 0x0000000084800000| Complete 
|  73|0x0000000084900000, 0x0000000084a00000, 0x0000000084a00000|100%|HS|  |TAMS 0x0000000084a00000, 0x0000000084900000| Complete 
|  74|0x0000000084a00000, 0x0000000084b00000, 0x0000000084b00000|100%|HS|  |TAMS 0x0000000084b00000, 0x0000000084a00000| Complete 
|  75|0x0000000084b00000, 0x0000000084c00000, 0x0000000084c00000|100%|HS|  |TAMS 0x0000000084c00000, 0x0000000084b00000| Complete 
|  76|0x0000000084c00000, 0x0000000084d00000, 0x0000000084d00000|100%| O|  |TAMS 0x0000000084d00000, 0x0000000084c00000| Updating 
|  77|0x0000000084d00000, 0x0000000084e00000, 0x0000000084e00000|100%|HS|  |TAMS 0x0000000084e00000, 0x0000000084d00000| Complete 
|  78|0x0000000084e00000, 0x0000000084f00000, 0x0000000084f00000|100%|HC|  |TAMS 0x0000000084f00000, 0x0000000084e00000| Complete 
|  79|0x0000000084f00000, 0x0000000085000000, 0x0000000085000000|100%|HC|  |TAMS 0x0000000085000000, 0x0000000084f00000| Complete 
|  80|0x0000000085000000, 0x0000000085100000, 0x0000000085100000|100%| O|  |TAMS 0x0000000085100000, 0x0000000085000000| Untracked 
|  81|0x0000000085100000, 0x0000000085200000, 0x0000000085200000|100%| O|  |TAMS 0x0000000085200000, 0x0000000085100000| Untracked 
|  82|0x0000000085200000, 0x0000000085300000, 0x0000000085300000|100%| O|  |TAMS 0x0000000085300000, 0x0000000085200000| Untracked 
|  83|0x0000000085300000, 0x0000000085400000, 0x0000000085400000|100%|HS|  |TAMS 0x0000000085400000, 0x0000000085300000| Complete 
|  84|0x0000000085400000, 0x00000000854a7e00, 0x0000000085500000| 65%| O|  |TAMS 0x00000000854a7e00, 0x0000000085400000| Updating 
|  85|0x0000000085500000, 0x0000000085600000, 0x0000000085600000|100%|HS|  |TAMS 0x0000000085500000, 0x0000000085500000| Complete 
|  86|0x0000000085600000, 0x0000000085600000, 0x0000000085700000|  0%| F|  |TAMS 0x0000000085600000, 0x0000000085600000| Untracked 
|  87|0x0000000085700000, 0x0000000085700000, 0x0000000085800000|  0%| F|  |TAMS 0x0000000085700000, 0x0000000085700000| Untracked 
|  88|0x0000000085800000, 0x0000000085800000, 0x0000000085900000|  0%| F|  |TAMS 0x0000000085800000, 0x0000000085800000| Untracked 
|  89|0x0000000085900000, 0x0000000085900000, 0x0000000085a00000|  0%| F|  |TAMS 0x0000000085900000, 0x0000000085900000| Untracked 
|  90|0x0000000085a00000, 0x0000000085a00000, 0x0000000085b00000|  0%| F|  |TAMS 0x0000000085a00000, 0x0000000085a00000| Untracked 
|  91|0x0000000085b00000, 0x0000000085b00000, 0x0000000085c00000|  0%| F|  |TAMS 0x0000000085b00000, 0x0000000085b00000| Untracked 
|  92|0x0000000085c00000, 0x0000000085c00000, 0x0000000085d00000|  0%| F|  |TAMS 0x0000000085c00000, 0x0000000085c00000| Untracked 
|  93|0x0000000085d00000, 0x0000000085d00000, 0x0000000085e00000|  0%| F|  |TAMS 0x0000000085d00000, 0x0000000085d00000| Untracked 
|  94|0x0000000085e00000, 0x0000000085e00000, 0x0000000085f00000|  0%| F|  |TAMS 0x0000000085e00000, 0x0000000085e00000| Untracked 
|  95|0x0000000085f00000, 0x0000000085f00000, 0x0000000086000000|  0%| F|  |TAMS 0x0000000085f00000, 0x0000000085f00000| Untracked 
|  96|0x0000000086000000, 0x0000000086000000, 0x0000000086100000|  0%| F|  |TAMS 0x0000000086000000, 0x0000000086000000| Untracked 
|  97|0x0000000086100000, 0x0000000086100000, 0x0000000086200000|  0%| F|  |TAMS 0x0000000086100000, 0x0000000086100000| Untracked 
|  98|0x0000000086200000, 0x0000000086200000, 0x0000000086300000|  0%| F|  |TAMS 0x0000000086200000, 0x0000000086200000| Untracked 
|  99|0x0000000086300000, 0x0000000086300000, 0x0000000086400000|  0%| F|  |TAMS 0x0000000086300000, 0x0000000086300000| Untracked 
| 100|0x0000000086400000, 0x0000000086400000, 0x0000000086500000|  0%| F|  |TAMS 0x0000000086400000, 0x0000000086400000| Untracked 
| 101|0x0000000086500000, 0x0000000086500000, 0x0000000086600000|  0%| F|  |TAMS 0x0000000086500000, 0x0000000086500000| Untracked 
| 102|0x0000000086600000, 0x0000000086600000, 0x0000000086700000|  0%| F|  |TAMS 0x0000000086600000, 0x0000000086600000| Untracked 
| 103|0x0000000086700000, 0x0000000086700000, 0x0000000086800000|  0%| F|  |TAMS 0x0000000086700000, 0x0000000086700000| Untracked 
| 104|0x0000000086800000, 0x0000000086800000, 0x0000000086900000|  0%| F|  |TAMS 0x0000000086800000, 0x0000000086800000| Untracked 
| 105|0x0000000086900000, 0x0000000086900000, 0x0000000086a00000|  0%| F|  |TAMS 0x0000000086900000, 0x0000000086900000| Untracked 
| 106|0x0000000086a00000, 0x0000000086a00000, 0x0000000086b00000|  0%| F|  |TAMS 0x0000000086a00000, 0x0000000086a00000| Untracked 
| 107|0x0000000086b00000, 0x0000000086b00000, 0x0000000086c00000|  0%| F|  |TAMS 0x0000000086b00000, 0x0000000086b00000| Untracked 
| 108|0x0000000086c00000, 0x0000000086c00000, 0x0000000086d00000|  0%| F|  |TAMS 0x0000000086c00000, 0x0000000086c00000| Untracked 
| 109|0x0000000086d00000, 0x0000000086d00000, 0x0000000086e00000|  0%| F|  |TAMS 0x0000000086d00000, 0x0000000086d00000| Untracked 
| 110|0x0000000086e00000, 0x0000000086e00000, 0x0000000086f00000|  0%| F|  |TAMS 0x0000000086e00000, 0x0000000086e00000| Untracked 
| 111|0x0000000086f00000, 0x0000000086f00000, 0x0000000087000000|  0%| F|  |TAMS 0x0000000086f00000, 0x0000000086f00000| Untracked 
| 112|0x0000000087000000, 0x0000000087000000, 0x0000000087100000|  0%| F|  |TAMS 0x0000000087000000, 0x0000000087000000| Untracked 
| 113|0x0000000087100000, 0x0000000087100000, 0x0000000087200000|  0%| F|  |TAMS 0x0000000087100000, 0x0000000087100000| Untracked 
| 114|0x0000000087200000, 0x0000000087200000, 0x0000000087300000|  0%| F|  |TAMS 0x0000000087200000, 0x0000000087200000| Untracked 
| 115|0x0000000087300000, 0x0000000087300000, 0x0000000087400000|  0%| F|  |TAMS 0x0000000087300000, 0x0000000087300000| Untracked 
| 116|0x0000000087400000, 0x0000000087400000, 0x0000000087500000|  0%| F|  |TAMS 0x0000000087400000, 0x0000000087400000| Untracked 
| 117|0x0000000087500000, 0x0000000087500000, 0x0000000087600000|  0%| F|  |TAMS 0x0000000087500000, 0x0000000087500000| Untracked 
| 118|0x0000000087600000, 0x0000000087600000, 0x0000000087700000|  0%| F|  |TAMS 0x0000000087600000, 0x0000000087600000| Untracked 
| 119|0x0000000087700000, 0x0000000087700000, 0x0000000087800000|  0%| F|  |TAMS 0x0000000087700000, 0x0000000087700000| Untracked 
| 120|0x0000000087800000, 0x0000000087800000, 0x0000000087900000|  0%| F|  |TAMS 0x0000000087800000, 0x0000000087800000| Untracked 
| 121|0x0000000087900000, 0x0000000087900000, 0x0000000087a00000|  0%| F|  |TAMS 0x0000000087900000, 0x0000000087900000| Untracked 
| 122|0x0000000087a00000, 0x0000000087a00000, 0x0000000087b00000|  0%| F|  |TAMS 0x0000000087a00000, 0x0000000087a00000| Untracked 
| 123|0x0000000087b00000, 0x0000000087b00000, 0x0000000087c00000|  0%| F|  |TAMS 0x0000000087b00000, 0x0000000087b00000| Untracked 
| 124|0x0000000087c00000, 0x0000000087c00000, 0x0000000087d00000|  0%| F|  |TAMS 0x0000000087c00000, 0x0000000087c00000| Untracked 
| 125|0x0000000087d00000, 0x0000000087d00000, 0x0000000087e00000|  0%| F|  |TAMS 0x0000000087d00000, 0x0000000087d00000| Untracked 
| 126|0x0000000087e00000, 0x0000000087e00000, 0x0000000087f00000|  0%| F|  |TAMS 0x0000000087e00000, 0x0000000087e00000| Untracked 
| 127|0x0000000087f00000, 0x0000000087f00000, 0x0000000088000000|  0%| F|  |TAMS 0x0000000087f00000, 0x0000000087f00000| Untracked 
| 128|0x0000000088000000, 0x0000000088000000, 0x0000000088100000|  0%| F|  |TAMS 0x0000000088000000, 0x0000000088000000| Untracked 
| 129|0x0000000088100000, 0x0000000088100000, 0x0000000088200000|  0%| F|  |TAMS 0x0000000088100000, 0x0000000088100000| Untracked 
| 130|0x0000000088200000, 0x0000000088200000, 0x0000000088300000|  0%| F|  |TAMS 0x0000000088200000, 0x0000000088200000| Untracked 
| 131|0x0000000088300000, 0x0000000088389c00, 0x0000000088400000| 53%| S|CS|TAMS 0x0000000088300000, 0x0000000088300000| Complete 
| 132|0x0000000088400000, 0x0000000088500000, 0x0000000088500000|100%| S|CS|TAMS 0x0000000088400000, 0x0000000088400000| Complete 
| 133|0x0000000088500000, 0x0000000088600000, 0x0000000088600000|100%| S|CS|TAMS 0x0000000088500000, 0x0000000088500000| Complete 
| 134|0x0000000088600000, 0x0000000088600000, 0x0000000088700000|  0%| F|  |TAMS 0x0000000088600000, 0x0000000088600000| Untracked 
| 135|0x0000000088700000, 0x0000000088700000, 0x0000000088800000|  0%| F|  |TAMS 0x0000000088700000, 0x0000000088700000| Untracked 
| 136|0x0000000088800000, 0x0000000088800000, 0x0000000088900000|  0%| F|  |TAMS 0x0000000088800000, 0x0000000088800000| Untracked 
| 137|0x0000000088900000, 0x0000000088900000, 0x0000000088a00000|  0%| F|  |TAMS 0x0000000088900000, 0x0000000088900000| Untracked 
| 138|0x0000000088a00000, 0x0000000088a00000, 0x0000000088b00000|  0%| F|  |TAMS 0x0000000088a00000, 0x0000000088a00000| Untracked 
| 139|0x0000000088b00000, 0x0000000088b00000, 0x0000000088c00000|  0%| F|  |TAMS 0x0000000088b00000, 0x0000000088b00000| Untracked 
| 140|0x0000000088c00000, 0x0000000088c00000, 0x0000000088d00000|  0%| F|  |TAMS 0x0000000088c00000, 0x0000000088c00000| Untracked 
| 141|0x0000000088d00000, 0x0000000088d00000, 0x0000000088e00000|  0%| F|  |TAMS 0x0000000088d00000, 0x0000000088d00000| Untracked 
| 142|0x0000000088e00000, 0x0000000088e00000, 0x0000000088f00000|  0%| F|  |TAMS 0x0000000088e00000, 0x0000000088e00000| Untracked 
| 143|0x0000000088f00000, 0x0000000088f00000, 0x0000000089000000|  0%| F|  |TAMS 0x0000000088f00000, 0x0000000088f00000| Untracked 
| 144|0x0000000089000000, 0x0000000089000000, 0x0000000089100000|  0%| F|  |TAMS 0x0000000089000000, 0x0000000089000000| Untracked 
| 145|0x0000000089100000, 0x0000000089100000, 0x0000000089200000|  0%| F|  |TAMS 0x0000000089100000, 0x0000000089100000| Untracked 
| 146|0x0000000089200000, 0x0000000089200000, 0x0000000089300000|  0%| F|  |TAMS 0x0000000089200000, 0x0000000089200000| Untracked 
| 147|0x0000000089300000, 0x00000000893b0b78, 0x0000000089400000| 69%| E|  |TAMS 0x0000000089300000, 0x0000000089300000| Complete 
| 148|0x0000000089400000, 0x0000000089500000, 0x0000000089500000|100%| E|CS|TAMS 0x0000000089400000, 0x0000000089400000| Complete 

Card table byte_map: [0x000001f340560000,0x000001f340960000] _byte_map_base: 0x000001f340160000

Marking Bits (Prev, Next): (CMBitMap*) 0x000001f32b8708b0, (CMBitMap*) 0x000001f32b8708f0
 Prev Bits: [0x000001f340d60000, 0x000001f342d60000)
 Next Bits: [0x000001f342d60000, 0x000001f344d60000)

Polling page: 0x000001f32b640000

Metaspace:

Usage:
  Non-class:     49.61 MB used.
      Class:      7.77 MB used.
       Both:     57.38 MB used.

Virtual space:
  Non-class space:       64.00 MB reserved,      49.94 MB ( 78%) committed,  1 nodes.
      Class space:        1.00 GB reserved,       8.06 MB ( <1%) committed,  1 nodes.
             Both:        1.06 GB reserved,      58.00 MB (  5%) committed. 

Chunk freelists:
   Non-Class:  13.83 MB
       Class:  7.88 MB
        Both:  21.70 MB

MaxMetaspaceSize: unlimited
CompressedClassSpaceSize: 1.00 GB
Initial GC threshold: 21.00 MB
Current GC threshold: 95.00 MB
CDS: off
MetaspaceReclaimPolicy: balanced
 - commit_granule_bytes: 65536.
 - commit_granule_words: 8192.
 - virtual_space_node_default_size: 8388608.
 - enlarge_chunks_in_place: 1.
 - new_chunks_are_fully_committed: 0.
 - uncommit_free_chunks: 1.
 - use_allocation_guard: 0.
 - handle_deallocations: 1.


Internal statistics:

num_allocs_failed_limit: 3.
num_arena_births: 718.
num_arena_deaths: 0.
num_vsnodes_births: 2.
num_vsnodes_deaths: 0.
num_space_committed: 928.
num_space_uncommitted: 0.
num_chunks_returned_to_freelist: 3.
num_chunks_taken_from_freelist: 2772.
num_chunk_merges: 3.
num_chunk_splits: 1796.
num_chunks_enlarged: 1179.
num_inconsistent_stats: 0.

CodeHeap 'non-profiled nmethods': size=120000Kb used=3033Kb max_used=3632Kb free=116966Kb
 bounds [0x000001f337fb0000, 0x000001f338340000, 0x000001f33f4e0000]
CodeHeap 'profiled nmethods': size=120000Kb used=10424Kb max_used=12007Kb free=109575Kb
 bounds [0x000001f3304e0000, 0x000001f3310a0000, 0x000001f337a10000]
CodeHeap 'non-nmethods': size=5760Kb used=2326Kb max_used=2388Kb free=3433Kb
 bounds [0x000001f337a10000, 0x000001f337c80000, 0x000001f337fb0000]
 total_blobs=6399 nmethods=5555 adapters=756
 compilation: enabled
              stopped_count=0, restarted_count=0
 full_count=0

Compilation events (20 events):
Event: 7.869 Thread 0x000001f347c00100 nmethod 6411 0x000001f33818d710 code [0x000001f33818d880, 0x000001f33818e158]
Event: 7.869 Thread 0x000001f347c00100 6412       4       java.lang.ThreadLocal$ThreadLocalMap::set (133 bytes)
Event: 7.873 Thread 0x000001f34e71de30 nmethod 6410 0x000001f33800f010 code [0x000001f33800f1c0, 0x000001f33800fd08]
Event: 7.876 Thread 0x000001f347c00100 nmethod 6412 0x000001f337fc7a90 code [0x000001f337fc7c40, 0x000001f337fc8388]
Event: 7.886 Thread 0x000001f347c00100 6413 %     4       java.util.Properties::loadConvert @ 8 (540 bytes)
Event: 7.899 Thread 0x000001f34e71de30 6414       4       jdk.internal.loader.BuiltinClassLoader::loadClass (22 bytes)
Event: 7.900 Thread 0x000001f34e71de30 nmethod 6414 0x000001f33818d290 code [0x000001f33818d440, 0x000001f33818d598]
Event: 7.908 Thread 0x000001f347c00a00 6415       3       org.gradle.internal.classloader.VisitableURLClassLoader$InstrumentingVisitableURLClassLoader::instrumentClass (10 bytes)
Event: 7.909 Thread 0x000001f347c00a00 nmethod 6415 0x000001f330f4aa90 code [0x000001f330f4aca0, 0x000001f330f4b238]
Event: 7.909 Thread 0x000001f347c00a00 6417       3       org.gradle.internal.io.StreamByteBuffer::readFully (27 bytes)
Event: 7.909 Thread 0x000001f347c00a00 nmethod 6417 0x000001f330a44f10 code [0x000001f330a450e0, 0x000001f330a45358]
Event: 7.909 Thread 0x000001f347c00a00 6416   !   3       org.gradle.internal.classloader.TransformReplacer::getInstrumentedClass (34 bytes)
Event: 7.909 Thread 0x000001f347c00a00 nmethod 6416 0x000001f330a93090 code [0x000001f330a93280, 0x000001f330a93798]
Event: 7.912 Thread 0x000001f347c00100 nmethod 6413% 0x000001f33819ed10 code [0x000001f33819ef40, 0x000001f3381a07a0]
Event: 7.927 Thread 0x000001f347c00a00 6418       3       java.util.zip.ZipFile$ZipFileInflaterInputStream::available (44 bytes)
Event: 7.928 Thread 0x000001f347c00a00 nmethod 6418 0x000001f330a44890 code [0x000001f330a44a60, 0x000001f330a44dc8]
Event: 7.928 Thread 0x000001f347c00a00 6419   !   3       java.util.zip.Inflater::getBytesWritten (23 bytes)
Event: 7.928 Thread 0x000001f347c00a00 nmethod 6419 0x000001f33088ca90 code [0x000001f33088cc40, 0x000001f33088ce68]
Event: 7.946 Thread 0x000001f34e71de30 6420       4       java.lang.String::regionMatches (150 bytes)
Event: 7.953 Thread 0x000001f34e71de30 nmethod 6420 0x000001f338136a90 code [0x000001f338136c40, 0x000001f338137438]

GC Heap History (20 events):
Event: 5.385 GC heap before
{Heap before GC invocations=21 (full 0):
 garbage-first heap   total 107520K, used 76339K [0x0000000080000000, 0x0000000100000000)
  region size 1024K, 18 young (18432K), 4 survivors (4096K)
 Metaspace       used 49037K, committed 49536K, reserved 1114112K
  class space    used 6531K, committed 6784K, reserved 1048576K
}
Event: 5.390 GC heap after
{Heap after GC invocations=22 (full 0):
 garbage-first heap   total 129024K, used 65356K [0x0000000080000000, 0x0000000100000000)
  region size 1024K, 3 young (3072K), 3 survivors (3072K)
 Metaspace       used 49037K, committed 49536K, reserved 1114112K
  class space    used 6531K, committed 6784K, reserved 1048576K
}
Event: 6.107 GC heap before
{Heap before GC invocations=23 (full 0):
 garbage-first heap   total 129024K, used 101196K [0x0000000080000000, 0x0000000100000000)
  region size 1024K, 36 young (36864K), 3 survivors (3072K)
 Metaspace       used 52060K, committed 52608K, reserved 1114112K
  class space    used 6951K, committed 7168K, reserved 1048576K
}
Event: 6.109 GC heap after
{Heap after GC invocations=24 (full 0):
 garbage-first heap   total 129024K, used 66330K [0x0000000080000000, 0x0000000100000000)
  region size 1024K, 4 young (4096K), 4 survivors (4096K)
 Metaspace       used 52060K, committed 52608K, reserved 1114112K
  class space    used 6951K, committed 7168K, reserved 1048576K
}
Event: 6.714 GC heap before
{Heap before GC invocations=24 (full 0):
 garbage-first heap   total 129024K, used 101146K [0x0000000080000000, 0x0000000100000000)
  region size 1024K, 38 young (38912K), 4 survivors (4096K)
 Metaspace       used 55668K, committed 56256K, reserved 1114112K
  class space    used 7576K, committed 7808K, reserved 1048576K
}
Event: 6.719 GC heap after
{Heap after GC invocations=25 (full 0):
 garbage-first heap   total 129024K, used 68532K [0x0000000080000000, 0x0000000100000000)
  region size 1024K, 4 young (4096K), 4 survivors (4096K)
 Metaspace       used 55668K, committed 56256K, reserved 1114112K
  class space    used 7576K, committed 7808K, reserved 1048576K
}
Event: 7.478 GC heap before
{Heap before GC invocations=26 (full 0):
 garbage-first heap   total 129024K, used 101300K [0x0000000080000000, 0x0000000100000000)
  region size 1024K, 37 young (37888K), 4 survivors (4096K)
 Metaspace       used 57535K, committed 58240K, reserved 1114112K
  class space    used 7799K, committed 8128K, reserved 1048576K
}
Event: 7.483 GC heap after
{Heap after GC invocations=27 (full 0):
 garbage-first heap   total 129024K, used 72181K [0x0000000080000000, 0x0000000100000000)
  region size 1024K, 5 young (5120K), 5 survivors (5120K)
 Metaspace       used 57535K, committed 58240K, reserved 1114112K
  class space    used 7799K, committed 8128K, reserved 1048576K
}
Event: 7.561 GC heap before
{Heap before GC invocations=27 (full 0):
 garbage-first heap   total 129024K, used 78325K [0x0000000080000000, 0x0000000100000000)
  region size 1024K, 13 young (13312K), 5 survivors (5120K)
 Metaspace       used 57688K, committed 58368K, reserved 1114112K
  class space    used 7819K, committed 8128K, reserved 1048576K
}
Event: 7.564 GC heap after
{Heap after GC invocations=28 (full 0):
 garbage-first heap   total 129024K, used 73314K [0x0000000080000000, 0x0000000100000000)
  region size 1024K, 1 young (1024K), 1 survivors (1024K)
 Metaspace       used 57688K, committed 58368K, reserved 1114112K
  class space    used 7819K, committed 8128K, reserved 1048576K
}
Event: 7.609 GC heap before
{Heap before GC invocations=29 (full 0):
 garbage-first heap   total 129024K, used 76386K [0x0000000080000000, 0x0000000100000000)
  region size 1024K, 3 young (3072K), 1 survivors (1024K)
 Metaspace       used 57695K, committed 58368K, reserved 1114112K
  class space    used 7819K, committed 8128K, reserved 1048576K
}
Event: 7.611 GC heap after
{Heap after GC invocations=30 (full 0):
 garbage-first heap   total 129024K, used 76074K [0x0000000080000000, 0x0000000100000000)
  region size 1024K, 2 young (2048K), 2 survivors (2048K)
 Metaspace       used 57695K, committed 58368K, reserved 1114112K
  class space    used 7819K, committed 8128K, reserved 1048576K
}
Event: 7.734 GC heap before
{Heap before GC invocations=31 (full 0):
 garbage-first heap   total 133120K, used 82218K [0x0000000080000000, 0x0000000100000000)
  region size 1024K, 6 young (6144K), 2 survivors (2048K)
 Metaspace       used 57727K, committed 58368K, reserved 1114112K
  class space    used 7824K, committed 8128K, reserved 1048576K
}
Event: 7.736 GC heap after
{Heap after GC invocations=32 (full 0):
 garbage-first heap   total 133120K, used 81388K [0x0000000080000000, 0x0000000100000000)
  region size 1024K, 3 young (3072K), 3 survivors (3072K)
 Metaspace       used 57727K, committed 58368K, reserved 1114112K
  class space    used 7824K, committed 8128K, reserved 1048576K
}
Event: 7.771 GC heap before
{Heap before GC invocations=33 (full 0):
 garbage-first heap   total 143360K, used 85484K [0x0000000080000000, 0x0000000100000000)
  region size 1024K, 5 young (5120K), 3 survivors (3072K)
 Metaspace       used 57727K, committed 58368K, reserved 1114112K
  class space    used 7824K, committed 8128K, reserved 1048576K
}
Event: 7.773 GC heap after
{Heap after GC invocations=34 (full 0):
 garbage-first heap   total 143360K, used 86274K [0x0000000080000000, 0x0000000100000000)
  region size 1024K, 2 young (2048K), 2 survivors (2048K)
 Metaspace       used 57727K, committed 58368K, reserved 1114112K
  class space    used 7824K, committed 8128K, reserved 1048576K
}
Event: 7.838 GC heap before
{Heap before GC invocations=35 (full 0):
 garbage-first heap   total 148480K, used 89346K [0x0000000080000000, 0x0000000100000000)
  region size 1024K, 5 young (5120K), 2 survivors (2048K)
 Metaspace       used 57743K, committed 58368K, reserved 1114112K
  class space    used 7827K, committed 8128K, reserved 1048576K
}
Event: 7.840 GC heap after
{Heap after GC invocations=36 (full 0):
 garbage-first heap   total 148480K, used 87214K [0x0000000080000000, 0x0000000100000000)
  region size 1024K, 2 young (2048K), 2 survivors (2048K)
 Metaspace       used 57743K, committed 58368K, reserved 1114112K
  class space    used 7827K, committed 8128K, reserved 1048576K
}
Event: 7.964 GC heap before
{Heap before GC invocations=37 (full 0):
 garbage-first heap   total 152576K, used 99502K [0x0000000080000000, 0x0000000100000000)
  region size 1024K, 15 young (15360K), 2 survivors (2048K)
 Metaspace       used 58654K, committed 59328K, reserved 1114112K
  class space    used 7938K, committed 8256K, reserved 1048576K
}
Event: 7.966 GC heap after
{Heap after GC invocations=38 (full 0):
 garbage-first heap   total 152576K, used 89286K [0x0000000080000000, 0x0000000100000000)
  region size 1024K, 3 young (3072K), 3 survivors (3072K)
 Metaspace       used 58654K, committed 59328K, reserved 1114112K
  class space    used 7938K, committed 8256K, reserved 1048576K
}

Dll operation events (3 events):
Event: 0.030 Loaded shared library D:\Program Files\Android\Android Studio\jbr\bin\java.dll
Event: 0.198 Loaded shared library D:\Program Files\Android\Android Studio\jbr\bin\zip.dll
Event: 0.456 Loaded shared library D:\Program Files\Android\Android Studio\jbr\bin\verify.dll

Deoptimization events (20 events):
Event: 7.533 Thread 0x000001f34d5ea800 DEOPT PACKING pc=0x000001f330f2ef51 sp=0x0000009ef04f8620
Event: 7.533 Thread 0x000001f34d5ea800 DEOPT UNPACKING pc=0x000001f337a67143 sp=0x0000009ef04f7b18 mode 0
Event: 7.534 Thread 0x000001f34d5ea800 DEOPT PACKING pc=0x000001f330f2ef51 sp=0x0000009ef04f85d0
Event: 7.534 Thread 0x000001f34d5ea800 DEOPT UNPACKING pc=0x000001f337a67143 sp=0x0000009ef04f7ac8 mode 0
Event: 7.554 Thread 0x000001f34d5ea800 Uncommon trap: trap_request=0xffffffc6 fr.pc=0x000001f3382ff078 relative=0x00000000000055b8
Event: 7.554 Thread 0x000001f34d5ea800 Uncommon trap: reason=bimorphic_or_optimized_type_check action=maybe_recompile pc=0x000001f3382ff078 method=jdk.internal.loader.Resource.getBytes()[B @ 117 c2
Event: 7.554 Thread 0x000001f34d5ea800 DEOPT PACKING pc=0x000001f3382ff078 sp=0x0000009ef04f8eb0
Event: 7.554 Thread 0x000001f34d5ea800 DEOPT UNPACKING pc=0x000001f337a669a3 sp=0x0000009ef04f8c30 mode 2
Event: 7.557 Thread 0x000001f34d5ea800 Uncommon trap: trap_request=0xfffffff4 fr.pc=0x000001f338312e04 relative=0x00000000000006a4
Event: 7.557 Thread 0x000001f34d5ea800 Uncommon trap: reason=null_check action=make_not_entrant pc=0x000001f338312e04 method=org.gradle.util.internal.SimpleMapInterner.intern(Ljava/lang/Object;)Ljava/lang/Object; @ 2 c2
Event: 7.557 Thread 0x000001f34d5ea800 DEOPT PACKING pc=0x000001f338312e04 sp=0x0000009ef04f8980
Event: 7.557 Thread 0x000001f34d5ea800 DEOPT UNPACKING pc=0x000001f337a669a3 sp=0x0000009ef04f8948 mode 2
Event: 7.557 Thread 0x000001f34d5ea800 Uncommon trap: trap_request=0xffffff45 fr.pc=0x000001f338313d1c relative=0x00000000000006bc
Event: 7.557 Thread 0x000001f34d5ea800 Uncommon trap: reason=unstable_if action=reinterpret pc=0x000001f338313d1c method=org.gradle.util.internal.SimpleMapInterner.intern(Ljava/lang/String;)Ljava/lang/String; @ 1 c2
Event: 7.557 Thread 0x000001f34d5ea800 DEOPT PACKING pc=0x000001f338313d1c sp=0x0000009ef04f8910
Event: 7.557 Thread 0x000001f34d5ea800 DEOPT UNPACKING pc=0x000001f337a669a3 sp=0x0000009ef04f88d8 mode 2
Event: 7.557 Thread 0x000001f34d5ea800 Uncommon trap: trap_request=0xffffffc6 fr.pc=0x000001f3380edb80 relative=0x0000000000000240
Event: 7.557 Thread 0x000001f34d5ea800 Uncommon trap: reason=bimorphic_or_optimized_type_check action=maybe_recompile pc=0x000001f3380edb80 method=com.google.common.base.CharMatcher.indexIn(Ljava/lang/CharSequence;I)I @ 31 c2
Event: 7.557 Thread 0x000001f34d5ea800 DEOPT PACKING pc=0x000001f3380edb80 sp=0x0000009ef04f8e90
Event: 7.557 Thread 0x000001f34d5ea800 DEOPT UNPACKING pc=0x000001f337a669a3 sp=0x0000009ef04f8e38 mode 2

Classes unloaded (0 events):
No events

Classes redefined (0 events):
No events

Internal exceptions (20 events):
Event: 6.220 Thread 0x000001f34d5ea800 Exception <a 'java/lang/ClassNotFoundException'{0x000000008788ae28}: org/jetbrains/plugins/gradle/model/scala/ScalaModelBeanInfo> (0x000000008788ae28) 
thrown [s\src\hotspot\share\classfile\systemDictionary.cpp, line 256]
Event: 6.220 Thread 0x000001f34d5ea800 Exception <a 'java/lang/ClassNotFoundException'{0x0000000087893370}: org/jetbrains/plugins/gradle/model/scala/ScalaModelCustomizer> (0x0000000087893370) 
thrown [s\src\hotspot\share\classfile\systemDictionary.cpp, line 256]
Event: 6.223 Thread 0x000001f34d5ea800 Exception <a 'java/lang/ClassNotFoundException'{0x00000000878ce9f0}: org/jetbrains/plugins/gradle/model/DependencyAccessorsModelBeanInfo> (0x00000000878ce9f0) 
thrown [s\src\hotspot\share\classfile\systemDictionary.cpp, line 256]
Event: 6.223 Thread 0x000001f34d5ea800 Exception <a 'java/lang/ClassNotFoundException'{0x00000000878d7000}: org/jetbrains/plugins/gradle/model/DependencyAccessorsModelCustomizer> (0x00000000878d7000) 
thrown [s\src\hotspot\share\classfile\systemDictionary.cpp, line 256]
Event: 6.343 Thread 0x000001f34d5ea800 Exception <a 'java/lang/ClassNotFoundException'{0x0000000086f252c8}: org/gradle/api/internal/project/DefaultProject_DecoratedBeanInfo> (0x0000000086f252c8) 
thrown [s\src\hotspot\share\classfile\systemDictionary.cpp, line 256]
Event: 6.343 Thread 0x000001f34d5ea800 Exception <a 'java/lang/ClassNotFoundException'{0x0000000086f32200}: org/gradle/api/internal/project/DefaultProjectBeanInfo> (0x0000000086f32200) 
thrown [s\src\hotspot\share\classfile\systemDictionary.cpp, line 256]
Event: 6.343 Thread 0x000001f34d5ea800 Exception <a 'java/lang/ClassNotFoundException'{0x0000000086f3f160}: org/gradle/api/internal/project/DefaultProjectCustomizer> (0x0000000086f3f160) 
thrown [s\src\hotspot\share\classfile\systemDictionary.cpp, line 256]
Event: 6.346 Thread 0x000001f34d5ea800 Exception <a 'java/lang/ClassNotFoundException'{0x0000000086fe9028}: org/gradle/api/internal/project/DefaultProject_DecoratedCustomizer> (0x0000000086fe9028) 
thrown [s\src\hotspot\share\classfile\systemDictionary.cpp, line 256]
Event: 6.468 Thread 0x000001f34d5ea800 Exception <a 'java/lang/NoSuchMethodError'{0x0000000086661848}: 'long java.lang.invoke.DirectMethodHandle$Holder.invokeStatic(java.lang.Object, long)'> (0x0000000086661848) 
thrown [s\src\hotspot\share\interpreter\linkResolver.cpp, line 771]
Event: 6.591 Thread 0x000001f34d5ea800 Exception <a 'java/lang/NoSuchMethodError'{0x00000000860a3998}: 'java.lang.Object java.lang.invoke.DelegatingMethodHandle$Holder.reinvoke_L(java.lang.Object, java.lang.Object, java.lang.Object, java.lang.Object, java.lang.Object, java.lang.Object, java.lang.Object, java.lang.Object, java.lang.Object, java.lang.Object, java.lang.Object, java.lang.Object, java.lang.Object, java.lang.Object, java.lang.Object, java.lang.Object, java.lang.Object, java.lang.Object, java.lang.Object, java.lang.Object, java.lang.O
Event: 6.592 Thread 0x000001f34d5ea800 Exception <a 'java/lang/NoSuchMethodError'{0x00000000860af170}: 'java.lang.Object java.lang.invoke.DirectMethodHandle$Holder.invokeSpecial(java.lang.Object, java.lang.Object, java.lang.Object, java.lang.Object, java.lang.Object, java.lang.Object, java.lang.Object, java.lang.Object, java.lang.Object, java.lang.Object, java.lang.Object, java.lang.Object, java.lang.Object, java.lang.Object, java.lang.Object, java.lang.Object, java.lang.Object, java.lang.Object, java.lang.Object, java.lang.Object, java.lang.Ob
Event: 6.593 Thread 0x000001f34d5ea800 Exception <a 'java/lang/NoSuchMethodError'{0x00000000860b4db8}: 'java.lang.Object java.lang.invoke.Invokers$Holder.invoker(java.lang.Object, java.lang.Object, java.lang.Object, java.lang.Object, java.lang.Object, java.lang.Object, java.lang.Object, java.lang.Object, java.lang.Object, java.lang.Object, java.lang.Object, java.lang.Object, java.lang.Object, java.lang.Object, java.lang.Object, java.lang.Object, java.lang.Object, java.lang.Object, java.lang.Object, java.lang.Object, java.lang.Object)'> (0x00000
Event: 6.595 Thread 0x000001f34d5ea800 Exception <a 'java/lang/NoSuchMethodError'{0x00000000860bb418}: 'java.lang.Object java.lang.invoke.DelegatingMethodHandle$Holder.delegate(java.lang.Object, java.lang.Object, java.lang.Object, java.lang.Object, java.lang.Object, java.lang.Object, java.lang.Object, java.lang.Object, java.lang.Object, java.lang.Object, java.lang.Object, java.lang.Object, java.lang.Object, java.lang.Object, java.lang.Object, java.lang.Object, java.lang.Object, java.lang.Object, java.lang.Object, java.lang.Object, java.lang.Obj
Event: 6.827 Thread 0x000001f34d5ea800 Exception <a 'java/lang/NoSuchMethodError'{0x0000000087942860}: 'int java.lang.invoke.DirectMethodHandle$Holder.invokeSpecialIFC(java.lang.Object, java.lang.Object, java.lang.Object)'> (0x0000000087942860) 
thrown [s\src\hotspot\share\interpreter\linkResolver.cpp, line 771]
Event: 6.885 Thread 0x000001f34d5ea800 Exception <a 'java/lang/NoSuchMethodError'{0x00000000876da550}: 'java.lang.Object java.lang.invoke.DirectMethodHandle$Holder.newInvokeSpecial(java.lang.Object, java.lang.Object, java.lang.Object, java.lang.Object, java.lang.Object, int)'> (0x00000000876da550) 
thrown [s\src\hotspot\share\interpreter\linkResolver.cpp, line 771]
Event: 6.885 Thread 0x000001f34d5ea800 Exception <a 'java/lang/NoSuchMethodError'{0x00000000876dfba8}: 'java.lang.Object java.lang.invoke.DirectMethodHandle$Holder.invokeSpecial(java.lang.Object, java.lang.Object, java.lang.Object, java.lang.Object, java.lang.Object, java.lang.Object, int)'> (0x00000000876dfba8) 
thrown [s\src\hotspot\share\interpreter\linkResolver.cpp, line 771]
Event: 6.900 Thread 0x000001f34d5ea800 Exception <a 'java/lang/NoSuchMethodError'{0x0000000087592fd0}: 'void java.lang.invoke.DirectMethodHandle$Holder.invokeStatic(java.lang.Object, java.lang.Object, java.lang.Object, int, java.lang.Object)'> (0x0000000087592fd0) 
thrown [s\src\hotspot\share\interpreter\linkResolver.cpp, line 771]
Event: 7.345 Thread 0x000001f34d5ea800 Implicit null exception at 0x000001f33830e86f to 0x000001f33830eab0
Event: 7.557 Thread 0x000001f34d5ea800 Implicit null exception at 0x000001f338312792 to 0x000001f338312df4
Event: 7.557 Thread 0x000001f34d5ea800 Implicit null exception at 0x000001f338313694 to 0x000001f338313d04

VM Operations (20 events):
Event: 7.736 Executing VM operation: G1TryInitiateConcMark done
Event: 7.758 Executing VM operation: G1Concurrent
Event: 7.760 Executing VM operation: G1Concurrent done
Event: 7.767 Executing VM operation: G1Concurrent
Event: 7.767 Executing VM operation: G1Concurrent done
Event: 7.771 Executing VM operation: G1TryInitiateConcMark
Event: 7.773 Executing VM operation: G1TryInitiateConcMark done
Event: 7.789 Executing VM operation: G1Concurrent
Event: 7.791 Executing VM operation: G1Concurrent done
Event: 7.798 Executing VM operation: G1Concurrent
Event: 7.798 Executing VM operation: G1Concurrent done
Event: 7.838 Executing VM operation: G1TryInitiateConcMark
Event: 7.840 Executing VM operation: G1TryInitiateConcMark done
Event: 7.856 Executing VM operation: G1Concurrent
Event: 7.858 Executing VM operation: G1Concurrent done
Event: 7.865 Executing VM operation: G1Concurrent
Event: 7.865 Executing VM operation: G1Concurrent done
Event: 7.964 Executing VM operation: G1TryInitiateConcMark
Event: 7.966 Executing VM operation: G1TryInitiateConcMark done
Event: 7.983 Executing VM operation: G1Concurrent

Events (20 events):
Event: 7.425 Thread 0x000001f347c03310 flushing nmethod 0x000001f330eb6090
Event: 7.425 Thread 0x000001f347c03310 flushing nmethod 0x000001f330eb6590
Event: 7.425 Thread 0x000001f347c03310 flushing nmethod 0x000001f330eb9990
Event: 7.425 Thread 0x000001f347c03310 flushing nmethod 0x000001f330ecdc90
Event: 7.425 Thread 0x000001f347c03310 flushing nmethod 0x000001f330eda790
Event: 7.425 Thread 0x000001f347c03310 flushing nmethod 0x000001f330f26490
Event: 7.425 Thread 0x000001f347c03310 flushing nmethod 0x000001f330f3aa90
Event: 7.425 Thread 0x000001f347c03310 flushing nmethod 0x000001f330f46e10
Event: 7.425 Thread 0x000001f347c03310 flushing nmethod 0x000001f330f49090
Event: 7.425 Thread 0x000001f347c03310 flushing nmethod 0x000001f330f49510
Event: 7.425 Thread 0x000001f347c03310 flushing nmethod 0x000001f330f49c90
Event: 7.425 Thread 0x000001f347c03310 flushing nmethod 0x000001f330f4aa90
Event: 7.425 Thread 0x000001f347c03310 flushing nmethod 0x000001f330f4b110
Event: 7.425 Thread 0x000001f347c03310 flushing nmethod 0x000001f330f4cb10
Event: 7.425 Thread 0x000001f347c03310 flushing nmethod 0x000001f330f4db90
Event: 7.425 Thread 0x000001f347c03310 flushing nmethod 0x000001f330f6f210
Event: 7.425 Thread 0x000001f347c03310 flushing nmethod 0x000001f330fd2b10
Event: 7.426 Thread 0x000001f347c03310 flushing nmethod 0x000001f331034090
Event: 7.538 loading class jdk/internal/access/foreign/MemorySegmentProxy
Event: 7.538 loading class jdk/internal/access/foreign/MemorySegmentProxy done


Dynamic libraries:
0x00007ff77e490000 - 0x00007ff77e49a000 	D:\Program Files\Android\Android Studio\jbr\bin\java.exe
0x00007ffb15310000 - 0x00007ffb15508000 	C:\Windows\SYSTEM32\ntdll.dll
0x00007ffb141e0000 - 0x00007ffb1429d000 	C:\Windows\System32\KERNEL32.DLL
0x00007ffb12d30000 - 0x00007ffb13026000 	C:\Windows\System32\KERNELBASE.dll
0x00007ffb13030000 - 0x00007ffb13130000 	C:\Windows\System32\ucrtbase.dll
0x00007ffaf1ee0000 - 0x00007ffaf1ef7000 	D:\Program Files\Android\Android Studio\jbr\bin\jli.dll
0x00007ffb0c200000 - 0x00007ffb0c21b000 	D:\Program Files\Android\Android Studio\jbr\bin\VCRUNTIME140.dll
0x00007ffb142a0000 - 0x00007ffb1443e000 	C:\Windows\System32\USER32.dll
0x00007ffb129c0000 - 0x00007ffb129e2000 	C:\Windows\System32\win32u.dll
0x00007ffb15210000 - 0x00007ffb1523b000 	C:\Windows\System32\GDI32.dll
0x00007ffb12c10000 - 0x00007ffb12d27000 	C:\Windows\System32\gdi32full.dll
0x00007ffb12a40000 - 0x00007ffb12add000 	C:\Windows\System32\msvcp_win.dll
0x00007ffb029b0000 - 0x00007ffb02c4a000 	C:\Windows\WinSxS\amd64_microsoft.windows.common-controls_6595b64144ccf1df_6.0.19041.3636_none_60b6a03d71f818d5\COMCTL32.dll
0x00007ffb15130000 - 0x00007ffb151ce000 	C:\Windows\System32\msvcrt.dll
0x00007ffb151d0000 - 0x00007ffb15202000 	C:\Windows\System32\IMM32.DLL
0x00007ffb0d580000 - 0x00007ffb0d58c000 	D:\Program Files\Android\Android Studio\jbr\bin\vcruntime140_1.dll
0x00007ffae9df0000 - 0x00007ffae9e7d000 	D:\Program Files\Android\Android Studio\jbr\bin\msvcp140.dll
0x00007ffa8a1e0000 - 0x00007ffa8ae60000 	D:\Program Files\Android\Android Studio\jbr\bin\server\jvm.dll
0x00007ffb14440000 - 0x00007ffb144f0000 	C:\Windows\System32\ADVAPI32.dll
0x00007ffb14d60000 - 0x00007ffb14e00000 	C:\Windows\System32\sechost.dll
0x00007ffb14e70000 - 0x00007ffb14f95000 	C:\Windows\System32\RPCRT4.dll
0x00007ffb12ae0000 - 0x00007ffb12b07000 	C:\Windows\System32\bcrypt.dll
0x00007ffaf9bd0000 - 0x00007ffaf9bf7000 	C:\Windows\SYSTEM32\WINMM.dll
0x00007ffb0cce0000 - 0x00007ffb0cce9000 	C:\Windows\SYSTEM32\WSOCK32.dll
0x00007ffb0a930000 - 0x00007ffb0a93a000 	C:\Windows\SYSTEM32\VERSION.dll
0x00007ffb14b10000 - 0x00007ffb14b7b000 	C:\Windows\System32\ws2_32.DLL
0x00007ffb10850000 - 0x00007ffb10862000 	C:\Windows\SYSTEM32\kernel.appcore.dll
0x00007ffb0c0c0000 - 0x00007ffb0c0ca000 	D:\Program Files\Android\Android Studio\jbr\bin\jimage.dll
0x00007ffb08e80000 - 0x00007ffb09064000 	C:\Windows\SYSTEM32\DBGHELP.DLL
0x00007ffb09ba0000 - 0x00007ffb09bd4000 	C:\Windows\SYSTEM32\dbgcore.DLL
0x00007ffb12b80000 - 0x00007ffb12c02000 	C:\Windows\System32\bcryptPrimitives.dll
0x00007ffaf2a70000 - 0x00007ffaf2a7e000 	D:\Program Files\Android\Android Studio\jbr\bin\instrument.dll
0x00007ffb0b7a0000 - 0x00007ffb0b7c5000 	D:\Program Files\Android\Android Studio\jbr\bin\java.dll
0x00007ffb0c0a0000 - 0x00007ffb0c0b8000 	D:\Program Files\Android\Android Studio\jbr\bin\zip.dll
0x00007ffb13560000 - 0x00007ffb13ccb000 	C:\Windows\System32\SHELL32.dll
0x00007ffb10a70000 - 0x00007ffb1120e000 	C:\Windows\SYSTEM32\windows.storage.dll
0x00007ffb13cd0000 - 0x00007ffb14023000 	C:\Windows\System32\combase.dll
0x00007ffb12380000 - 0x00007ffb123ae000 	C:\Windows\SYSTEM32\Wldp.dll
0x00007ffb15060000 - 0x00007ffb1512d000 	C:\Windows\System32\OLEAUT32.dll
0x00007ffb14b80000 - 0x00007ffb14c2d000 	C:\Windows\System32\SHCORE.dll
0x00007ffb14e00000 - 0x00007ffb14e55000 	C:\Windows\System32\shlwapi.dll
0x00007ffb128f0000 - 0x00007ffb12915000 	C:\Windows\SYSTEM32\profapi.dll
0x00007ffb0b900000 - 0x00007ffb0b919000 	D:\Program Files\Android\Android Studio\jbr\bin\net.dll
0x00007ffb0d8e0000 - 0x00007ffb0d9ea000 	C:\Windows\SYSTEM32\WINHTTP.dll
0x00007ffb120e0000 - 0x00007ffb1214a000 	C:\Windows\system32\mswsock.dll
0x00007ffb0b780000 - 0x00007ffb0b796000 	D:\Program Files\Android\Android Studio\jbr\bin\nio.dll
0x00007ffb0b770000 - 0x00007ffb0b780000 	D:\Program Files\Android\Android Studio\jbr\bin\verify.dll
0x00007ffb01550000 - 0x00007ffb01577000 	D:\Program Files\Android\Android Studio\.jdks\native\68d5fa5c4cc2d200863cafc0d521ce42e7d3e7ee720ec0a83991735586a16f82\windows-amd64\native-platform.dll
0x00007ffac7020000 - 0x00007ffac7164000 	D:\Program Files\Android\Android Studio\.jdks\native\e376f236ea51e6404a007f0833ffe2c6e607c4080706a723a18a27aeea778392\windows-amd64\native-platform-file-events.dll
0x00007ffaf2ad0000 - 0x00007ffaf2ad9000 	D:\Program Files\Android\Android Studio\jbr\bin\management.dll
0x00007ffaf2ac0000 - 0x00007ffaf2acb000 	D:\Program Files\Android\Android Studio\jbr\bin\management_ext.dll
0x00007ffb14e60000 - 0x00007ffb14e68000 	C:\Windows\System32\PSAPI.DLL
0x00007ffb122e0000 - 0x00007ffb122f8000 	C:\Windows\SYSTEM32\CRYPTSP.dll
0x00007ffb119b0000 - 0x00007ffb119e4000 	C:\Windows\system32\rsaenh.dll
0x00007ffb128b0000 - 0x00007ffb128de000 	C:\Windows\SYSTEM32\USERENV.dll
0x00007ffb122d0000 - 0x00007ffb122dc000 	C:\Windows\SYSTEM32\CRYPTBASE.dll
0x00007ffb11dd0000 - 0x00007ffb11e0b000 	C:\Windows\SYSTEM32\IPHLPAPI.DLL
0x00007ffb141d0000 - 0x00007ffb141d8000 	C:\Windows\System32\NSI.dll
0x00007ffb0c000000 - 0x00007ffb0c017000 	C:\Windows\SYSTEM32\dhcpcsvc6.DLL
0x00007ffb0bfc0000 - 0x00007ffb0bfdd000 	C:\Windows\SYSTEM32\dhcpcsvc.DLL
0x00007ffb11e10000 - 0x00007ffb11edb000 	C:\Windows\SYSTEM32\DNSAPI.dll
0x00007ffb08160000 - 0x00007ffb08167000 	C:\Windows\system32\wshunix.dll

dbghelp: loaded successfully - version: 4.0.5 - missing functions: none
symbol engine: initialized successfully - sym options: 0x614 - pdb path: .;D:\Program Files\Android\Android Studio\jbr\bin;C:\Windows\SYSTEM32;C:\Windows\WinSxS\amd64_microsoft.windows.common-controls_6595b64144ccf1df_6.0.19041.3636_none_60b6a03d71f818d5;D:\Program Files\Android\Android Studio\jbr\bin\server;D:\Program Files\Android\Android Studio\.jdks\native\68d5fa5c4cc2d200863cafc0d521ce42e7d3e7ee720ec0a83991735586a16f82\windows-amd64;D:\Program Files\Android\Android Studio\.jdks\native\e376f236ea51e6404a007f0833ffe2c6e607c4080706a723a18a27aeea778392\windows-amd64

VM Arguments:
jvm_args: --add-opens=java.base/java.util=ALL-UNNAMED --add-opens=java.base/java.lang=ALL-UNNAMED --add-opens=java.base/java.lang.invoke=ALL-UNNAMED --add-opens=java.prefs/java.util.prefs=ALL-UNNAMED --add-opens=java.base/java.nio.charset=ALL-UNNAMED --add-opens=java.base/java.net=ALL-UNNAMED --add-opens=java.base/java.util.concurrent.atomic=ALL-UNNAMED -Xmx2048m -Dfile.encoding=UTF-8 -Duser.country=US -Duser.language=en -Duser.variant -javaagent:D:\Program Files\Android\Android Studio\.jdks\wrapper\dists\gradle-8.2-bin\bbg7u40eoinfdyxsxr3z4i7ta\gradle-8.2\lib\agents\gradle-instrumentation-agent-8.2.jar 
java_command: org.gradle.launcher.daemon.bootstrap.GradleDaemon 8.2
java_class_path (initial): D:\Program Files\Android\Android Studio\.jdks\wrapper\dists\gradle-8.2-bin\bbg7u40eoinfdyxsxr3z4i7ta\gradle-8.2\lib\gradle-launcher-8.2.jar
Launcher Type: SUN_STANDARD

[Global flags]
     intx CICompilerCount                          = 4                                         {product} {ergonomic}
     uint ConcGCThreads                            = 3                                         {product} {ergonomic}
     uint G1ConcRefinementThreads                  = 10                                        {product} {ergonomic}
   size_t G1HeapRegionSize                         = 1048576                                   {product} {ergonomic}
    uintx GCDrainStackTargetSize                   = 64                                        {product} {ergonomic}
   size_t InitialHeapSize                          = 125829120                                 {product} {ergonomic}
   size_t MarkStackSize                            = 4194304                                   {product} {ergonomic}
   size_t MaxHeapSize                              = 2147483648                                {product} {command line}
   size_t MaxNewSize                               = 1287651328                                {product} {ergonomic}
   size_t MinHeapDeltaBytes                        = 1048576                                   {product} {ergonomic}
   size_t MinHeapSize                              = 8388608                                   {product} {ergonomic}
    uintx NonNMethodCodeHeapSize                   = 5839372                                {pd product} {ergonomic}
    uintx NonProfiledCodeHeapSize                  = 122909434                              {pd product} {ergonomic}
    uintx ProfiledCodeHeapSize                     = 122909434                              {pd product} {ergonomic}
    uintx ReservedCodeCacheSize                    = 251658240                              {pd product} {ergonomic}
     bool SegmentedCodeCache                       = true                                      {product} {ergonomic}
   size_t SoftMaxHeapSize                          = 2147483648                             {manageable} {ergonomic}
     bool UseCompressedClassPointers               = true                           {product lp64_product} {ergonomic}
     bool UseCompressedOops                        = true                           {product lp64_product} {ergonomic}
     bool UseG1GC                                  = true                                      {product} {ergonomic}
     bool UseLargePagesIndividualAllocation        = false                                  {pd product} {ergonomic}

Logging:
Log output configuration:
 #0: stdout all=warning uptime,level,tags
 #1: stderr all=off uptime,level,tags

Environment Variables:
PATH=C:\Program Files\Common Files\Oracle\Java\javapath;C:\Program Files\Microsoft MPI\Bin\;C:\Windows\system32;C:\Windows;C:\Windows\System32\Wbem;C:\Windows\System32\WindowsPowerShell\v1.0\;C:\Windows\System32\OpenSSH\;C:\Program Files (x86)\Microsoft SQL Server\150\Tools\Binn\;C:\Program Files\Microsoft SQL Server\150\Tools\Binn\;C:\Program Files (x86)\Microsoft SQL Server\150\DTS\Binn\;C:\Program Files\Microsoft SQL Server\150\DTS\Binn\;C:\Program Files\Microsoft SQL Server\Client SDK\ODBC\170\Tools\Binn\;C:\Program Files\Azure Data Studio\bin;E:\c++\bin;C:\xampp\php;C:\ProgramData\ComposerSetup\bin;C:\Users\FPT SHOP\AppData\Local\Microsoft\WindowsApps;;C:\Program Files\Azure Data Studio\bin;C:\Users\FPT SHOP\AppData\Local\Programs\Microsoft VS Code\bin;C:\Users\FPT SHOP\AppData\Roaming\Composer\vendor\bin;D:\IntelliJ IDEA Community Edition 2023.3.2\bin;
USERNAME=FPT SHOP
OS=Windows_NT
PROCESSOR_IDENTIFIER=AMD64 Family 23 Model 96 Stepping 1, AuthenticAMD
TMP=C:\Users\FPTSHO~1\AppData\Local\Temp
TEMP=C:\Users\FPTSHO~1\AppData\Local\Temp


JNI global refs:
JNI global refs: 26, weak refs: 0

JNI global refs memory usage: 843, weak refs: 841

OOME stack traces (most recent first):
Classloader memory used:
Loader org.gradle.internal.classloader.VisitableURLClassLoader                         : 3463K
Loader bootstrap                                                                       : 2455K
Loader org.gradle.initialization.MixInLegacyTypesClassLoader                           : 995K
Loader org.gradle.internal.classloader.VisitableURLClassLoader$InstrumentingVisitableURLClassLoader: 222K
Loader org.gradle.internal.classloader.VisitableURLClassLoader                         : 73875B
Loader jdk.internal.loader.ClassLoaders$PlatformClassLoader                            : 64989B
Loader jdk.internal.loader.ClassLoaders$AppClassLoader                                 : 28450B
Loader jdk.internal.reflect.DelegatingClassLoader                                      : 27571B
Loader org.gradle.groovy.scripts.internal.DefaultScriptCompilationHandler$ScriptClassLoader: 11498B
Loader org.codehaus.groovy.runtime.callsite.CallSiteClassLoader                        : 6494B

Classes loaded by more than one classloader:
Class Program                                                                         : loaded 4 times (x 72B)
Class org.gradle.internal.Cast                                                        : loaded 3 times (x 69B)
Class org.gradle.api.GradleException                                                  : loaded 3 times (x 80B)
Class com.google.common.collect.SingletonImmutableList                                : loaded 2 times (x 167B)
Class org.gradle.internal.classpath.ClassPath                                         : loaded 2 times (x 68B)
Class org.gradle.api.internal.classpath.DefaultModuleRegistry                         : loaded 2 times (x 84B)
Class Settings_gradle$1$1                                                             : loaded 2 times (x 72B)
Class com.google.common.base.CharMatcher$JavaDigit                                    : loaded 2 times (x 109B)
Class com.google.common.base.CharMatcher$Digit                                        : loaded 2 times (x 110B)
Class com.intellij.openapi.externalSystem.model.ExternalSystemException               : loaded 2 times (x 84B)
Class org.gradle.api.Action                                                           : loaded 2 times (x 68B)
Class org.jetbrains.kotlin.idea.gradleTooling.model.samWithReceiver.SamWithReceiverModel: loaded 2 times (x 68B)
Class com.google.common.collect.Lists$StringAsImmutableList                           : loaded 2 times (x 167B)
Class org.jetbrains.plugins.gradle.model.ExternalProject                              : loaded 2 times (x 68B)
Class org.jetbrains.plugins.gradle.model.IntelliJSettings                             : loaded 2 times (x 68B)
Class com.google.common.base.CharMatcher                                              : loaded 2 times (x 109B)
Class com.google.common.base.CharMatcher$IsNot                                        : loaded 2 times (x 109B)
Class com.google.common.base.Splitter                                                 : loaded 2 times (x 70B)
Class org.jetbrains.kotlin.idea.gradleTooling.KotlinMPPGradleModel                    : loaded 2 times (x 68B)
Class org.gradle.api.internal.DefaultClassPathProvider                                : loaded 2 times (x 74B)
Class org.gradle.internal.installation.GradleInstallation$1                           : loaded 2 times (x 73B)
Class com.google.common.base.CharMatcher$BitSetMatcher                                : loaded 2 times (x 110B)
Class org.gradle.internal.exceptions.DefaultMultiCauseException                       : loaded 2 times (x 85B)
Class org.gradle.tooling.model.UnsupportedMethodException                             : loaded 2 times (x 80B)
Class org.gradle.internal.time.MonotonicClock                                         : loaded 2 times (x 75B)
Class com.google.common.base.Predicate                                                : loaded 2 times (x 68B)
Class org.gradle.internal.classloader.FilteringClassLoader                            : loaded 2 times (x 102B)
Class org.gradle.tooling.model.Model                                                  : loaded 2 times (x 68B)
Class org.gradle.internal.classpath.DefaultClassPath$ImmutableUniqueList$Builder      : loaded 2 times (x 73B)
Class com.google.common.base.CharMatcher$InRange                                      : loaded 2 times (x 109B)
Class org.jetbrains.kotlin.idea.gradleTooling.KotlinSourceSetContainer                : loaded 2 times (x 68B)
Class com.google.common.collect.Lists                                                 : loaded 2 times (x 69B)
Class org.gradle.internal.classloader.ClassLoaderVisitor                              : loaded 2 times (x 74B)
Class org.gradle.internal.time.DefaultCountdownTimer                                  : loaded 2 times (x 86B)
Class org.gradle.internal.service.DefaultServiceLocator                               : loaded 2 times (x 81B)
Class org.gradle.internal.service.UnknownServiceException                             : loaded 2 times (x 81B)
Class org.jetbrains.plugins.gradle.model.DependencyAccessorsModel                     : loaded 2 times (x 68B)
Class org.gradle.internal.classloader.DefaultClassLoaderFactory                       : loaded 2 times (x 80B)
Class com.google.common.collect.UnmodifiableIterator                                  : loaded 2 times (x 78B)
Class com.google.common.base.CharMatcher$SingleWidth                                  : loaded 2 times (x 110B)
Class org.jetbrains.plugins.gradle.model.GradleExtensions                             : loaded 2 times (x 68B)
Class com.google.common.base.JdkPattern                                               : loaded 2 times (x 73B)
Class org.jetbrains.plugins.gradle.model.VersionCatalogsModel                         : loaded 2 times (x 68B)
Class org.gradle.internal.classloader.VisitableURLClassLoader$Spec                    : loaded 2 times (x 72B)
Class org.gradle.tooling.model.ProjectModel                                           : loaded 2 times (x 68B)
Class org.jetbrains.plugins.gradle.model.MavenRepositoryModel                         : loaded 2 times (x 68B)
Class com.google.common.base.CharMatcher$JavaLetterOrDigit                            : loaded 2 times (x 109B)
Class org.gradle.tooling.internal.gradle.DefaultProjectIdentifier                     : loaded 2 times (x 84B)
Class org.gradle.api.internal.classpath.ModuleRegistry                                : loaded 2 times (x 68B)
Class com.google.common.collect.ImmutableCollection                                   : loaded 2 times (x 123B)
Class org.jetbrains.plugins.gradle.model.RepositoriesModel                            : loaded 2 times (x 68B)
Class kotlin.jvm.internal.markers.KMappedMarker                                       : loaded 2 times (x 68B)
Class org.gradle.util.GradleVersion                                                   : loaded 2 times (x 81B)
Class org.gradle.internal.classloader.ClasspathUtil$1                                 : loaded 2 times (x 74B)
Class com.google.common.collect.ImmutableList$ReverseImmutableList                    : loaded 2 times (x 168B)
Class org.gradle.internal.classloader.ClassLoaderFactory                              : loaded 2 times (x 68B)
Class com.google.common.collect.ObjectArrays                                          : loaded 2 times (x 69B)
Class com.google.common.collect.ImmutableList                                         : loaded 2 times (x 166B)
Class org.gradle.api.internal.classpath.ManifestUtil                                  : loaded 2 times (x 69B)
Class org.gradle.api.specs.Spec                                                       : loaded 2 times (x 68B)
Class com.google.common.base.CharMatcher$Whitespace                                   : loaded 2 times (x 110B)
Class org.gradle.tooling.internal.gradle.GradleBuildIdentity                          : loaded 2 times (x 68B)
Class com.google.common.base.Preconditions                                            : loaded 2 times (x 69B)
Class org.gradle.internal.IoActions                                                   : loaded 2 times (x 69B)
Class com.google.common.collect.CollectPreconditions                                  : loaded 2 times (x 69B)
Class com.google.common.collect.AbstractIndexedListIterator                           : loaded 2 times (x 94B)
Class com.google.common.base.CharMatcher$None                                         : loaded 2 times (x 110B)
Class org.gradle.api.internal.classpath.EffectiveClassPath                            : loaded 2 times (x 88B)
Class com.google.common.collect.UnmodifiableListIterator                              : loaded 2 times (x 93B)
Class kotlin.jvm.internal.DefaultConstructorMarker                                    : loaded 2 times (x 69B)
Class com.google.common.collect.ImmutableList$1                                       : loaded 2 times (x 95B)
Class com.google.common.base.Splitter$Strategy                                        : loaded 2 times (x 68B)
Class org.jetbrains.kotlin.idea.gradleTooling.model.annotation.AnnotationBasedPluginModel: loaded 2 times (x 68B)
Class org.jetbrains.kotlin.idea.gradleTooling.model.assignment.AssignmentModel        : loaded 2 times (x 68B)
Class org.gradle.internal.installation.CurrentGradleInstallation                      : loaded 2 times (x 71B)
Class org.gradle.internal.agents.InstrumentingClassLoader                             : loaded 2 times (x 68B)
Class org.gradle.internal.installation.CurrentGradleInstallationLocator               : loaded 2 times (x 69B)
Class org.gradle.api.internal.classpath.Module                                        : loaded 2 times (x 68B)
Class com.google.common.base.Splitter$1$1                                             : loaded 2 times (x 84B)
Class org.gradle.internal.service.CachingServiceLocator                               : loaded 2 times (x 80B)
Class org.gradle.internal.time.Timer                                                  : loaded 2 times (x 68B)
Class org.jetbrains.kotlin.idea.gradleTooling.KotlinDslScriptAdditionalTask           : loaded 2 times (x 68B)
Class org.jetbrains.plugins.gradle.model.tests.ExternalTestsModel                     : loaded 2 times (x 68B)
Class org.gradle.internal.classpath.DefaultClassPath                                  : loaded 2 times (x 88B)
Class com.google.common.base.Splitter$SplittingIterator                               : loaded 2 times (x 82B)
Class com.intellij.openapi.externalSystem.model.project.dependencies.ProjectDependencies: loaded 2 times (x 68B)
Class org.jetbrains.kotlin.idea.gradleTooling.PrepareKotlinIdeImportTaskModel         : loaded 2 times (x 68B)
Class org.gradle.internal.impldep.com.google.common.base.Preconditions                : loaded 2 times (x 69B)
Class kotlin.jvm.functions.Function1                                                  : loaded 2 times (x 68B)
Class com.google.common.base.CharMatcher$Is                                           : loaded 2 times (x 109B)
Class com.google.common.collect.RegularImmutableAsList                                : loaded 2 times (x 176B)
Class org.gradle.internal.time.Time                                                   : loaded 2 times (x 69B)
Class org.gradle.internal.time.TimeSource$1                                           : loaded 2 times (x 75B)
Class org.gradle.internal.classloader.SystemClassLoaderSpec                           : loaded 2 times (x 69B)
Class [Lcom.google.common.base.AbstractIterator$State;                                : loaded 2 times (x 67B)
Class com.google.common.base.AbstractIterator                                         : loaded 2 times (x 78B)
Class com.google.common.base.AbstractIterator$1                                       : loaded 2 times (x 69B)
Class kotlin.Function                                                                 : loaded 2 times (x 68B)
Class com.google.common.base.CharMatcher$1                                            : loaded 2 times (x 111B)
Class com.google.common.base.CharMatcher$Ascii                                        : loaded 2 times (x 110B)
Class org.gradle.api.UncheckedIOException                                             : loaded 2 times (x 80B)
Class com.google.common.base.CharMatcher$And                                          : loaded 2 times (x 110B)
Class com.google.common.base.CharMatcher$Any                                          : loaded 2 times (x 110B)
Class org.gradle.api.internal.ClassPathProvider                                       : loaded 2 times (x 68B)
Class com.google.common.base.CharMatcher$RangesMatcher                                : loaded 2 times (x 110B)
Class org.gradle.tooling.internal.gradle.GradleProjectIdentity                        : loaded 2 times (x 68B)
Class com.google.common.collect.ImmutableList$SubList                                 : loaded 2 times (x 168B)
Class org.gradle.internal.time.CountdownTimer                                         : loaded 2 times (x 68B)
Class org.gradle.internal.time.Clock                                                  : loaded 2 times (x 68B)
Class org.gradle.internal.classloader.ClasspathUtil                                   : loaded 2 times (x 69B)
Class org.gradle.tooling.model.BuildIdentifier                                        : loaded 2 times (x 68B)
Class com.google.common.base.Splitter$1                                               : loaded 2 times (x 75B)
Class org.gradle.api.internal.DefaultClassPathRegistry                                : loaded 2 times (x 74B)
Class org.gradle.api.internal.classpath.DefaultModuleRegistry$DefaultModule           : loaded 2 times (x 84B)
Class com.google.common.base.CharMatcher$JavaIsoControl                               : loaded 2 times (x 110B)
Class sync_studio_tooling46734_224pg9cb6zm7j231xzbfxm1mg$_run_closure1                : loaded 2 times (x 134B)
Class com.google.common.base.CharMatcher$Or                                           : loaded 2 times (x 110B)
Class org.gradle.internal.time.TimeSource                                             : loaded 2 times (x 68B)
Class org.jetbrains.kotlin.android.synthetic.idea.AndroidExtensionsGradleModel        : loaded 2 times (x 68B)
Class com.google.common.base.CharMatcher$JavaLowerCase                                : loaded 2 times (x 109B)
Class org.gradle.api.internal.classpath.UnknownModuleException                        : loaded 2 times (x 80B)
Class com.google.common.base.CommonPattern                                            : loaded 2 times (x 72B)
Class org.jetbrains.plugins.gradle.model.IntelliJProjectSettings                      : loaded 2 times (x 68B)
Class org.gradle.internal.service.ServiceLookupException                              : loaded 2 times (x 80B)
Class org.gradle.cache.GlobalCache                                                    : loaded 2 times (x 68B)
Class org.jetbrains.kotlin.idea.gradleTooling.model.lombok.LombokModel                : loaded 2 times (x 68B)
Class org.gradle.tooling.model.ProjectIdentifier                                      : loaded 2 times (x 68B)
Class com.google.common.base.CharMatcher$NegatedFastMatcher                           : loaded 2 times (x 111B)
Class [Lorg.gradle.api.internal.ClassPathProvider;                                    : loaded 2 times (x 67B)
Class org.gradle.internal.operations.MultipleBuildOperationFailures                   : loaded 2 times (x 85B)
Class org.gradle.util.internal.GUtil                                                  : loaded 2 times (x 69B)
Class org.jetbrains.plugins.gradle.model.AnnotationProcessingModel                    : loaded 2 times (x 68B)
Class org.gradle.internal.classloader.ClassLoaderSpec                                 : loaded 2 times (x 69B)
Class com.google.common.base.NullnessCasts                                            : loaded 2 times (x 69B)
Class com.google.common.base.CharMatcher$Negated                                      : loaded 2 times (x 111B)
Class org.jetbrains.plugins.gradle.model.BuildScriptClasspathModel                    : loaded 2 times (x 68B)
Class com.google.common.base.CharMatcher$ForPredicate                                 : loaded 2 times (x 110B)
Class org.gradle.internal.classloader.VisitableURLClassLoader                         : loaded 2 times (x 114B)
Class org.gradle.internal.installation.GradleInstallation                             : loaded 2 times (x 73B)
Class org.gradle.api.internal.ClassPathRegistry                                       : loaded 2 times (x 68B)
Class org.gradle.internal.classloader.VisitableURLClassLoader$InstrumentingVisitableURLClassLoader: loaded 2 times (x 120B)
Class org.gradle.internal.classloader.ClassLoaderHierarchy                            : loaded 2 times (x 68B)
Class org.gradle.internal.exceptions.MultiCauseException                              : loaded 2 times (x 68B)
Class org.jetbrains.kotlin.idea.gradleTooling.model.parcelize.ParcelizeGradleModel    : loaded 2 times (x 68B)
Class com.google.common.base.AbstractIterator$State                                   : loaded 2 times (x 77B)
Class com.google.common.base.CharMatcher$NamedFastMatcher                             : loaded 2 times (x 110B)
Class org.gradle.internal.InternalTransformer                                         : loaded 2 times (x 68B)
Class org.jetbrains.kotlin.idea.gradleTooling.model.noarg.NoArgModel                  : loaded 2 times (x 68B)
Class org.jetbrains.kotlin.idea.gradleTooling.KotlinGradleModel                       : loaded 2 times (x 68B)
Class org.gradle.tooling.internal.gradle.DefaultBuildIdentifier                       : loaded 2 times (x 77B)
Class org.gradle.internal.service.ServiceLocator                                      : loaded 2 times (x 68B)
Class Settings_gradle$1                                                               : loaded 2 times (x 72B)
Class ijinit1_c86vyxyl33a5ovcy1kdp0571                                                : loaded 2 times (x 177B)
Class org.jetbrains.kotlin.idea.gradleTooling.model.allopen.AllOpenModel              : loaded 2 times (x 68B)
Class sync_studio_tooling46734_224pg9cb6zm7j231xzbfxm1mg                              : loaded 2 times (x 177B)
Class com.google.common.base.CharMatcher$Invisible                                    : loaded 2 times (x 110B)
Class com.google.common.base.CharMatcher$FastMatcher                                  : loaded 2 times (x 109B)
Class org.gradle.internal.classpath.DefaultClassPath$ImmutableUniqueList              : loaded 2 times (x 159B)
Class org.gradle.internal.time.DefaultTimer                                           : loaded 2 times (x 78B)
Class com.google.common.base.CharMatcher$JavaLetter                                   : loaded 2 times (x 109B)
Class org.gradle.internal.classpath.TransformedClassPath                              : loaded 2 times (x 94B)
Class Settings_gradle                                                                 : loaded 2 times (x 126B)
Class com.google.common.collect.ImmutableAsList                                       : loaded 2 times (x 169B)
Class com.google.common.base.CharMatcher$AnyOf                                        : loaded 2 times (x 110B)
Class com.google.common.base.CharMatcher$IsEither                                     : loaded 2 times (x 109B)
Class com.google.common.collect.RegularImmutableList                                  : loaded 2 times (x 172B)
Class com.google.common.base.CharMatcher$JavaUpperCase                                : loaded 2 times (x 109B)


---------------  S Y S T E M  ---------------

OS:
 Windows 10 , 64 bit Build 19041 (10.0.19041.3636)
OS uptime: 20 days 22:11 hours

CPU: total 12 (initial active 12) (12 cores per cpu, 2 threads per core) family 23 model 96 stepping 1 microcode 0x0, cx8, cmov, fxsr, ht, mmx, 3dnowpref, sse, sse2, sse3, ssse3, sse4a, sse4.1, sse4.2, popcnt, lzcnt, tsc, tscinvbit, avx, avx2, aes, clmul, bmi1, bmi2, adx, sha, fma, vzeroupper, clflush, clflushopt

Memory: 4k page, system-wide physical 7598M (344M free)
TotalPageFile size 26348M (AvailPageFile size 8M)
current process WorkingSet (physical memory assigned to process): 330M, peak: 330M
current process commit charge ("private bytes"): 372M, peak: 376M

vm_info: OpenJDK 64-Bit Server VM (17.0.7+0-b2043.56-10550314) for windows-amd64 JRE (17.0.7+0-b2043.56-10550314), built on Jul 24 2023 18:27:45 by "androidbuild" with MS VC++ 16.10 / 16.11 (VS2019)

END.
